<?xml version="1.0" encoding="UTF-8"?>
<!-- Generated by org.testng.reporters.JUnitXMLReporter -->
<testsuite ignored="14" hostname="Vailexa-Lavanya" failures="19" tests="191" name="Test" time="939.065" errors="0" timestamp="2023-08-19T17:06:01 IST">
  <testcase classname="com.TestCases.AdminHomePageTest" name="@BeforeMethod adminHomePage_SetUp" time="107.603">
    <failure type="org.openqa.selenium.NoSuchElementException" message="no such element: Unable to locate element: {&amp;quot;method&amp;quot;:&amp;quot;xpath&amp;quot;,&amp;quot;selector&amp;quot;:&amp;quot;//*[@type=&amp;apos;email&amp;apos;]&amp;quot;}
  (Session info: chrome=115.0.5790.173)
For documentation on this error, please visit: https://www.seleniumhq.org/exceptions/no_such_element.html
Build info: version: &amp;apos;3.141.59&amp;apos;, revision: &amp;apos;e82be7d358&amp;apos;, time: &amp;apos;2018-11-14T08:17:03&amp;apos;
System info: host: &amp;apos;VAILEXA-LAVANYA&amp;apos;, ip: &amp;apos;192.168.1.6&amp;apos;, os.name: &amp;apos;Windows 11&amp;apos;, os.arch: &amp;apos;amd64&amp;apos;, os.version: &amp;apos;10.0&amp;apos;, java.version: &amp;apos;17.0.6&amp;apos;
Driver info: org.openqa.selenium.chrome.ChromeDriver
Capabilities {acceptInsecureCerts: false, browserName: chrome, browserVersion: 115.0.5790.173, chrome: {chromedriverVersion: 114.0.5735.90 (386bc09e8f4f..., userDataDir: C:\Users\91900\AppData\Loca...}, goog:chromeOptions: {debuggerAddress: localhost:56188}, javascriptEnabled: true, networkConnectionEnabled: false, pageLoadStrategy: normal, platform: WINDOWS, platformName: WINDOWS, proxy: Proxy(), setWindowRect: true, strictFileInteractability: false, timeouts: {implicit: 0, pageLoad: 300000, script: 30000}, unhandledPromptBehavior: dismiss and notify, webauthn:extension:credBlob: true, webauthn:extension:largeBlob: true, webauthn:extension:minPinLength: true, webauthn:extension:prf: true, webauthn:virtualAuthenticators: true}
Session ID: da87ee441c54094685df9c7ef170ad71
*** Element info: {Using=xpath, value=//*[@type=&amp;apos;email&amp;apos;]}">
      <![CDATA[org.openqa.selenium.NoSuchElementException: no such element: Unable to locate element: {"method":"xpath","selector":"//*[@type='email']"}
  (Session info: chrome=115.0.5790.173)
For documentation on this error, please visit: https://www.seleniumhq.org/exceptions/no_such_element.html
Build info: version: '3.141.59', revision: 'e82be7d358', time: '2018-11-14T08:17:03'
System info: host: 'VAILEXA-LAVANYA', ip: '192.168.1.6', os.name: 'Windows 11', os.arch: 'amd64', os.version: '10.0', java.version: '17.0.6'
Driver info: org.openqa.selenium.chrome.ChromeDriver
Capabilities {acceptInsecureCerts: false, browserName: chrome, browserVersion: 115.0.5790.173, chrome: {chromedriverVersion: 114.0.5735.90 (386bc09e8f4f..., userDataDir: C:\Users\91900\AppData\Loca...}, goog:chromeOptions: {debuggerAddress: localhost:56188}, javascriptEnabled: true, networkConnectionEnabled: false, pageLoadStrategy: normal, platform: WINDOWS, platformName: WINDOWS, proxy: Proxy(), setWindowRect: true, strictFileInteractability: false, timeouts: {implicit: 0, pageLoad: 300000, script: 30000}, unhandledPromptBehavior: dismiss and notify, webauthn:extension:credBlob: true, webauthn:extension:largeBlob: true, webauthn:extension:minPinLength: true, webauthn:extension:prf: true, webauthn:virtualAuthenticators: true}
Session ID: da87ee441c54094685df9c7ef170ad71
*** Element info: {Using=xpath, value=//*[@type='email']}
at org.openqa.selenium.remote.http.W3CHttpResponseCodec.createException(W3CHttpResponseCodec.java:187)
at org.openqa.selenium.remote.http.W3CHttpResponseCodec.decode(W3CHttpResponseCodec.java:122)
at org.openqa.selenium.remote.http.W3CHttpResponseCodec.decode(W3CHttpResponseCodec.java:49)
at org.openqa.selenium.remote.HttpCommandExecutor.execute(HttpCommandExecutor.java:158)
at org.openqa.selenium.remote.service.DriverCommandExecutor.execute(DriverCommandExecutor.java:83)
at org.openqa.selenium.remote.RemoteWebDriver.execute(RemoteWebDriver.java:552)
at org.openqa.selenium.remote.RemoteWebDriver.findElement(RemoteWebDriver.java:323)
at org.openqa.selenium.remote.RemoteWebDriver.findElementByXPath(RemoteWebDriver.java:428)
at org.openqa.selenium.By$ByXPath.findElement(By.java:353)
at org.openqa.selenium.remote.RemoteWebDriver.findElement(RemoteWebDriver.java:315)
at org.openqa.selenium.support.pagefactory.DefaultElementLocator.findElement(DefaultElementLocator.java:69)
at org.openqa.selenium.support.pagefactory.internal.LocatingElementHandler.invoke(LocatingElementHandler.java:38)
at jdk.proxy2/jdk.proxy2.$Proxy14.sendKeys(Unknown Source)
at com.WebPages.LoginPage.adminLogin(LoginPage.java:101)
at com.TestCases.AdminHomePageTest.adminHomePage_SetUp(AdminHomePageTest.java:60)
at java.base/java.util.ArrayList.forEach(ArrayList.java:1511)
... Removed 35 stack frames]]>
    </failure>
  </testcase> <!-- @BeforeMethod adminHomePage_SetUp -->
  <testcase classname="com.TestCases.AdminHomePageTest" name="@AfterMethod adminHomePage_TearDown" time="0.0">
    <skipped/>
  </testcase> <!-- @AfterMethod adminHomePage_TearDown -->
  <testcase classname="com.TestCases.DashboardPageTest" name="@BeforeMethod dashboardPage_SetUp" time="0.416">
    <failure type="io.github.bonigarcia.wdm.config.WebDriverManagerException" message="io.github.bonigarcia.wdm.config.WebDriverManagerException: java.net.UnknownHostException: chromedriver.storage.googleapis.com">
      <![CDATA[io.github.bonigarcia.wdm.config.WebDriverManagerException: io.github.bonigarcia.wdm.config.WebDriverManagerException: java.net.UnknownHostException: chromedriver.storage.googleapis.com
at io.github.bonigarcia.wdm.WebDriverManager.handleException(WebDriverManager.java:1423)
at io.github.bonigarcia.wdm.WebDriverManager.manage(WebDriverManager.java:1204)
at io.github.bonigarcia.wdm.WebDriverManager.fallback(WebDriverManager.java:1439)
at io.github.bonigarcia.wdm.WebDriverManager.handleException(WebDriverManager.java:1420)
at io.github.bonigarcia.wdm.WebDriverManager.manage(WebDriverManager.java:1204)
at io.github.bonigarcia.wdm.WebDriverManager.handleException(WebDriverManager.java:1413)
at io.github.bonigarcia.wdm.WebDriverManager.manage(WebDriverManager.java:1204)
at io.github.bonigarcia.wdm.WebDriverManager.setup(WebDriverManager.java:419)
at com.Base.Base.setUp(Base.java:44)
at com.TestCases.DashboardPageTest.dashboardPage_SetUp(DashboardPageTest.java:26)
at java.base/java.util.ArrayList.forEach(ArrayList.java:1511)
Caused by: io.github.bonigarcia.wdm.config.WebDriverManagerException: java.net.UnknownHostException: chromedriver.storage.googleapis.com
at io.github.bonigarcia.wdm.WebDriverManager.getDriversFromXml(WebDriverManager.java:1577)
at io.github.bonigarcia.wdm.managers.ChromeDriverManager.getDriverUrls(ChromeDriverManager.java:106)
at io.github.bonigarcia.wdm.WebDriverManager.createUrlHandler(WebDriverManager.java:1444)
at io.github.bonigarcia.wdm.WebDriverManager.download(WebDriverManager.java:1279)
at io.github.bonigarcia.wdm.WebDriverManager.manage(WebDriverManager.java:1198)
... 40 more
Caused by: java.net.UnknownHostException: chromedriver.storage.googleapis.com
at java.base/java.net.InetAddress$CachedAddresses.get(InetAddress.java:801)
at java.base/java.net.InetAddress.getAllByName0(InetAddress.java:1524)
at java.base/java.net.InetAddress.getAllByName(InetAddress.java:1381)
at java.base/java.net.InetAddress.getAllByName(InetAddress.java:1305)
at org.apache.hc.client5.http.SystemDefaultDnsResolver.resolve(SystemDefaultDnsResolver.java:43)
at org.apache.hc.client5.http.impl.io.DefaultHttpClientConnectionOperator.connect(DefaultHttpClientConnectionOperator.java:141)
at org.apache.hc.client5.http.impl.io.PoolingHttpClientConnectionManager.connect(PoolingHttpClientConnectionManager.java:447)
at org.apache.hc.client5.http.impl.classic.InternalExecRuntime.connectEndpoint(InternalExecRuntime.java:162)
at org.apache.hc.client5.http.impl.classic.InternalExecRuntime.connectEndpoint(InternalExecRuntime.java:172)
at org.apache.hc.client5.http.impl.classic.ConnectExec.execute(ConnectExec.java:142)
at org.apache.hc.client5.http.impl.classic.ExecChainElement.execute(ExecChainElement.java:51)
at org.apache.hc.client5.http.impl.classic.ProtocolExec.execute(ProtocolExec.java:192)
at org.apache.hc.client5.http.impl.classic.ExecChainElement.execute(ExecChainElement.java:51)
at org.apache.hc.client5.http.impl.classic.HttpRequestRetryExec.execute(HttpRequestRetryExec.java:96)
at org.apache.hc.client5.http.impl.classic.ExecChainElement.execute(ExecChainElement.java:51)
at org.apache.hc.client5.http.impl.classic.ContentCompressionExec.execute(ContentCompressionExec.java:152)
at org.apache.hc.client5.http.impl.classic.ExecChainElement.execute(ExecChainElement.java:51)
at org.apache.hc.client5.http.impl.classic.RedirectExec.execute(RedirectExec.java:115)
at org.apache.hc.client5.http.impl.classic.ExecChainElement.execute(ExecChainElement.java:51)
at org.apache.hc.client5.http.impl.classic.InternalHttpClient.doExecute(InternalHttpClient.java:170)
at org.apache.hc.client5.http.impl.classic.CloseableHttpClient.execute(CloseableHttpClient.java:87)
at org.apache.hc.client5.http.impl.classic.CloseableHttpClient.execute(CloseableHttpClient.java:55)
at org.apache.hc.client5.http.classic.HttpClient.executeOpen(HttpClient.java:183)
at io.github.bonigarcia.wdm.online.HttpClient.execute(HttpClient.java:162)
at io.github.bonigarcia.wdm.WebDriverManager.getDriversFromXml(WebDriverManager.java:1562)
... 44 more
... Removed 31 stack frames]]>
    </failure>
  </testcase> <!-- @BeforeMethod dashboardPage_SetUp -->
  <testcase classname="com.TestCases.DashboardPageTest" name="@AfterMethod dashboardPage_TearDown" time="0.0">
    <skipped/>
  </testcase> <!-- @AfterMethod dashboardPage_TearDown -->
  <testcase classname="com.TestCases.DashboardPageTest" name="@BeforeMethod dashboardPage_SetUp" time="0.0">
    <skipped/>
  </testcase> <!-- @BeforeMethod dashboardPage_SetUp -->
  <testcase classname="com.TestCases.DashboardPageTest" name="@AfterMethod dashboardPage_TearDown" time="0.0">
    <skipped/>
  </testcase> <!-- @AfterMethod dashboardPage_TearDown -->
  <testcase classname="com.TestCases.DashboardPageTest" name="@BeforeMethod dashboardPage_SetUp" time="0.0">
    <skipped/>
  </testcase> <!-- @BeforeMethod dashboardPage_SetUp -->
  <testcase classname="com.TestCases.DashboardPageTest" name="@AfterMethod dashboardPage_TearDown" time="0.0">
    <skipped/>
  </testcase> <!-- @AfterMethod dashboardPage_TearDown -->
  <testcase classname="com.TestCases.DashboardPageTest" name="@BeforeMethod dashboardPage_SetUp" time="0.0">
    <skipped/>
  </testcase> <!-- @BeforeMethod dashboardPage_SetUp -->
  <testcase classname="com.TestCases.DashboardPageTest" name="@AfterMethod dashboardPage_TearDown" time="0.0">
    <skipped/>
  </testcase> <!-- @AfterMethod dashboardPage_TearDown -->
  <testcase classname="com.TestCases.DashboardPageTest" name="@BeforeMethod dashboardPage_SetUp" time="0.0">
    <skipped/>
  </testcase> <!-- @BeforeMethod dashboardPage_SetUp -->
  <testcase classname="com.TestCases.DashboardPageTest" name="@AfterMethod dashboardPage_TearDown" time="0.0">
    <skipped/>
  </testcase> <!-- @AfterMethod dashboardPage_TearDown -->
  <testcase classname="com.TestCases.DashboardPageTest" name="@BeforeMethod dashboardPage_SetUp" time="0.0">
    <skipped/>
  </testcase> <!-- @BeforeMethod dashboardPage_SetUp -->
  <testcase classname="com.TestCases.DashboardPageTest" name="@AfterMethod dashboardPage_TearDown" time="0.0">
    <skipped/>
  </testcase> <!-- @AfterMethod dashboardPage_TearDown -->
  <testcase classname="com.TestCases.DashboardPageTest" name="@BeforeMethod dashboardPage_SetUp" time="0.0">
    <skipped/>
  </testcase> <!-- @BeforeMethod dashboardPage_SetUp -->
  <testcase classname="com.TestCases.DashboardPageTest" name="@AfterMethod dashboardPage_TearDown" time="0.0">
    <skipped/>
  </testcase> <!-- @AfterMethod dashboardPage_TearDown -->
  <testcase classname="com.TestCases.DashboardPageTest" name="@BeforeMethod dashboardPage_SetUp" time="0.0">
    <skipped/>
  </testcase> <!-- @BeforeMethod dashboardPage_SetUp -->
  <testcase classname="com.TestCases.DashboardPageTest" name="@AfterMethod dashboardPage_TearDown" time="0.0">
    <skipped/>
  </testcase> <!-- @AfterMethod dashboardPage_TearDown -->
  <testcase classname="com.TestCases.DashboardPageTest" name="@BeforeMethod dashboardPage_SetUp" time="0.0">
    <skipped/>
  </testcase> <!-- @BeforeMethod dashboardPage_SetUp -->
  <testcase classname="com.TestCases.DashboardPageTest" name="@AfterMethod dashboardPage_TearDown" time="0.0">
    <skipped/>
  </testcase> <!-- @AfterMethod dashboardPage_TearDown -->
  <testcase classname="com.TestCases.DashboardPageTest" name="@BeforeMethod dashboardPage_SetUp" time="0.0">
    <skipped/>
  </testcase> <!-- @BeforeMethod dashboardPage_SetUp -->
  <testcase classname="com.TestCases.DashboardPageTest" name="@AfterMethod dashboardPage_TearDown" time="0.0">
    <skipped/>
  </testcase> <!-- @AfterMethod dashboardPage_TearDown -->
  <testcase classname="com.TestCases.DashboardPageTest" name="@BeforeMethod dashboardPage_SetUp" time="0.0">
    <skipped/>
  </testcase> <!-- @BeforeMethod dashboardPage_SetUp -->
  <testcase classname="com.TestCases.DashboardPageTest" name="@AfterMethod dashboardPage_TearDown" time="0.0">
    <skipped/>
  </testcase> <!-- @AfterMethod dashboardPage_TearDown -->
  <testcase classname="com.TestCases.ForgotPasswordPageTest" name="@BeforeMethod forgotPasswordPage_SetUp" time="0.408">
    <failure type="io.github.bonigarcia.wdm.config.WebDriverManagerException" message="io.github.bonigarcia.wdm.config.WebDriverManagerException: java.net.UnknownHostException: chromedriver.storage.googleapis.com">
      <![CDATA[io.github.bonigarcia.wdm.config.WebDriverManagerException: io.github.bonigarcia.wdm.config.WebDriverManagerException: java.net.UnknownHostException: chromedriver.storage.googleapis.com
at io.github.bonigarcia.wdm.WebDriverManager.handleException(WebDriverManager.java:1423)
at io.github.bonigarcia.wdm.WebDriverManager.manage(WebDriverManager.java:1204)
at io.github.bonigarcia.wdm.WebDriverManager.fallback(WebDriverManager.java:1439)
at io.github.bonigarcia.wdm.WebDriverManager.handleException(WebDriverManager.java:1420)
at io.github.bonigarcia.wdm.WebDriverManager.manage(WebDriverManager.java:1204)
at io.github.bonigarcia.wdm.WebDriverManager.handleException(WebDriverManager.java:1413)
at io.github.bonigarcia.wdm.WebDriverManager.manage(WebDriverManager.java:1204)
at io.github.bonigarcia.wdm.WebDriverManager.setup(WebDriverManager.java:419)
at com.Base.Base.setUp(Base.java:44)
at com.TestCases.ForgotPasswordPageTest.forgotPasswordPage_SetUp(ForgotPasswordPageTest.java:25)
at java.base/java.util.ArrayList.forEach(ArrayList.java:1511)
Caused by: io.github.bonigarcia.wdm.config.WebDriverManagerException: java.net.UnknownHostException: chromedriver.storage.googleapis.com
at io.github.bonigarcia.wdm.WebDriverManager.getDriversFromXml(WebDriverManager.java:1577)
at io.github.bonigarcia.wdm.managers.ChromeDriverManager.getDriverUrls(ChromeDriverManager.java:106)
at io.github.bonigarcia.wdm.WebDriverManager.createUrlHandler(WebDriverManager.java:1444)
at io.github.bonigarcia.wdm.WebDriverManager.download(WebDriverManager.java:1279)
at io.github.bonigarcia.wdm.WebDriverManager.manage(WebDriverManager.java:1198)
... 40 more
Caused by: java.net.UnknownHostException: chromedriver.storage.googleapis.com
at java.base/java.net.InetAddress$CachedAddresses.get(InetAddress.java:801)
at java.base/java.net.InetAddress.getAllByName0(InetAddress.java:1524)
at java.base/java.net.InetAddress.getAllByName(InetAddress.java:1381)
at java.base/java.net.InetAddress.getAllByName(InetAddress.java:1305)
at org.apache.hc.client5.http.SystemDefaultDnsResolver.resolve(SystemDefaultDnsResolver.java:43)
at org.apache.hc.client5.http.impl.io.DefaultHttpClientConnectionOperator.connect(DefaultHttpClientConnectionOperator.java:141)
at org.apache.hc.client5.http.impl.io.PoolingHttpClientConnectionManager.connect(PoolingHttpClientConnectionManager.java:447)
at org.apache.hc.client5.http.impl.classic.InternalExecRuntime.connectEndpoint(InternalExecRuntime.java:162)
at org.apache.hc.client5.http.impl.classic.InternalExecRuntime.connectEndpoint(InternalExecRuntime.java:172)
at org.apache.hc.client5.http.impl.classic.ConnectExec.execute(ConnectExec.java:142)
at org.apache.hc.client5.http.impl.classic.ExecChainElement.execute(ExecChainElement.java:51)
at org.apache.hc.client5.http.impl.classic.ProtocolExec.execute(ProtocolExec.java:192)
at org.apache.hc.client5.http.impl.classic.ExecChainElement.execute(ExecChainElement.java:51)
at org.apache.hc.client5.http.impl.classic.HttpRequestRetryExec.execute(HttpRequestRetryExec.java:96)
at org.apache.hc.client5.http.impl.classic.ExecChainElement.execute(ExecChainElement.java:51)
at org.apache.hc.client5.http.impl.classic.ContentCompressionExec.execute(ContentCompressionExec.java:152)
at org.apache.hc.client5.http.impl.classic.ExecChainElement.execute(ExecChainElement.java:51)
at org.apache.hc.client5.http.impl.classic.RedirectExec.execute(RedirectExec.java:115)
at org.apache.hc.client5.http.impl.classic.ExecChainElement.execute(ExecChainElement.java:51)
at org.apache.hc.client5.http.impl.classic.InternalHttpClient.doExecute(InternalHttpClient.java:170)
at org.apache.hc.client5.http.impl.classic.CloseableHttpClient.execute(CloseableHttpClient.java:87)
at org.apache.hc.client5.http.impl.classic.CloseableHttpClient.execute(CloseableHttpClient.java:55)
at org.apache.hc.client5.http.classic.HttpClient.executeOpen(HttpClient.java:183)
at io.github.bonigarcia.wdm.online.HttpClient.execute(HttpClient.java:162)
at io.github.bonigarcia.wdm.WebDriverManager.getDriversFromXml(WebDriverManager.java:1562)
... 44 more
... Removed 31 stack frames]]>
    </failure>
  </testcase> <!-- @BeforeMethod forgotPasswordPage_SetUp -->
  <testcase classname="com.TestCases.ForgotPasswordPageTest" name="@AfterMethod forgotPasswordPage_TearDown" time="0.0">
    <skipped/>
  </testcase> <!-- @AfterMethod forgotPasswordPage_TearDown -->
  <testcase classname="com.TestCases.ForgotPasswordPageTest" name="@BeforeMethod forgotPasswordPage_SetUp" time="0.0">
    <skipped/>
  </testcase> <!-- @BeforeMethod forgotPasswordPage_SetUp -->
  <testcase classname="com.TestCases.ForgotPasswordPageTest" name="@AfterMethod forgotPasswordPage_TearDown" time="0.0">
    <skipped/>
  </testcase> <!-- @AfterMethod forgotPasswordPage_TearDown -->
  <testcase classname="com.TestCases.ForgotPasswordPageTest" name="@BeforeMethod forgotPasswordPage_SetUp" time="0.0">
    <skipped/>
  </testcase> <!-- @BeforeMethod forgotPasswordPage_SetUp -->
  <testcase classname="com.TestCases.ForgotPasswordPageTest" name="@AfterMethod forgotPasswordPage_TearDown" time="0.0">
    <skipped/>
  </testcase> <!-- @AfterMethod forgotPasswordPage_TearDown -->
  <testcase classname="com.TestCases.ForgotPasswordPageTest" name="@BeforeMethod forgotPasswordPage_SetUp" time="0.0">
    <skipped/>
  </testcase> <!-- @BeforeMethod forgotPasswordPage_SetUp -->
  <testcase classname="com.TestCases.ForgotPasswordPageTest" name="@AfterMethod forgotPasswordPage_TearDown" time="0.0">
    <skipped/>
  </testcase> <!-- @AfterMethod forgotPasswordPage_TearDown -->
  <testcase classname="com.TestCases.ForgotPasswordPageTest" name="@BeforeMethod forgotPasswordPage_SetUp" time="0.0">
    <skipped/>
  </testcase> <!-- @BeforeMethod forgotPasswordPage_SetUp -->
  <testcase classname="com.TestCases.ForgotPasswordPageTest" name="@AfterMethod forgotPasswordPage_TearDown" time="0.0">
    <skipped/>
  </testcase> <!-- @AfterMethod forgotPasswordPage_TearDown -->
  <testcase classname="com.TestCases.ForgotPasswordPageTest" name="@BeforeMethod forgotPasswordPage_SetUp" time="0.0">
    <skipped/>
  </testcase> <!-- @BeforeMethod forgotPasswordPage_SetUp -->
  <testcase classname="com.TestCases.ForgotPasswordPageTest" name="@AfterMethod forgotPasswordPage_TearDown" time="0.0">
    <skipped/>
  </testcase> <!-- @AfterMethod forgotPasswordPage_TearDown -->
  <testcase classname="com.TestCases.ForgotPasswordPageTest" name="@BeforeMethod forgotPasswordPage_SetUp" time="0.0">
    <skipped/>
  </testcase> <!-- @BeforeMethod forgotPasswordPage_SetUp -->
  <testcase classname="com.TestCases.ForgotPasswordPageTest" name="@AfterMethod forgotPasswordPage_TearDown" time="0.0">
    <skipped/>
  </testcase> <!-- @AfterMethod forgotPasswordPage_TearDown -->
  <testcase classname="com.TestCases.ForgotPasswordPageTest" name="@BeforeMethod forgotPasswordPage_SetUp" time="0.0">
    <skipped/>
  </testcase> <!-- @BeforeMethod forgotPasswordPage_SetUp -->
  <testcase classname="com.TestCases.ForgotPasswordPageTest" name="@AfterMethod forgotPasswordPage_TearDown" time="0.0">
    <skipped/>
  </testcase> <!-- @AfterMethod forgotPasswordPage_TearDown -->
  <testcase classname="com.TestCases.ForgotPasswordPageTest" name="@BeforeMethod forgotPasswordPage_SetUp" time="0.0">
    <skipped/>
  </testcase> <!-- @BeforeMethod forgotPasswordPage_SetUp -->
  <testcase classname="com.TestCases.ForgotPasswordPageTest" name="@AfterMethod forgotPasswordPage_TearDown" time="0.0">
    <skipped/>
  </testcase> <!-- @AfterMethod forgotPasswordPage_TearDown -->
  <testcase classname="com.TestCases.ForgotPasswordPageTest" name="@BeforeMethod forgotPasswordPage_SetUp" time="0.0">
    <skipped/>
  </testcase> <!-- @BeforeMethod forgotPasswordPage_SetUp -->
  <testcase classname="com.TestCases.ForgotPasswordPageTest" name="@AfterMethod forgotPasswordPage_TearDown" time="0.0">
    <skipped/>
  </testcase> <!-- @AfterMethod forgotPasswordPage_TearDown -->
  <testcase classname="com.TestCases.AddCompanyPageTest" name="@BeforeMethod addCompaniesPage_SetUp" time="0.399">
    <failure type="io.github.bonigarcia.wdm.config.WebDriverManagerException" message="io.github.bonigarcia.wdm.config.WebDriverManagerException: java.net.UnknownHostException: chromedriver.storage.googleapis.com">
      <![CDATA[io.github.bonigarcia.wdm.config.WebDriverManagerException: io.github.bonigarcia.wdm.config.WebDriverManagerException: java.net.UnknownHostException: chromedriver.storage.googleapis.com
at io.github.bonigarcia.wdm.WebDriverManager.handleException(WebDriverManager.java:1423)
at io.github.bonigarcia.wdm.WebDriverManager.manage(WebDriverManager.java:1204)
at io.github.bonigarcia.wdm.WebDriverManager.fallback(WebDriverManager.java:1439)
at io.github.bonigarcia.wdm.WebDriverManager.handleException(WebDriverManager.java:1420)
at io.github.bonigarcia.wdm.WebDriverManager.manage(WebDriverManager.java:1204)
at io.github.bonigarcia.wdm.WebDriverManager.handleException(WebDriverManager.java:1413)
at io.github.bonigarcia.wdm.WebDriverManager.manage(WebDriverManager.java:1204)
at io.github.bonigarcia.wdm.WebDriverManager.setup(WebDriverManager.java:419)
at com.Base.Base.setUp(Base.java:44)
at com.TestCases.AddCompanyPageTest.addCompaniesPage_SetUp(AddCompanyPageTest.java:52)
at java.base/java.util.ArrayList.forEach(ArrayList.java:1511)
Caused by: io.github.bonigarcia.wdm.config.WebDriverManagerException: java.net.UnknownHostException: chromedriver.storage.googleapis.com
at io.github.bonigarcia.wdm.WebDriverManager.getDriversFromXml(WebDriverManager.java:1577)
at io.github.bonigarcia.wdm.managers.ChromeDriverManager.getDriverUrls(ChromeDriverManager.java:106)
at io.github.bonigarcia.wdm.WebDriverManager.createUrlHandler(WebDriverManager.java:1444)
at io.github.bonigarcia.wdm.WebDriverManager.download(WebDriverManager.java:1279)
at io.github.bonigarcia.wdm.WebDriverManager.manage(WebDriverManager.java:1198)
... 40 more
Caused by: java.net.UnknownHostException: chromedriver.storage.googleapis.com
at java.base/java.net.InetAddress$CachedAddresses.get(InetAddress.java:801)
at java.base/java.net.InetAddress.getAllByName0(InetAddress.java:1524)
at java.base/java.net.InetAddress.getAllByName(InetAddress.java:1381)
at java.base/java.net.InetAddress.getAllByName(InetAddress.java:1305)
at org.apache.hc.client5.http.SystemDefaultDnsResolver.resolve(SystemDefaultDnsResolver.java:43)
at org.apache.hc.client5.http.impl.io.DefaultHttpClientConnectionOperator.connect(DefaultHttpClientConnectionOperator.java:141)
at org.apache.hc.client5.http.impl.io.PoolingHttpClientConnectionManager.connect(PoolingHttpClientConnectionManager.java:447)
at org.apache.hc.client5.http.impl.classic.InternalExecRuntime.connectEndpoint(InternalExecRuntime.java:162)
at org.apache.hc.client5.http.impl.classic.InternalExecRuntime.connectEndpoint(InternalExecRuntime.java:172)
at org.apache.hc.client5.http.impl.classic.ConnectExec.execute(ConnectExec.java:142)
at org.apache.hc.client5.http.impl.classic.ExecChainElement.execute(ExecChainElement.java:51)
at org.apache.hc.client5.http.impl.classic.ProtocolExec.execute(ProtocolExec.java:192)
at org.apache.hc.client5.http.impl.classic.ExecChainElement.execute(ExecChainElement.java:51)
at org.apache.hc.client5.http.impl.classic.HttpRequestRetryExec.execute(HttpRequestRetryExec.java:96)
at org.apache.hc.client5.http.impl.classic.ExecChainElement.execute(ExecChainElement.java:51)
at org.apache.hc.client5.http.impl.classic.ContentCompressionExec.execute(ContentCompressionExec.java:152)
at org.apache.hc.client5.http.impl.classic.ExecChainElement.execute(ExecChainElement.java:51)
at org.apache.hc.client5.http.impl.classic.RedirectExec.execute(RedirectExec.java:115)
at org.apache.hc.client5.http.impl.classic.ExecChainElement.execute(ExecChainElement.java:51)
at org.apache.hc.client5.http.impl.classic.InternalHttpClient.doExecute(InternalHttpClient.java:170)
at org.apache.hc.client5.http.impl.classic.CloseableHttpClient.execute(CloseableHttpClient.java:87)
at org.apache.hc.client5.http.impl.classic.CloseableHttpClient.execute(CloseableHttpClient.java:55)
at org.apache.hc.client5.http.classic.HttpClient.executeOpen(HttpClient.java:183)
at io.github.bonigarcia.wdm.online.HttpClient.execute(HttpClient.java:162)
at io.github.bonigarcia.wdm.WebDriverManager.getDriversFromXml(WebDriverManager.java:1562)
... 44 more
... Removed 31 stack frames]]>
    </failure>
  </testcase> <!-- @BeforeMethod addCompaniesPage_SetUp -->
  <testcase classname="com.TestCases.AddCompanyPageTest" name="@AfterMethod addCompanyPage_TearDown" time="0.0">
    <skipped/>
  </testcase> <!-- @AfterMethod addCompanyPage_TearDown -->
  <testcase classname="com.TestCases.AddCompanyPageTest" name="@BeforeMethod addCompaniesPage_SetUp" time="0.0">
    <skipped/>
  </testcase> <!-- @BeforeMethod addCompaniesPage_SetUp -->
  <testcase classname="com.TestCases.AddCompanyPageTest" name="@AfterMethod addCompanyPage_TearDown" time="0.0">
    <skipped/>
  </testcase> <!-- @AfterMethod addCompanyPage_TearDown -->
  <testcase classname="com.TestCases.AddCompanyPageTest" name="@BeforeMethod addCompaniesPage_SetUp" time="0.0">
    <skipped/>
  </testcase> <!-- @BeforeMethod addCompaniesPage_SetUp -->
  <testcase classname="com.TestCases.AddCompanyPageTest" name="@AfterMethod addCompanyPage_TearDown" time="0.0">
    <skipped/>
  </testcase> <!-- @AfterMethod addCompanyPage_TearDown -->
  <testcase classname="com.TestCases.AddCompanyPageTest" name="@BeforeMethod addCompaniesPage_SetUp" time="0.0">
    <skipped/>
  </testcase> <!-- @BeforeMethod addCompaniesPage_SetUp -->
  <testcase classname="com.TestCases.AddCompanyPageTest" name="@AfterMethod addCompanyPage_TearDown" time="0.0">
    <skipped/>
  </testcase> <!-- @AfterMethod addCompanyPage_TearDown -->
  <testcase classname="com.TestCases.AddCompanyPageTest" name="@BeforeMethod addCompaniesPage_SetUp" time="0.0">
    <skipped/>
  </testcase> <!-- @BeforeMethod addCompaniesPage_SetUp -->
  <testcase classname="com.TestCases.AddCompanyPageTest" name="@AfterMethod addCompanyPage_TearDown" time="0.0">
    <skipped/>
  </testcase> <!-- @AfterMethod addCompanyPage_TearDown -->
  <testcase classname="com.TestCases.AddCompanyPageTest" name="@BeforeMethod addCompaniesPage_SetUp" time="0.0">
    <skipped/>
  </testcase> <!-- @BeforeMethod addCompaniesPage_SetUp -->
  <testcase classname="com.TestCases.AddCompanyPageTest" name="@AfterMethod addCompanyPage_TearDown" time="0.0">
    <skipped/>
  </testcase> <!-- @AfterMethod addCompanyPage_TearDown -->
  <testcase classname="com.TestCases.AddCompanyPageTest" name="@BeforeMethod addCompaniesPage_SetUp" time="0.0">
    <skipped/>
  </testcase> <!-- @BeforeMethod addCompaniesPage_SetUp -->
  <testcase classname="com.TestCases.AddCompanyPageTest" name="@AfterMethod addCompanyPage_TearDown" time="0.0">
    <skipped/>
  </testcase> <!-- @AfterMethod addCompanyPage_TearDown -->
  <testcase classname="com.TestCases.AddCompanyPageTest" name="@BeforeMethod addCompaniesPage_SetUp" time="0.0">
    <skipped/>
  </testcase> <!-- @BeforeMethod addCompaniesPage_SetUp -->
  <testcase classname="com.TestCases.AddCompanyPageTest" name="@AfterMethod addCompanyPage_TearDown" time="0.0">
    <skipped/>
  </testcase> <!-- @AfterMethod addCompanyPage_TearDown -->
  <testcase classname="com.TestCases.AddCompanyPageTest" name="@BeforeMethod addCompaniesPage_SetUp" time="0.0">
    <skipped/>
  </testcase> <!-- @BeforeMethod addCompaniesPage_SetUp -->
  <testcase classname="com.TestCases.AddCompanyPageTest" name="@AfterMethod addCompanyPage_TearDown" time="0.0">
    <skipped/>
  </testcase> <!-- @AfterMethod addCompanyPage_TearDown -->
  <testcase classname="com.TestCases.CompanyDetailsPageTest" name="@BeforeMethod companyDetailsPage_SetUp" time="0.425">
    <failure type="io.github.bonigarcia.wdm.config.WebDriverManagerException" message="io.github.bonigarcia.wdm.config.WebDriverManagerException: java.net.UnknownHostException: chromedriver.storage.googleapis.com">
      <![CDATA[io.github.bonigarcia.wdm.config.WebDriverManagerException: io.github.bonigarcia.wdm.config.WebDriverManagerException: java.net.UnknownHostException: chromedriver.storage.googleapis.com
at io.github.bonigarcia.wdm.WebDriverManager.handleException(WebDriverManager.java:1423)
at io.github.bonigarcia.wdm.WebDriverManager.manage(WebDriverManager.java:1204)
at io.github.bonigarcia.wdm.WebDriverManager.fallback(WebDriverManager.java:1439)
at io.github.bonigarcia.wdm.WebDriverManager.handleException(WebDriverManager.java:1420)
at io.github.bonigarcia.wdm.WebDriverManager.manage(WebDriverManager.java:1204)
at io.github.bonigarcia.wdm.WebDriverManager.handleException(WebDriverManager.java:1413)
at io.github.bonigarcia.wdm.WebDriverManager.manage(WebDriverManager.java:1204)
at io.github.bonigarcia.wdm.WebDriverManager.setup(WebDriverManager.java:419)
at com.Base.Base.setUp(Base.java:44)
at com.TestCases.CompanyDetailsPageTest.companyDetailsPage_SetUp(CompanyDetailsPageTest.java:34)
at java.base/java.util.ArrayList.forEach(ArrayList.java:1511)
Caused by: io.github.bonigarcia.wdm.config.WebDriverManagerException: java.net.UnknownHostException: chromedriver.storage.googleapis.com
at io.github.bonigarcia.wdm.WebDriverManager.getDriversFromXml(WebDriverManager.java:1577)
at io.github.bonigarcia.wdm.managers.ChromeDriverManager.getDriverUrls(ChromeDriverManager.java:106)
at io.github.bonigarcia.wdm.WebDriverManager.createUrlHandler(WebDriverManager.java:1444)
at io.github.bonigarcia.wdm.WebDriverManager.download(WebDriverManager.java:1279)
at io.github.bonigarcia.wdm.WebDriverManager.manage(WebDriverManager.java:1198)
... 40 more
Caused by: java.net.UnknownHostException: chromedriver.storage.googleapis.com
at java.base/java.net.InetAddress$CachedAddresses.get(InetAddress.java:801)
at java.base/java.net.InetAddress.getAllByName0(InetAddress.java:1524)
at java.base/java.net.InetAddress.getAllByName(InetAddress.java:1381)
at java.base/java.net.InetAddress.getAllByName(InetAddress.java:1305)
at org.apache.hc.client5.http.SystemDefaultDnsResolver.resolve(SystemDefaultDnsResolver.java:43)
at org.apache.hc.client5.http.impl.io.DefaultHttpClientConnectionOperator.connect(DefaultHttpClientConnectionOperator.java:141)
at org.apache.hc.client5.http.impl.io.PoolingHttpClientConnectionManager.connect(PoolingHttpClientConnectionManager.java:447)
at org.apache.hc.client5.http.impl.classic.InternalExecRuntime.connectEndpoint(InternalExecRuntime.java:162)
at org.apache.hc.client5.http.impl.classic.InternalExecRuntime.connectEndpoint(InternalExecRuntime.java:172)
at org.apache.hc.client5.http.impl.classic.ConnectExec.execute(ConnectExec.java:142)
at org.apache.hc.client5.http.impl.classic.ExecChainElement.execute(ExecChainElement.java:51)
at org.apache.hc.client5.http.impl.classic.ProtocolExec.execute(ProtocolExec.java:192)
at org.apache.hc.client5.http.impl.classic.ExecChainElement.execute(ExecChainElement.java:51)
at org.apache.hc.client5.http.impl.classic.HttpRequestRetryExec.execute(HttpRequestRetryExec.java:96)
at org.apache.hc.client5.http.impl.classic.ExecChainElement.execute(ExecChainElement.java:51)
at org.apache.hc.client5.http.impl.classic.ContentCompressionExec.execute(ContentCompressionExec.java:152)
at org.apache.hc.client5.http.impl.classic.ExecChainElement.execute(ExecChainElement.java:51)
at org.apache.hc.client5.http.impl.classic.RedirectExec.execute(RedirectExec.java:115)
at org.apache.hc.client5.http.impl.classic.ExecChainElement.execute(ExecChainElement.java:51)
at org.apache.hc.client5.http.impl.classic.InternalHttpClient.doExecute(InternalHttpClient.java:170)
at org.apache.hc.client5.http.impl.classic.CloseableHttpClient.execute(CloseableHttpClient.java:87)
at org.apache.hc.client5.http.impl.classic.CloseableHttpClient.execute(CloseableHttpClient.java:55)
at org.apache.hc.client5.http.classic.HttpClient.executeOpen(HttpClient.java:183)
at io.github.bonigarcia.wdm.online.HttpClient.execute(HttpClient.java:162)
at io.github.bonigarcia.wdm.WebDriverManager.getDriversFromXml(WebDriverManager.java:1562)
... 44 more
... Removed 31 stack frames]]>
    </failure>
  </testcase> <!-- @BeforeMethod companyDetailsPage_SetUp -->
  <testcase classname="com.TestCases.CompanyDetailsPageTest" name="@AfterMethod companyDetailsPage_TearDown" time="0.0">
    <skipped/>
  </testcase> <!-- @AfterMethod companyDetailsPage_TearDown -->
  <testcase classname="com.TestCases.CompanyDetailsPageTest" name="@BeforeMethod companyDetailsPage_SetUp" time="0.0">
    <skipped/>
  </testcase> <!-- @BeforeMethod companyDetailsPage_SetUp -->
  <testcase classname="com.TestCases.CompanyDetailsPageTest" name="@AfterMethod companyDetailsPage_TearDown" time="0.0">
    <skipped/>
  </testcase> <!-- @AfterMethod companyDetailsPage_TearDown -->
  <testcase classname="com.TestCases.CompanyDetailsPageTest" name="@BeforeMethod companyDetailsPage_SetUp" time="0.0">
    <skipped/>
  </testcase> <!-- @BeforeMethod companyDetailsPage_SetUp -->
  <testcase classname="com.TestCases.CompanyDetailsPageTest" name="@AfterMethod companyDetailsPage_TearDown" time="0.0">
    <skipped/>
  </testcase> <!-- @AfterMethod companyDetailsPage_TearDown -->
  <testcase classname="com.TestCases.CompanyDetailsPageTest" name="@BeforeMethod companyDetailsPage_SetUp" time="0.0">
    <skipped/>
  </testcase> <!-- @BeforeMethod companyDetailsPage_SetUp -->
  <testcase classname="com.TestCases.CompanyDetailsPageTest" name="@AfterMethod companyDetailsPage_TearDown" time="0.0">
    <skipped/>
  </testcase> <!-- @AfterMethod companyDetailsPage_TearDown -->
  <testcase classname="com.TestCases.CompanyDetailsPageTest" name="@BeforeMethod companyDetailsPage_SetUp" time="0.0">
    <skipped/>
  </testcase> <!-- @BeforeMethod companyDetailsPage_SetUp -->
  <testcase classname="com.TestCases.CompanyDetailsPageTest" name="@AfterMethod companyDetailsPage_TearDown" time="0.0">
    <skipped/>
  </testcase> <!-- @AfterMethod companyDetailsPage_TearDown -->
  <testcase classname="com.TestCases.CompanyDetailsPageTest" name="@BeforeMethod companyDetailsPage_SetUp" time="0.0">
    <skipped/>
  </testcase> <!-- @BeforeMethod companyDetailsPage_SetUp -->
  <testcase classname="com.TestCases.CompanyDetailsPageTest" name="@AfterMethod companyDetailsPage_TearDown" time="0.0">
    <skipped/>
  </testcase> <!-- @AfterMethod companyDetailsPage_TearDown -->
  <testcase classname="com.TestCases.PreferencesPageTest" name="@BeforeMethod preferencesPage_SetUp" time="0.388">
    <failure type="io.github.bonigarcia.wdm.config.WebDriverManagerException" message="io.github.bonigarcia.wdm.config.WebDriverManagerException: java.net.UnknownHostException: chromedriver.storage.googleapis.com">
      <![CDATA[io.github.bonigarcia.wdm.config.WebDriverManagerException: io.github.bonigarcia.wdm.config.WebDriverManagerException: java.net.UnknownHostException: chromedriver.storage.googleapis.com
at io.github.bonigarcia.wdm.WebDriverManager.handleException(WebDriverManager.java:1423)
at io.github.bonigarcia.wdm.WebDriverManager.manage(WebDriverManager.java:1204)
at io.github.bonigarcia.wdm.WebDriverManager.fallback(WebDriverManager.java:1439)
at io.github.bonigarcia.wdm.WebDriverManager.handleException(WebDriverManager.java:1420)
at io.github.bonigarcia.wdm.WebDriverManager.manage(WebDriverManager.java:1204)
at io.github.bonigarcia.wdm.WebDriverManager.handleException(WebDriverManager.java:1413)
at io.github.bonigarcia.wdm.WebDriverManager.manage(WebDriverManager.java:1204)
at io.github.bonigarcia.wdm.WebDriverManager.setup(WebDriverManager.java:419)
at com.Base.Base.setUp(Base.java:44)
at com.TestCases.PreferencesPageTest.preferencesPage_SetUp(PreferencesPageTest.java:27)
at java.base/java.util.ArrayList.forEach(ArrayList.java:1511)
Caused by: io.github.bonigarcia.wdm.config.WebDriverManagerException: java.net.UnknownHostException: chromedriver.storage.googleapis.com
at io.github.bonigarcia.wdm.WebDriverManager.getDriversFromXml(WebDriverManager.java:1577)
at io.github.bonigarcia.wdm.managers.ChromeDriverManager.getDriverUrls(ChromeDriverManager.java:106)
at io.github.bonigarcia.wdm.WebDriverManager.createUrlHandler(WebDriverManager.java:1444)
at io.github.bonigarcia.wdm.WebDriverManager.download(WebDriverManager.java:1279)
at io.github.bonigarcia.wdm.WebDriverManager.manage(WebDriverManager.java:1198)
... 40 more
Caused by: java.net.UnknownHostException: chromedriver.storage.googleapis.com
at java.base/java.net.InetAddress$CachedAddresses.get(InetAddress.java:801)
at java.base/java.net.InetAddress.getAllByName0(InetAddress.java:1524)
at java.base/java.net.InetAddress.getAllByName(InetAddress.java:1381)
at java.base/java.net.InetAddress.getAllByName(InetAddress.java:1305)
at org.apache.hc.client5.http.SystemDefaultDnsResolver.resolve(SystemDefaultDnsResolver.java:43)
at org.apache.hc.client5.http.impl.io.DefaultHttpClientConnectionOperator.connect(DefaultHttpClientConnectionOperator.java:141)
at org.apache.hc.client5.http.impl.io.PoolingHttpClientConnectionManager.connect(PoolingHttpClientConnectionManager.java:447)
at org.apache.hc.client5.http.impl.classic.InternalExecRuntime.connectEndpoint(InternalExecRuntime.java:162)
at org.apache.hc.client5.http.impl.classic.InternalExecRuntime.connectEndpoint(InternalExecRuntime.java:172)
at org.apache.hc.client5.http.impl.classic.ConnectExec.execute(ConnectExec.java:142)
at org.apache.hc.client5.http.impl.classic.ExecChainElement.execute(ExecChainElement.java:51)
at org.apache.hc.client5.http.impl.classic.ProtocolExec.execute(ProtocolExec.java:192)
at org.apache.hc.client5.http.impl.classic.ExecChainElement.execute(ExecChainElement.java:51)
at org.apache.hc.client5.http.impl.classic.HttpRequestRetryExec.execute(HttpRequestRetryExec.java:96)
at org.apache.hc.client5.http.impl.classic.ExecChainElement.execute(ExecChainElement.java:51)
at org.apache.hc.client5.http.impl.classic.ContentCompressionExec.execute(ContentCompressionExec.java:152)
at org.apache.hc.client5.http.impl.classic.ExecChainElement.execute(ExecChainElement.java:51)
at org.apache.hc.client5.http.impl.classic.RedirectExec.execute(RedirectExec.java:115)
at org.apache.hc.client5.http.impl.classic.ExecChainElement.execute(ExecChainElement.java:51)
at org.apache.hc.client5.http.impl.classic.InternalHttpClient.doExecute(InternalHttpClient.java:170)
at org.apache.hc.client5.http.impl.classic.CloseableHttpClient.execute(CloseableHttpClient.java:87)
at org.apache.hc.client5.http.impl.classic.CloseableHttpClient.execute(CloseableHttpClient.java:55)
at org.apache.hc.client5.http.classic.HttpClient.executeOpen(HttpClient.java:183)
at io.github.bonigarcia.wdm.online.HttpClient.execute(HttpClient.java:162)
at io.github.bonigarcia.wdm.WebDriverManager.getDriversFromXml(WebDriverManager.java:1562)
... 44 more
... Removed 31 stack frames]]>
    </failure>
  </testcase> <!-- @BeforeMethod preferencesPage_SetUp -->
  <testcase classname="com.TestCases.PreferencesPageTest" name="@AfterMethod preferencesPage_TearDown" time="0.0">
    <skipped/>
  </testcase> <!-- @AfterMethod preferencesPage_TearDown -->
  <testcase classname="com.TestCases.PreferencesPageTest" name="@BeforeMethod preferencesPage_SetUp" time="0.0">
    <skipped/>
  </testcase> <!-- @BeforeMethod preferencesPage_SetUp -->
  <testcase classname="com.TestCases.PreferencesPageTest" name="@AfterMethod preferencesPage_TearDown" time="0.0">
    <skipped/>
  </testcase> <!-- @AfterMethod preferencesPage_TearDown -->
  <testcase classname="com.TestCases.PreferencesPageTest" name="@BeforeMethod preferencesPage_SetUp" time="0.0">
    <skipped/>
  </testcase> <!-- @BeforeMethod preferencesPage_SetUp -->
  <testcase classname="com.TestCases.PreferencesPageTest" name="@AfterMethod preferencesPage_TearDown" time="0.0">
    <skipped/>
  </testcase> <!-- @AfterMethod preferencesPage_TearDown -->
  <testcase classname="com.TestCases.PreferencesPageTest" name="@BeforeMethod preferencesPage_SetUp" time="0.0">
    <skipped/>
  </testcase> <!-- @BeforeMethod preferencesPage_SetUp -->
  <testcase classname="com.TestCases.PreferencesPageTest" name="@AfterMethod preferencesPage_TearDown" time="0.0">
    <skipped/>
  </testcase> <!-- @AfterMethod preferencesPage_TearDown -->
  <testcase classname="com.TestCases.PreferencesPageTest" name="@BeforeMethod preferencesPage_SetUp" time="0.0">
    <skipped/>
  </testcase> <!-- @BeforeMethod preferencesPage_SetUp -->
  <testcase classname="com.TestCases.PreferencesPageTest" name="@AfterMethod preferencesPage_TearDown" time="0.0">
    <skipped/>
  </testcase> <!-- @AfterMethod preferencesPage_TearDown -->
  <testcase classname="com.TestCases.PreferencesPageTest" name="@BeforeMethod preferencesPage_SetUp" time="0.0">
    <skipped/>
  </testcase> <!-- @BeforeMethod preferencesPage_SetUp -->
  <testcase classname="com.TestCases.PreferencesPageTest" name="@AfterMethod preferencesPage_TearDown" time="0.0">
    <skipped/>
  </testcase> <!-- @AfterMethod preferencesPage_TearDown -->
  <testcase classname="com.TestCases.AdminMyDetailsEducationDetailsTest" name="@BeforeMethod myDetails_EducationDetails_SetUp" time="0.376">
    <failure type="io.github.bonigarcia.wdm.config.WebDriverManagerException" message="io.github.bonigarcia.wdm.config.WebDriverManagerException: java.net.UnknownHostException: chromedriver.storage.googleapis.com">
      <![CDATA[io.github.bonigarcia.wdm.config.WebDriverManagerException: io.github.bonigarcia.wdm.config.WebDriverManagerException: java.net.UnknownHostException: chromedriver.storage.googleapis.com
at io.github.bonigarcia.wdm.WebDriverManager.handleException(WebDriverManager.java:1423)
at io.github.bonigarcia.wdm.WebDriverManager.manage(WebDriverManager.java:1204)
at io.github.bonigarcia.wdm.WebDriverManager.fallback(WebDriverManager.java:1439)
at io.github.bonigarcia.wdm.WebDriverManager.handleException(WebDriverManager.java:1420)
at io.github.bonigarcia.wdm.WebDriverManager.manage(WebDriverManager.java:1204)
at io.github.bonigarcia.wdm.WebDriverManager.handleException(WebDriverManager.java:1413)
at io.github.bonigarcia.wdm.WebDriverManager.manage(WebDriverManager.java:1204)
at io.github.bonigarcia.wdm.WebDriverManager.setup(WebDriverManager.java:419)
at com.Base.Base.setUp(Base.java:44)
at com.TestCases.AdminMyDetailsEducationDetailsTest.myDetails_EducationDetails_SetUp(AdminMyDetailsEducationDetailsTest.java:46)
at java.base/java.util.ArrayList.forEach(ArrayList.java:1511)
Caused by: io.github.bonigarcia.wdm.config.WebDriverManagerException: java.net.UnknownHostException: chromedriver.storage.googleapis.com
at io.github.bonigarcia.wdm.WebDriverManager.getDriversFromXml(WebDriverManager.java:1577)
at io.github.bonigarcia.wdm.managers.ChromeDriverManager.getDriverUrls(ChromeDriverManager.java:106)
at io.github.bonigarcia.wdm.WebDriverManager.createUrlHandler(WebDriverManager.java:1444)
at io.github.bonigarcia.wdm.WebDriverManager.download(WebDriverManager.java:1279)
at io.github.bonigarcia.wdm.WebDriverManager.manage(WebDriverManager.java:1198)
... 40 more
Caused by: java.net.UnknownHostException: chromedriver.storage.googleapis.com
at java.base/java.net.InetAddress$CachedAddresses.get(InetAddress.java:801)
at java.base/java.net.InetAddress.getAllByName0(InetAddress.java:1524)
at java.base/java.net.InetAddress.getAllByName(InetAddress.java:1381)
at java.base/java.net.InetAddress.getAllByName(InetAddress.java:1305)
at org.apache.hc.client5.http.SystemDefaultDnsResolver.resolve(SystemDefaultDnsResolver.java:43)
at org.apache.hc.client5.http.impl.io.DefaultHttpClientConnectionOperator.connect(DefaultHttpClientConnectionOperator.java:141)
at org.apache.hc.client5.http.impl.io.PoolingHttpClientConnectionManager.connect(PoolingHttpClientConnectionManager.java:447)
at org.apache.hc.client5.http.impl.classic.InternalExecRuntime.connectEndpoint(InternalExecRuntime.java:162)
at org.apache.hc.client5.http.impl.classic.InternalExecRuntime.connectEndpoint(InternalExecRuntime.java:172)
at org.apache.hc.client5.http.impl.classic.ConnectExec.execute(ConnectExec.java:142)
at org.apache.hc.client5.http.impl.classic.ExecChainElement.execute(ExecChainElement.java:51)
at org.apache.hc.client5.http.impl.classic.ProtocolExec.execute(ProtocolExec.java:192)
at org.apache.hc.client5.http.impl.classic.ExecChainElement.execute(ExecChainElement.java:51)
at org.apache.hc.client5.http.impl.classic.HttpRequestRetryExec.execute(HttpRequestRetryExec.java:96)
at org.apache.hc.client5.http.impl.classic.ExecChainElement.execute(ExecChainElement.java:51)
at org.apache.hc.client5.http.impl.classic.ContentCompressionExec.execute(ContentCompressionExec.java:152)
at org.apache.hc.client5.http.impl.classic.ExecChainElement.execute(ExecChainElement.java:51)
at org.apache.hc.client5.http.impl.classic.RedirectExec.execute(RedirectExec.java:115)
at org.apache.hc.client5.http.impl.classic.ExecChainElement.execute(ExecChainElement.java:51)
at org.apache.hc.client5.http.impl.classic.InternalHttpClient.doExecute(InternalHttpClient.java:170)
at org.apache.hc.client5.http.impl.classic.CloseableHttpClient.execute(CloseableHttpClient.java:87)
at org.apache.hc.client5.http.impl.classic.CloseableHttpClient.execute(CloseableHttpClient.java:55)
at org.apache.hc.client5.http.classic.HttpClient.executeOpen(HttpClient.java:183)
at io.github.bonigarcia.wdm.online.HttpClient.execute(HttpClient.java:162)
at io.github.bonigarcia.wdm.WebDriverManager.getDriversFromXml(WebDriverManager.java:1562)
... 44 more
... Removed 31 stack frames]]>
    </failure>
  </testcase> <!-- @BeforeMethod myDetails_EducationDetails_SetUp -->
  <testcase classname="com.TestCases.AdminMyDetailsEducationDetailsTest" name="@AfterMethod myDetails_EducationDetails_TearDown" time="0.0">
    <skipped/>
  </testcase> <!-- @AfterMethod myDetails_EducationDetails_TearDown -->
  <testcase classname="com.TestCases.AdminMyDetailsEducationDetailsTest" name="@BeforeMethod myDetails_EducationDetails_SetUp" time="0.0">
    <skipped/>
  </testcase> <!-- @BeforeMethod myDetails_EducationDetails_SetUp -->
  <testcase classname="com.TestCases.AdminMyDetailsEducationDetailsTest" name="@AfterMethod myDetails_EducationDetails_TearDown" time="0.0">
    <skipped/>
  </testcase> <!-- @AfterMethod myDetails_EducationDetails_TearDown -->
  <testcase classname="com.TestCases.AdminMyDetailsEducationDetailsTest" name="@BeforeMethod myDetails_EducationDetails_SetUp" time="0.0">
    <skipped/>
  </testcase> <!-- @BeforeMethod myDetails_EducationDetails_SetUp -->
  <testcase classname="com.TestCases.AdminMyDetailsEducationDetailsTest" name="@AfterMethod myDetails_EducationDetails_TearDown" time="0.0">
    <skipped/>
  </testcase> <!-- @AfterMethod myDetails_EducationDetails_TearDown -->
  <testcase classname="com.TestCases.AdminMyDetailsEducationDetailsTest" name="@BeforeMethod myDetails_EducationDetails_SetUp" time="0.0">
    <skipped/>
  </testcase> <!-- @BeforeMethod myDetails_EducationDetails_SetUp -->
  <testcase classname="com.TestCases.AdminMyDetailsEducationDetailsTest" name="@AfterMethod myDetails_EducationDetails_TearDown" time="0.0">
    <skipped/>
  </testcase> <!-- @AfterMethod myDetails_EducationDetails_TearDown -->
  <testcase classname="com.TestCases.AdminMyDetailsEducationDetailsTest" name="@BeforeMethod myDetails_EducationDetails_SetUp" time="0.0">
    <skipped/>
  </testcase> <!-- @BeforeMethod myDetails_EducationDetails_SetUp -->
  <testcase classname="com.TestCases.AdminMyDetailsEducationDetailsTest" name="@AfterMethod myDetails_EducationDetails_TearDown" time="0.0">
    <skipped/>
  </testcase> <!-- @AfterMethod myDetails_EducationDetails_TearDown -->
  <testcase classname="com.TestCases.AdminMyDetailsEducationDetailsTest" name="@BeforeMethod myDetails_EducationDetails_SetUp" time="0.0">
    <skipped/>
  </testcase> <!-- @BeforeMethod myDetails_EducationDetails_SetUp -->
  <testcase classname="com.TestCases.AdminMyDetailsEducationDetailsTest" name="@AfterMethod myDetails_EducationDetails_TearDown" time="0.0">
    <skipped/>
  </testcase> <!-- @AfterMethod myDetails_EducationDetails_TearDown -->
  <testcase classname="com.TestCases.AdminMyDetailsEducationDetailsTest" name="@BeforeMethod myDetails_EducationDetails_SetUp" time="0.0">
    <skipped/>
  </testcase> <!-- @BeforeMethod myDetails_EducationDetails_SetUp -->
  <testcase classname="com.TestCases.AdminMyDetailsEducationDetailsTest" name="@AfterMethod myDetails_EducationDetails_TearDown" time="0.0">
    <skipped/>
  </testcase> <!-- @AfterMethod myDetails_EducationDetails_TearDown -->
  <testcase classname="com.TestCases.AdminMyDetailsEducationDetailsTest" name="@BeforeMethod myDetails_EducationDetails_SetUp" time="0.0">
    <skipped/>
  </testcase> <!-- @BeforeMethod myDetails_EducationDetails_SetUp -->
  <testcase classname="com.TestCases.AdminMyDetailsEducationDetailsTest" name="@AfterMethod myDetails_EducationDetails_TearDown" time="0.0">
    <skipped/>
  </testcase> <!-- @AfterMethod myDetails_EducationDetails_TearDown -->
  <testcase classname="com.TestCases.AdminMyDetailsEducationDetailsTest" name="@BeforeMethod myDetails_EducationDetails_SetUp" time="0.0">
    <skipped/>
  </testcase> <!-- @BeforeMethod myDetails_EducationDetails_SetUp -->
  <testcase classname="com.TestCases.AdminMyDetailsEducationDetailsTest" name="@AfterMethod myDetails_EducationDetails_TearDown" time="0.0">
    <skipped/>
  </testcase> <!-- @AfterMethod myDetails_EducationDetails_TearDown -->
  <testcase classname="com.TestCases.AdminMyDetailsEducationDetailsTest" name="@BeforeMethod myDetails_EducationDetails_SetUp" time="0.0">
    <skipped/>
  </testcase> <!-- @BeforeMethod myDetails_EducationDetails_SetUp -->
  <testcase classname="com.TestCases.AdminMyDetailsEducationDetailsTest" name="@AfterMethod myDetails_EducationDetails_TearDown" time="0.0">
    <skipped/>
  </testcase> <!-- @AfterMethod myDetails_EducationDetails_TearDown -->
  <testcase classname="com.TestCases.AdminMyDetailsEducationDetailsTest" name="@BeforeMethod myDetails_EducationDetails_SetUp" time="0.0">
    <skipped/>
  </testcase> <!-- @BeforeMethod myDetails_EducationDetails_SetUp -->
  <testcase classname="com.TestCases.AdminMyDetailsEducationDetailsTest" name="@AfterMethod myDetails_EducationDetails_TearDown" time="0.0">
    <skipped/>
  </testcase> <!-- @AfterMethod myDetails_EducationDetails_TearDown -->
  <testcase classname="com.TestCases.AdminMyDetailsWorkAuthorizationPageTest" name="@BeforeMethod myDetails_WorkAuthorizaton_SetUp" time="0.422">
    <failure type="io.github.bonigarcia.wdm.config.WebDriverManagerException" message="io.github.bonigarcia.wdm.config.WebDriverManagerException: java.net.UnknownHostException: chromedriver.storage.googleapis.com">
      <![CDATA[io.github.bonigarcia.wdm.config.WebDriverManagerException: io.github.bonigarcia.wdm.config.WebDriverManagerException: java.net.UnknownHostException: chromedriver.storage.googleapis.com
at io.github.bonigarcia.wdm.WebDriverManager.handleException(WebDriverManager.java:1423)
at io.github.bonigarcia.wdm.WebDriverManager.manage(WebDriverManager.java:1204)
at io.github.bonigarcia.wdm.WebDriverManager.fallback(WebDriverManager.java:1439)
at io.github.bonigarcia.wdm.WebDriverManager.handleException(WebDriverManager.java:1420)
at io.github.bonigarcia.wdm.WebDriverManager.manage(WebDriverManager.java:1204)
at io.github.bonigarcia.wdm.WebDriverManager.handleException(WebDriverManager.java:1413)
at io.github.bonigarcia.wdm.WebDriverManager.manage(WebDriverManager.java:1204)
at io.github.bonigarcia.wdm.WebDriverManager.setup(WebDriverManager.java:419)
at com.Base.Base.setUp(Base.java:44)
at com.TestCases.AdminMyDetailsWorkAuthorizationPageTest.myDetails_WorkAuthorizaton_SetUp(AdminMyDetailsWorkAuthorizationPageTest.java:46)
at java.base/java.util.ArrayList.forEach(ArrayList.java:1511)
Caused by: io.github.bonigarcia.wdm.config.WebDriverManagerException: java.net.UnknownHostException: chromedriver.storage.googleapis.com
at io.github.bonigarcia.wdm.WebDriverManager.getDriversFromXml(WebDriverManager.java:1577)
at io.github.bonigarcia.wdm.managers.ChromeDriverManager.getDriverUrls(ChromeDriverManager.java:106)
at io.github.bonigarcia.wdm.WebDriverManager.createUrlHandler(WebDriverManager.java:1444)
at io.github.bonigarcia.wdm.WebDriverManager.download(WebDriverManager.java:1279)
at io.github.bonigarcia.wdm.WebDriverManager.manage(WebDriverManager.java:1198)
... 40 more
Caused by: java.net.UnknownHostException: chromedriver.storage.googleapis.com
at java.base/java.net.InetAddress$CachedAddresses.get(InetAddress.java:801)
at java.base/java.net.InetAddress.getAllByName0(InetAddress.java:1524)
at java.base/java.net.InetAddress.getAllByName(InetAddress.java:1381)
at java.base/java.net.InetAddress.getAllByName(InetAddress.java:1305)
at org.apache.hc.client5.http.SystemDefaultDnsResolver.resolve(SystemDefaultDnsResolver.java:43)
at org.apache.hc.client5.http.impl.io.DefaultHttpClientConnectionOperator.connect(DefaultHttpClientConnectionOperator.java:141)
at org.apache.hc.client5.http.impl.io.PoolingHttpClientConnectionManager.connect(PoolingHttpClientConnectionManager.java:447)
at org.apache.hc.client5.http.impl.classic.InternalExecRuntime.connectEndpoint(InternalExecRuntime.java:162)
at org.apache.hc.client5.http.impl.classic.InternalExecRuntime.connectEndpoint(InternalExecRuntime.java:172)
at org.apache.hc.client5.http.impl.classic.ConnectExec.execute(ConnectExec.java:142)
at org.apache.hc.client5.http.impl.classic.ExecChainElement.execute(ExecChainElement.java:51)
at org.apache.hc.client5.http.impl.classic.ProtocolExec.execute(ProtocolExec.java:192)
at org.apache.hc.client5.http.impl.classic.ExecChainElement.execute(ExecChainElement.java:51)
at org.apache.hc.client5.http.impl.classic.HttpRequestRetryExec.execute(HttpRequestRetryExec.java:96)
at org.apache.hc.client5.http.impl.classic.ExecChainElement.execute(ExecChainElement.java:51)
at org.apache.hc.client5.http.impl.classic.ContentCompressionExec.execute(ContentCompressionExec.java:152)
at org.apache.hc.client5.http.impl.classic.ExecChainElement.execute(ExecChainElement.java:51)
at org.apache.hc.client5.http.impl.classic.RedirectExec.execute(RedirectExec.java:115)
at org.apache.hc.client5.http.impl.classic.ExecChainElement.execute(ExecChainElement.java:51)
at org.apache.hc.client5.http.impl.classic.InternalHttpClient.doExecute(InternalHttpClient.java:170)
at org.apache.hc.client5.http.impl.classic.CloseableHttpClient.execute(CloseableHttpClient.java:87)
at org.apache.hc.client5.http.impl.classic.CloseableHttpClient.execute(CloseableHttpClient.java:55)
at org.apache.hc.client5.http.classic.HttpClient.executeOpen(HttpClient.java:183)
at io.github.bonigarcia.wdm.online.HttpClient.execute(HttpClient.java:162)
at io.github.bonigarcia.wdm.WebDriverManager.getDriversFromXml(WebDriverManager.java:1562)
... 44 more
... Removed 31 stack frames]]>
    </failure>
  </testcase> <!-- @BeforeMethod myDetails_WorkAuthorizaton_SetUp -->
  <testcase classname="com.TestCases.AdminMyDetailsWorkAuthorizationPageTest" name="@AfterMethod myDetails_WorkAuthorization_TearDown" time="0.0">
    <skipped/>
  </testcase> <!-- @AfterMethod myDetails_WorkAuthorization_TearDown -->
  <testcase classname="com.TestCases.AdminMyDetailsWorkAuthorizationPageTest" name="@BeforeMethod myDetails_WorkAuthorizaton_SetUp" time="0.0">
    <skipped/>
  </testcase> <!-- @BeforeMethod myDetails_WorkAuthorizaton_SetUp -->
  <testcase classname="com.TestCases.AdminMyDetailsWorkAuthorizationPageTest" name="@AfterMethod myDetails_WorkAuthorization_TearDown" time="0.0">
    <skipped/>
  </testcase> <!-- @AfterMethod myDetails_WorkAuthorization_TearDown -->
  <testcase classname="com.TestCases.AdminMyDetailsWorkAuthorizationPageTest" name="@BeforeMethod myDetails_WorkAuthorizaton_SetUp" time="0.0">
    <skipped/>
  </testcase> <!-- @BeforeMethod myDetails_WorkAuthorizaton_SetUp -->
  <testcase classname="com.TestCases.AdminMyDetailsWorkAuthorizationPageTest" name="@AfterMethod myDetails_WorkAuthorization_TearDown" time="0.0">
    <skipped/>
  </testcase> <!-- @AfterMethod myDetails_WorkAuthorization_TearDown -->
  <testcase classname="com.TestCases.AdminMyDetailsWorkAuthorizationPageTest" name="@BeforeMethod myDetails_WorkAuthorizaton_SetUp" time="0.0">
    <skipped/>
  </testcase> <!-- @BeforeMethod myDetails_WorkAuthorizaton_SetUp -->
  <testcase classname="com.TestCases.AdminMyDetailsWorkAuthorizationPageTest" name="@AfterMethod myDetails_WorkAuthorization_TearDown" time="0.0">
    <skipped/>
  </testcase> <!-- @AfterMethod myDetails_WorkAuthorization_TearDown -->
  <testcase classname="com.TestCases.AdminMyDetailsWorkAuthorizationPageTest" name="@BeforeMethod myDetails_WorkAuthorizaton_SetUp" time="0.0">
    <skipped/>
  </testcase> <!-- @BeforeMethod myDetails_WorkAuthorizaton_SetUp -->
  <testcase classname="com.TestCases.AdminMyDetailsWorkAuthorizationPageTest" name="@AfterMethod myDetails_WorkAuthorization_TearDown" time="0.0">
    <skipped/>
  </testcase> <!-- @AfterMethod myDetails_WorkAuthorization_TearDown -->
  <testcase classname="com.TestCases.AdminMyDetailsWorkAuthorizationPageTest" name="@BeforeMethod myDetails_WorkAuthorizaton_SetUp" time="0.0">
    <skipped/>
  </testcase> <!-- @BeforeMethod myDetails_WorkAuthorizaton_SetUp -->
  <testcase classname="com.TestCases.AdminMyDetailsWorkAuthorizationPageTest" name="@AfterMethod myDetails_WorkAuthorization_TearDown" time="0.0">
    <skipped/>
  </testcase> <!-- @AfterMethod myDetails_WorkAuthorization_TearDown -->
  <testcase classname="com.TestCases.AdminMyDetailsWorkAuthorizationPageTest" name="@BeforeMethod myDetails_WorkAuthorizaton_SetUp" time="0.0">
    <skipped/>
  </testcase> <!-- @BeforeMethod myDetails_WorkAuthorizaton_SetUp -->
  <testcase classname="com.TestCases.AdminMyDetailsWorkAuthorizationPageTest" name="@AfterMethod myDetails_WorkAuthorization_TearDown" time="0.0">
    <skipped/>
  </testcase> <!-- @AfterMethod myDetails_WorkAuthorization_TearDown -->
  <testcase classname="com.TestCases.AdminMyDetailsWorkAuthorizationPageTest" name="@BeforeMethod myDetails_WorkAuthorizaton_SetUp" time="0.0">
    <skipped/>
  </testcase> <!-- @BeforeMethod myDetails_WorkAuthorizaton_SetUp -->
  <testcase classname="com.TestCases.AdminMyDetailsWorkAuthorizationPageTest" name="@AfterMethod myDetails_WorkAuthorization_TearDown" time="0.0">
    <skipped/>
  </testcase> <!-- @AfterMethod myDetails_WorkAuthorization_TearDown -->
  <testcase classname="com.TestCases.AdminMyDetailsWorkAuthorizationPageTest" name="@BeforeMethod myDetails_WorkAuthorizaton_SetUp" time="0.0">
    <skipped/>
  </testcase> <!-- @BeforeMethod myDetails_WorkAuthorizaton_SetUp -->
  <testcase classname="com.TestCases.AdminMyDetailsWorkAuthorizationPageTest" name="@AfterMethod myDetails_WorkAuthorization_TearDown" time="0.0">
    <skipped/>
  </testcase> <!-- @AfterMethod myDetails_WorkAuthorization_TearDown -->
  <testcase classname="com.TestCases.AdminMyDetailsWorkAuthorizationPageTest" name="@BeforeMethod myDetails_WorkAuthorizaton_SetUp" time="0.0">
    <skipped/>
  </testcase> <!-- @BeforeMethod myDetails_WorkAuthorizaton_SetUp -->
  <testcase classname="com.TestCases.AdminMyDetailsWorkAuthorizationPageTest" name="@AfterMethod myDetails_WorkAuthorization_TearDown" time="0.0">
    <skipped/>
  </testcase> <!-- @AfterMethod myDetails_WorkAuthorization_TearDown -->
  <testcase classname="com.TestCases.AdminMyDetailsWorkAuthorizationPageTest" name="@BeforeMethod myDetails_WorkAuthorizaton_SetUp" time="0.0">
    <skipped/>
  </testcase> <!-- @BeforeMethod myDetails_WorkAuthorizaton_SetUp -->
  <testcase classname="com.TestCases.AdminMyDetailsWorkAuthorizationPageTest" name="@AfterMethod myDetails_WorkAuthorization_TearDown" time="0.0">
    <skipped/>
  </testcase> <!-- @AfterMethod myDetails_WorkAuthorization_TearDown -->
  <testcase classname="com.TestCases.AdminMyDetailsWorkAuthorizationPageTest" name="@BeforeMethod myDetails_WorkAuthorizaton_SetUp" time="0.0">
    <skipped/>
  </testcase> <!-- @BeforeMethod myDetails_WorkAuthorizaton_SetUp -->
  <testcase classname="com.TestCases.AdminMyDetailsWorkAuthorizationPageTest" name="@AfterMethod myDetails_WorkAuthorization_TearDown" time="0.0">
    <skipped/>
  </testcase> <!-- @AfterMethod myDetails_WorkAuthorization_TearDown -->
  <testcase classname="com.TestCases.AdminMyDetailsWorkAuthorizationPageTest" name="@BeforeMethod myDetails_WorkAuthorizaton_SetUp" time="0.0">
    <skipped/>
  </testcase> <!-- @BeforeMethod myDetails_WorkAuthorizaton_SetUp -->
  <testcase classname="com.TestCases.AdminMyDetailsWorkAuthorizationPageTest" name="@AfterMethod myDetails_WorkAuthorization_TearDown" time="0.0">
    <skipped/>
  </testcase> <!-- @AfterMethod myDetails_WorkAuthorization_TearDown -->
  <testcase classname="com.TestCases.AdminMyDetailsWorkAuthorizationPageTest" name="@BeforeMethod myDetails_WorkAuthorizaton_SetUp" time="0.0">
    <skipped/>
  </testcase> <!-- @BeforeMethod myDetails_WorkAuthorizaton_SetUp -->
  <testcase classname="com.TestCases.AdminMyDetailsWorkAuthorizationPageTest" name="@AfterMethod myDetails_WorkAuthorization_TearDown" time="0.0">
    <skipped/>
  </testcase> <!-- @AfterMethod myDetails_WorkAuthorization_TearDown -->
  <testcase classname="com.TestCases.AdminMyDetailsWorkAuthorizationPageTest" name="@BeforeMethod myDetails_WorkAuthorizaton_SetUp" time="0.0">
    <skipped/>
  </testcase> <!-- @BeforeMethod myDetails_WorkAuthorizaton_SetUp -->
  <testcase classname="com.TestCases.AdminMyDetailsWorkAuthorizationPageTest" name="@AfterMethod myDetails_WorkAuthorization_TearDown" time="0.0">
    <skipped/>
  </testcase> <!-- @AfterMethod myDetails_WorkAuthorization_TearDown -->
  <testcase classname="com.TestCases.AdminMyDetailsWorkAuthorizationPageTest" name="@BeforeMethod myDetails_WorkAuthorizaton_SetUp" time="0.0">
    <skipped/>
  </testcase> <!-- @BeforeMethod myDetails_WorkAuthorizaton_SetUp -->
  <testcase classname="com.TestCases.AdminMyDetailsWorkAuthorizationPageTest" name="@AfterMethod myDetails_WorkAuthorization_TearDown" time="0.0">
    <skipped/>
  </testcase> <!-- @AfterMethod myDetails_WorkAuthorization_TearDown -->
  <testcase classname="com.TestCases.AdminMyDetailsWorkAuthorizationPageTest" name="@BeforeMethod myDetails_WorkAuthorizaton_SetUp" time="0.0">
    <skipped/>
  </testcase> <!-- @BeforeMethod myDetails_WorkAuthorizaton_SetUp -->
  <testcase classname="com.TestCases.AdminMyDetailsWorkAuthorizationPageTest" name="@AfterMethod myDetails_WorkAuthorization_TearDown" time="0.0">
    <skipped/>
  </testcase> <!-- @AfterMethod myDetails_WorkAuthorization_TearDown -->
  <testcase classname="com.TestCases.AdminMyDetailsWorkAuthorizationPageTest" name="@BeforeMethod myDetails_WorkAuthorizaton_SetUp" time="0.0">
    <skipped/>
  </testcase> <!-- @BeforeMethod myDetails_WorkAuthorizaton_SetUp -->
  <testcase classname="com.TestCases.AdminMyDetailsWorkAuthorizationPageTest" name="@AfterMethod myDetails_WorkAuthorization_TearDown" time="0.0">
    <skipped/>
  </testcase> <!-- @AfterMethod myDetails_WorkAuthorization_TearDown -->
  <testcase classname="com.TestCases.AdminMyDetailsWorkAuthorizationPageTest" name="@BeforeMethod myDetails_WorkAuthorizaton_SetUp" time="0.0">
    <skipped/>
  </testcase> <!-- @BeforeMethod myDetails_WorkAuthorizaton_SetUp -->
  <testcase classname="com.TestCases.AdminMyDetailsWorkAuthorizationPageTest" name="@AfterMethod myDetails_WorkAuthorization_TearDown" time="0.0">
    <skipped/>
  </testcase> <!-- @AfterMethod myDetails_WorkAuthorization_TearDown -->
  <testcase classname="com.TestCases.AdminMyDetailsWorkAuthorizationPageTest" name="@BeforeMethod myDetails_WorkAuthorizaton_SetUp" time="0.0">
    <skipped/>
  </testcase> <!-- @BeforeMethod myDetails_WorkAuthorizaton_SetUp -->
  <testcase classname="com.TestCases.AdminMyDetailsWorkAuthorizationPageTest" name="@AfterMethod myDetails_WorkAuthorization_TearDown" time="0.0">
    <skipped/>
  </testcase> <!-- @AfterMethod myDetails_WorkAuthorization_TearDown -->
  <testcase classname="com.TestCases.AdminMyDetailsWorkAuthorizationPageTest" name="@BeforeMethod myDetails_WorkAuthorizaton_SetUp" time="0.0">
    <skipped/>
  </testcase> <!-- @BeforeMethod myDetails_WorkAuthorizaton_SetUp -->
  <testcase classname="com.TestCases.AdminMyDetailsWorkAuthorizationPageTest" name="@AfterMethod myDetails_WorkAuthorization_TearDown" time="0.0">
    <skipped/>
  </testcase> <!-- @AfterMethod myDetails_WorkAuthorization_TearDown -->
  <testcase classname="com.TestCases.AdminMyDetailsWorkAuthorizationPageTest" name="@BeforeMethod myDetails_WorkAuthorizaton_SetUp" time="0.0">
    <skipped/>
  </testcase> <!-- @BeforeMethod myDetails_WorkAuthorizaton_SetUp -->
  <testcase classname="com.TestCases.AdminMyDetailsWorkAuthorizationPageTest" name="@AfterMethod myDetails_WorkAuthorization_TearDown" time="0.0">
    <skipped/>
  </testcase> <!-- @AfterMethod myDetails_WorkAuthorization_TearDown -->
  <testcase classname="com.TestCases.AdminMyDetailsWorkAuthorizationPageTest" name="@BeforeMethod myDetails_WorkAuthorizaton_SetUp" time="0.0">
    <skipped/>
  </testcase> <!-- @BeforeMethod myDetails_WorkAuthorizaton_SetUp -->
  <testcase classname="com.TestCases.AdminMyDetailsWorkAuthorizationPageTest" name="@AfterMethod myDetails_WorkAuthorization_TearDown" time="0.0">
    <skipped/>
  </testcase> <!-- @AfterMethod myDetails_WorkAuthorization_TearDown -->
  <testcase classname="com.TestCases.AdminMyDetailsWorkAuthorizationPageTest" name="@BeforeMethod myDetails_WorkAuthorizaton_SetUp" time="0.0">
    <skipped/>
  </testcase> <!-- @BeforeMethod myDetails_WorkAuthorizaton_SetUp -->
  <testcase classname="com.TestCases.AdminMyDetailsWorkAuthorizationPageTest" name="@AfterMethod myDetails_WorkAuthorization_TearDown" time="0.0">
    <skipped/>
  </testcase> <!-- @AfterMethod myDetails_WorkAuthorization_TearDown -->
  <testcase classname="com.TestCases.AdminMyDetailsWorkAuthorizationPageTest" name="@BeforeMethod myDetails_WorkAuthorizaton_SetUp" time="0.0">
    <skipped/>
  </testcase> <!-- @BeforeMethod myDetails_WorkAuthorizaton_SetUp -->
  <testcase classname="com.TestCases.AdminMyDetailsWorkAuthorizationPageTest" name="@AfterMethod myDetails_WorkAuthorization_TearDown" time="0.0">
    <skipped/>
  </testcase> <!-- @AfterMethod myDetails_WorkAuthorization_TearDown -->
  <testcase classname="com.TestCases.AdminMyDetailsWorkAuthorizationPageTest" name="@BeforeMethod myDetails_WorkAuthorizaton_SetUp" time="0.0">
    <skipped/>
  </testcase> <!-- @BeforeMethod myDetails_WorkAuthorizaton_SetUp -->
  <testcase classname="com.TestCases.AdminMyDetailsWorkAuthorizationPageTest" name="@AfterMethod myDetails_WorkAuthorization_TearDown" time="0.0">
    <skipped/>
  </testcase> <!-- @AfterMethod myDetails_WorkAuthorization_TearDown -->
  <testcase classname="com.TestCases.AdminMyDetailsWorkAuthorizationPageTest" name="@BeforeMethod myDetails_WorkAuthorizaton_SetUp" time="0.0">
    <skipped/>
  </testcase> <!-- @BeforeMethod myDetails_WorkAuthorizaton_SetUp -->
  <testcase classname="com.TestCases.AdminMyDetailsWorkAuthorizationPageTest" name="@AfterMethod myDetails_WorkAuthorization_TearDown" time="0.0">
    <skipped/>
  </testcase> <!-- @AfterMethod myDetails_WorkAuthorization_TearDown -->
  <testcase classname="com.TestCases.AdminMyDetailsWorkAuthorizationPageTest" name="@BeforeMethod myDetails_WorkAuthorizaton_SetUp" time="0.0">
    <skipped/>
  </testcase> <!-- @BeforeMethod myDetails_WorkAuthorizaton_SetUp -->
  <testcase classname="com.TestCases.AdminMyDetailsWorkAuthorizationPageTest" name="@AfterMethod myDetails_WorkAuthorization_TearDown" time="0.0">
    <skipped/>
  </testcase> <!-- @AfterMethod myDetails_WorkAuthorization_TearDown -->
  <testcase classname="com.TestCases.AdminMyDetailsWorkAuthorizationPageTest" name="@BeforeMethod myDetails_WorkAuthorizaton_SetUp" time="0.0">
    <skipped/>
  </testcase> <!-- @BeforeMethod myDetails_WorkAuthorizaton_SetUp -->
  <testcase classname="com.TestCases.AdminMyDetailsWorkAuthorizationPageTest" name="@AfterMethod myDetails_WorkAuthorization_TearDown" time="0.0">
    <skipped/>
  </testcase> <!-- @AfterMethod myDetails_WorkAuthorization_TearDown -->
  <testcase classname="com.TestCases.EditCompanyPageTest" name="@BeforeMethod addCompaniesPage_SetUp" time="0.398">
    <failure type="io.github.bonigarcia.wdm.config.WebDriverManagerException" message="io.github.bonigarcia.wdm.config.WebDriverManagerException: java.net.UnknownHostException: chromedriver.storage.googleapis.com">
      <![CDATA[io.github.bonigarcia.wdm.config.WebDriverManagerException: io.github.bonigarcia.wdm.config.WebDriverManagerException: java.net.UnknownHostException: chromedriver.storage.googleapis.com
at io.github.bonigarcia.wdm.WebDriverManager.handleException(WebDriverManager.java:1423)
at io.github.bonigarcia.wdm.WebDriverManager.manage(WebDriverManager.java:1204)
at io.github.bonigarcia.wdm.WebDriverManager.fallback(WebDriverManager.java:1439)
at io.github.bonigarcia.wdm.WebDriverManager.handleException(WebDriverManager.java:1420)
at io.github.bonigarcia.wdm.WebDriverManager.manage(WebDriverManager.java:1204)
at io.github.bonigarcia.wdm.WebDriverManager.handleException(WebDriverManager.java:1413)
at io.github.bonigarcia.wdm.WebDriverManager.manage(WebDriverManager.java:1204)
at io.github.bonigarcia.wdm.WebDriverManager.setup(WebDriverManager.java:419)
at com.Base.Base.setUp(Base.java:44)
at com.TestCases.EditCompanyPageTest.addCompaniesPage_SetUp(EditCompanyPageTest.java:34)
at java.base/java.util.ArrayList.forEach(ArrayList.java:1511)
Caused by: io.github.bonigarcia.wdm.config.WebDriverManagerException: java.net.UnknownHostException: chromedriver.storage.googleapis.com
at io.github.bonigarcia.wdm.WebDriverManager.getDriversFromXml(WebDriverManager.java:1577)
at io.github.bonigarcia.wdm.managers.ChromeDriverManager.getDriverUrls(ChromeDriverManager.java:106)
at io.github.bonigarcia.wdm.WebDriverManager.createUrlHandler(WebDriverManager.java:1444)
at io.github.bonigarcia.wdm.WebDriverManager.download(WebDriverManager.java:1279)
at io.github.bonigarcia.wdm.WebDriverManager.manage(WebDriverManager.java:1198)
... 40 more
Caused by: java.net.UnknownHostException: chromedriver.storage.googleapis.com
at java.base/java.net.InetAddress$CachedAddresses.get(InetAddress.java:801)
at java.base/java.net.InetAddress.getAllByName0(InetAddress.java:1524)
at java.base/java.net.InetAddress.getAllByName(InetAddress.java:1381)
at java.base/java.net.InetAddress.getAllByName(InetAddress.java:1305)
at org.apache.hc.client5.http.SystemDefaultDnsResolver.resolve(SystemDefaultDnsResolver.java:43)
at org.apache.hc.client5.http.impl.io.DefaultHttpClientConnectionOperator.connect(DefaultHttpClientConnectionOperator.java:141)
at org.apache.hc.client5.http.impl.io.PoolingHttpClientConnectionManager.connect(PoolingHttpClientConnectionManager.java:447)
at org.apache.hc.client5.http.impl.classic.InternalExecRuntime.connectEndpoint(InternalExecRuntime.java:162)
at org.apache.hc.client5.http.impl.classic.InternalExecRuntime.connectEndpoint(InternalExecRuntime.java:172)
at org.apache.hc.client5.http.impl.classic.ConnectExec.execute(ConnectExec.java:142)
at org.apache.hc.client5.http.impl.classic.ExecChainElement.execute(ExecChainElement.java:51)
at org.apache.hc.client5.http.impl.classic.ProtocolExec.execute(ProtocolExec.java:192)
at org.apache.hc.client5.http.impl.classic.ExecChainElement.execute(ExecChainElement.java:51)
at org.apache.hc.client5.http.impl.classic.HttpRequestRetryExec.execute(HttpRequestRetryExec.java:96)
at org.apache.hc.client5.http.impl.classic.ExecChainElement.execute(ExecChainElement.java:51)
at org.apache.hc.client5.http.impl.classic.ContentCompressionExec.execute(ContentCompressionExec.java:152)
at org.apache.hc.client5.http.impl.classic.ExecChainElement.execute(ExecChainElement.java:51)
at org.apache.hc.client5.http.impl.classic.RedirectExec.execute(RedirectExec.java:115)
at org.apache.hc.client5.http.impl.classic.ExecChainElement.execute(ExecChainElement.java:51)
at org.apache.hc.client5.http.impl.classic.InternalHttpClient.doExecute(InternalHttpClient.java:170)
at org.apache.hc.client5.http.impl.classic.CloseableHttpClient.execute(CloseableHttpClient.java:87)
at org.apache.hc.client5.http.impl.classic.CloseableHttpClient.execute(CloseableHttpClient.java:55)
at org.apache.hc.client5.http.classic.HttpClient.executeOpen(HttpClient.java:183)
at io.github.bonigarcia.wdm.online.HttpClient.execute(HttpClient.java:162)
at io.github.bonigarcia.wdm.WebDriverManager.getDriversFromXml(WebDriverManager.java:1562)
... 44 more
... Removed 31 stack frames]]>
    </failure>
  </testcase> <!-- @BeforeMethod addCompaniesPage_SetUp -->
  <testcase classname="com.TestCases.EditCompanyPageTest" name="@AfterMethod addCompanyPage_TearDown" time="0.0">
    <skipped/>
  </testcase> <!-- @AfterMethod addCompanyPage_TearDown -->
  <testcase classname="com.TestCases.EditCompanyPageTest" name="@BeforeMethod addCompaniesPage_SetUp" time="0.0">
    <skipped/>
  </testcase> <!-- @BeforeMethod addCompaniesPage_SetUp -->
  <testcase classname="com.TestCases.EditCompanyPageTest" name="@AfterMethod addCompanyPage_TearDown" time="0.0">
    <skipped/>
  </testcase> <!-- @AfterMethod addCompanyPage_TearDown -->
  <testcase classname="com.TestCases.EditCompanyPageTest" name="@BeforeMethod addCompaniesPage_SetUp" time="0.0">
    <skipped/>
  </testcase> <!-- @BeforeMethod addCompaniesPage_SetUp -->
  <testcase classname="com.TestCases.EditCompanyPageTest" name="@AfterMethod addCompanyPage_TearDown" time="0.0">
    <skipped/>
  </testcase> <!-- @AfterMethod addCompanyPage_TearDown -->
  <testcase classname="com.TestCases.EditCompanyPageTest" name="@BeforeMethod addCompaniesPage_SetUp" time="0.0">
    <skipped/>
  </testcase> <!-- @BeforeMethod addCompaniesPage_SetUp -->
  <testcase classname="com.TestCases.EditCompanyPageTest" name="@AfterMethod addCompanyPage_TearDown" time="0.0">
    <skipped/>
  </testcase> <!-- @AfterMethod addCompanyPage_TearDown -->
  <testcase classname="com.TestCases.EditCompanyPageTest" name="@BeforeMethod addCompaniesPage_SetUp" time="0.0">
    <skipped/>
  </testcase> <!-- @BeforeMethod addCompaniesPage_SetUp -->
  <testcase classname="com.TestCases.EditCompanyPageTest" name="@AfterMethod addCompanyPage_TearDown" time="0.0">
    <skipped/>
  </testcase> <!-- @AfterMethod addCompanyPage_TearDown -->
  <testcase classname="com.TestCases.EditCompanyPageTest" name="@BeforeMethod addCompaniesPage_SetUp" time="0.0">
    <skipped/>
  </testcase> <!-- @BeforeMethod addCompaniesPage_SetUp -->
  <testcase classname="com.TestCases.EditCompanyPageTest" name="@AfterMethod addCompanyPage_TearDown" time="0.0">
    <skipped/>
  </testcase> <!-- @AfterMethod addCompanyPage_TearDown -->
  <testcase classname="com.TestCases.EditCompanyPageTest" name="@BeforeMethod addCompaniesPage_SetUp" time="0.0">
    <skipped/>
  </testcase> <!-- @BeforeMethod addCompaniesPage_SetUp -->
  <testcase classname="com.TestCases.EditCompanyPageTest" name="@AfterMethod addCompanyPage_TearDown" time="0.0">
    <skipped/>
  </testcase> <!-- @AfterMethod addCompanyPage_TearDown -->
  <testcase classname="com.TestCases.AdminMyDetailsContactPageTest" name="@BeforeMethod contactPage_SetUp" time="0.371">
    <failure type="io.github.bonigarcia.wdm.config.WebDriverManagerException" message="io.github.bonigarcia.wdm.config.WebDriverManagerException: java.net.UnknownHostException: chromedriver.storage.googleapis.com">
      <![CDATA[io.github.bonigarcia.wdm.config.WebDriverManagerException: io.github.bonigarcia.wdm.config.WebDriverManagerException: java.net.UnknownHostException: chromedriver.storage.googleapis.com
at io.github.bonigarcia.wdm.WebDriverManager.handleException(WebDriverManager.java:1423)
at io.github.bonigarcia.wdm.WebDriverManager.manage(WebDriverManager.java:1204)
at io.github.bonigarcia.wdm.WebDriverManager.fallback(WebDriverManager.java:1439)
at io.github.bonigarcia.wdm.WebDriverManager.handleException(WebDriverManager.java:1420)
at io.github.bonigarcia.wdm.WebDriverManager.manage(WebDriverManager.java:1204)
at io.github.bonigarcia.wdm.WebDriverManager.handleException(WebDriverManager.java:1413)
at io.github.bonigarcia.wdm.WebDriverManager.manage(WebDriverManager.java:1204)
at io.github.bonigarcia.wdm.WebDriverManager.setup(WebDriverManager.java:419)
at com.Base.Base.setUp(Base.java:44)
at com.TestCases.AdminMyDetailsContactPageTest.contactPage_SetUp(AdminMyDetailsContactPageTest.java:48)
at java.base/java.util.ArrayList.forEach(ArrayList.java:1511)
Caused by: io.github.bonigarcia.wdm.config.WebDriverManagerException: java.net.UnknownHostException: chromedriver.storage.googleapis.com
at io.github.bonigarcia.wdm.WebDriverManager.getDriversFromXml(WebDriverManager.java:1577)
at io.github.bonigarcia.wdm.managers.ChromeDriverManager.getDriverUrls(ChromeDriverManager.java:106)
at io.github.bonigarcia.wdm.WebDriverManager.createUrlHandler(WebDriverManager.java:1444)
at io.github.bonigarcia.wdm.WebDriverManager.download(WebDriverManager.java:1279)
at io.github.bonigarcia.wdm.WebDriverManager.manage(WebDriverManager.java:1198)
... 40 more
Caused by: java.net.UnknownHostException: chromedriver.storage.googleapis.com
at java.base/java.net.InetAddress$CachedAddresses.get(InetAddress.java:801)
at java.base/java.net.InetAddress.getAllByName0(InetAddress.java:1524)
at java.base/java.net.InetAddress.getAllByName(InetAddress.java:1381)
at java.base/java.net.InetAddress.getAllByName(InetAddress.java:1305)
at org.apache.hc.client5.http.SystemDefaultDnsResolver.resolve(SystemDefaultDnsResolver.java:43)
at org.apache.hc.client5.http.impl.io.DefaultHttpClientConnectionOperator.connect(DefaultHttpClientConnectionOperator.java:141)
at org.apache.hc.client5.http.impl.io.PoolingHttpClientConnectionManager.connect(PoolingHttpClientConnectionManager.java:447)
at org.apache.hc.client5.http.impl.classic.InternalExecRuntime.connectEndpoint(InternalExecRuntime.java:162)
at org.apache.hc.client5.http.impl.classic.InternalExecRuntime.connectEndpoint(InternalExecRuntime.java:172)
at org.apache.hc.client5.http.impl.classic.ConnectExec.execute(ConnectExec.java:142)
at org.apache.hc.client5.http.impl.classic.ExecChainElement.execute(ExecChainElement.java:51)
at org.apache.hc.client5.http.impl.classic.ProtocolExec.execute(ProtocolExec.java:192)
at org.apache.hc.client5.http.impl.classic.ExecChainElement.execute(ExecChainElement.java:51)
at org.apache.hc.client5.http.impl.classic.HttpRequestRetryExec.execute(HttpRequestRetryExec.java:96)
at org.apache.hc.client5.http.impl.classic.ExecChainElement.execute(ExecChainElement.java:51)
at org.apache.hc.client5.http.impl.classic.ContentCompressionExec.execute(ContentCompressionExec.java:152)
at org.apache.hc.client5.http.impl.classic.ExecChainElement.execute(ExecChainElement.java:51)
at org.apache.hc.client5.http.impl.classic.RedirectExec.execute(RedirectExec.java:115)
at org.apache.hc.client5.http.impl.classic.ExecChainElement.execute(ExecChainElement.java:51)
at org.apache.hc.client5.http.impl.classic.InternalHttpClient.doExecute(InternalHttpClient.java:170)
at org.apache.hc.client5.http.impl.classic.CloseableHttpClient.execute(CloseableHttpClient.java:87)
at org.apache.hc.client5.http.impl.classic.CloseableHttpClient.execute(CloseableHttpClient.java:55)
at org.apache.hc.client5.http.classic.HttpClient.executeOpen(HttpClient.java:183)
at io.github.bonigarcia.wdm.online.HttpClient.execute(HttpClient.java:162)
at io.github.bonigarcia.wdm.WebDriverManager.getDriversFromXml(WebDriverManager.java:1562)
... 44 more
... Removed 31 stack frames]]>
    </failure>
  </testcase> <!-- @BeforeMethod contactPage_SetUp -->
  <testcase classname="com.TestCases.AdminMyDetailsContactPageTest" name="@AfterMethod contactPage_TearDown" time="0.0">
    <skipped/>
  </testcase> <!-- @AfterMethod contactPage_TearDown -->
  <testcase classname="com.TestCases.AdminMyDetailsContactPageTest" name="@BeforeMethod contactPage_SetUp" time="0.0">
    <skipped/>
  </testcase> <!-- @BeforeMethod contactPage_SetUp -->
  <testcase classname="com.TestCases.AdminMyDetailsContactPageTest" name="@AfterMethod contactPage_TearDown" time="0.0">
    <skipped/>
  </testcase> <!-- @AfterMethod contactPage_TearDown -->
  <testcase classname="com.TestCases.AdminMyDetailsContactPageTest" name="@BeforeMethod contactPage_SetUp" time="0.0">
    <skipped/>
  </testcase> <!-- @BeforeMethod contactPage_SetUp -->
  <testcase classname="com.TestCases.AdminMyDetailsContactPageTest" name="@AfterMethod contactPage_TearDown" time="0.0">
    <skipped/>
  </testcase> <!-- @AfterMethod contactPage_TearDown -->
  <testcase classname="com.TestCases.AdminMyDetailsContactPageTest" name="@BeforeMethod contactPage_SetUp" time="0.0">
    <skipped/>
  </testcase> <!-- @BeforeMethod contactPage_SetUp -->
  <testcase classname="com.TestCases.AdminMyDetailsContactPageTest" name="@AfterMethod contactPage_TearDown" time="0.0">
    <skipped/>
  </testcase> <!-- @AfterMethod contactPage_TearDown -->
  <testcase classname="com.TestCases.AdminMyDetailsContactPageTest" name="@BeforeMethod contactPage_SetUp" time="0.0">
    <skipped/>
  </testcase> <!-- @BeforeMethod contactPage_SetUp -->
  <testcase classname="com.TestCases.AdminMyDetailsContactPageTest" name="@AfterMethod contactPage_TearDown" time="0.0">
    <skipped/>
  </testcase> <!-- @AfterMethod contactPage_TearDown -->
  <testcase classname="com.TestCases.AdminMyDetailsContactPageTest" name="@BeforeMethod contactPage_SetUp" time="0.0">
    <skipped/>
  </testcase> <!-- @BeforeMethod contactPage_SetUp -->
  <testcase classname="com.TestCases.AdminMyDetailsContactPageTest" name="@AfterMethod contactPage_TearDown" time="0.0">
    <skipped/>
  </testcase> <!-- @AfterMethod contactPage_TearDown -->
  <testcase classname="com.TestCases.AdminMyDetailsContactPageTest" name="@BeforeMethod contactPage_SetUp" time="0.0">
    <skipped/>
  </testcase> <!-- @BeforeMethod contactPage_SetUp -->
  <testcase classname="com.TestCases.AdminMyDetailsContactPageTest" name="@AfterMethod contactPage_TearDown" time="0.0">
    <skipped/>
  </testcase> <!-- @AfterMethod contactPage_TearDown -->
  <testcase classname="com.TestCases.AdminMyDetailsContactPageTest" name="@BeforeMethod contactPage_SetUp" time="0.0">
    <skipped/>
  </testcase> <!-- @BeforeMethod contactPage_SetUp -->
  <testcase classname="com.TestCases.AdminMyDetailsContactPageTest" name="@AfterMethod contactPage_TearDown" time="0.0">
    <skipped/>
  </testcase> <!-- @AfterMethod contactPage_TearDown -->
  <testcase classname="com.TestCases.AdminMyDetailsContactPageTest" name="@BeforeMethod contactPage_SetUp" time="0.0">
    <skipped/>
  </testcase> <!-- @BeforeMethod contactPage_SetUp -->
  <testcase classname="com.TestCases.AdminMyDetailsContactPageTest" name="@AfterMethod contactPage_TearDown" time="0.0">
    <skipped/>
  </testcase> <!-- @AfterMethod contactPage_TearDown -->
  <testcase classname="com.TestCases.AdminMyDetailsContactPageTest" name="@BeforeMethod contactPage_SetUp" time="0.0">
    <skipped/>
  </testcase> <!-- @BeforeMethod contactPage_SetUp -->
  <testcase classname="com.TestCases.AdminMyDetailsContactPageTest" name="@AfterMethod contactPage_TearDown" time="0.0">
    <skipped/>
  </testcase> <!-- @AfterMethod contactPage_TearDown -->
  <testcase classname="com.TestCases.AdminMyDetailsContactPageTest" name="@BeforeMethod contactPage_SetUp" time="0.0">
    <skipped/>
  </testcase> <!-- @BeforeMethod contactPage_SetUp -->
  <testcase classname="com.TestCases.AdminMyDetailsContactPageTest" name="@AfterMethod contactPage_TearDown" time="0.0">
    <skipped/>
  </testcase> <!-- @AfterMethod contactPage_TearDown -->
  <testcase classname="com.TestCases.AdminMyDetailsContactPageTest" name="@BeforeMethod contactPage_SetUp" time="0.0">
    <skipped/>
  </testcase> <!-- @BeforeMethod contactPage_SetUp -->
  <testcase classname="com.TestCases.AdminMyDetailsContactPageTest" name="@AfterMethod contactPage_TearDown" time="0.0">
    <skipped/>
  </testcase> <!-- @AfterMethod contactPage_TearDown -->
  <testcase classname="com.TestCases.AdminMyDetailsContactPageTest" name="@BeforeMethod contactPage_SetUp" time="0.0">
    <skipped/>
  </testcase> <!-- @BeforeMethod contactPage_SetUp -->
  <testcase classname="com.TestCases.AdminMyDetailsContactPageTest" name="@AfterMethod contactPage_TearDown" time="0.0">
    <skipped/>
  </testcase> <!-- @AfterMethod contactPage_TearDown -->
  <testcase classname="com.TestCases.AdminMyDetailsContactPageTest" name="@BeforeMethod contactPage_SetUp" time="0.0">
    <skipped/>
  </testcase> <!-- @BeforeMethod contactPage_SetUp -->
  <testcase classname="com.TestCases.AdminMyDetailsContactPageTest" name="@AfterMethod contactPage_TearDown" time="0.0">
    <skipped/>
  </testcase> <!-- @AfterMethod contactPage_TearDown -->
  <testcase classname="com.TestCases.AdminMyDetailsContactPageTest" name="@BeforeMethod contactPage_SetUp" time="0.0">
    <skipped/>
  </testcase> <!-- @BeforeMethod contactPage_SetUp -->
  <testcase classname="com.TestCases.AdminMyDetailsContactPageTest" name="@AfterMethod contactPage_TearDown" time="0.0">
    <skipped/>
  </testcase> <!-- @AfterMethod contactPage_TearDown -->
  <testcase classname="com.TestCases.AdminMyDetailsContactPageTest" name="@BeforeMethod contactPage_SetUp" time="0.0">
    <skipped/>
  </testcase> <!-- @BeforeMethod contactPage_SetUp -->
  <testcase classname="com.TestCases.AdminMyDetailsContactPageTest" name="@AfterMethod contactPage_TearDown" time="0.0">
    <skipped/>
  </testcase> <!-- @AfterMethod contactPage_TearDown -->
  <testcase classname="com.TestCases.AdminMyDetailsContactPageTest" name="@BeforeMethod contactPage_SetUp" time="0.0">
    <skipped/>
  </testcase> <!-- @BeforeMethod contactPage_SetUp -->
  <testcase classname="com.TestCases.AdminMyDetailsContactPageTest" name="@AfterMethod contactPage_TearDown" time="0.0">
    <skipped/>
  </testcase> <!-- @AfterMethod contactPage_TearDown -->
  <testcase classname="com.TestCases.CompanyListPageTest" name="@BeforeMethod companiesPgae_SetUp" time="0.367">
    <failure type="io.github.bonigarcia.wdm.config.WebDriverManagerException" message="io.github.bonigarcia.wdm.config.WebDriverManagerException: java.net.UnknownHostException: chromedriver.storage.googleapis.com">
      <![CDATA[io.github.bonigarcia.wdm.config.WebDriverManagerException: io.github.bonigarcia.wdm.config.WebDriverManagerException: java.net.UnknownHostException: chromedriver.storage.googleapis.com
at io.github.bonigarcia.wdm.WebDriverManager.handleException(WebDriverManager.java:1423)
at io.github.bonigarcia.wdm.WebDriverManager.manage(WebDriverManager.java:1204)
at io.github.bonigarcia.wdm.WebDriverManager.fallback(WebDriverManager.java:1439)
at io.github.bonigarcia.wdm.WebDriverManager.handleException(WebDriverManager.java:1420)
at io.github.bonigarcia.wdm.WebDriverManager.manage(WebDriverManager.java:1204)
at io.github.bonigarcia.wdm.WebDriverManager.handleException(WebDriverManager.java:1413)
at io.github.bonigarcia.wdm.WebDriverManager.manage(WebDriverManager.java:1204)
at io.github.bonigarcia.wdm.WebDriverManager.setup(WebDriverManager.java:419)
at com.Base.Base.setUp(Base.java:44)
at com.TestCases.CompanyListPageTest.companiesPgae_SetUp(CompanyListPageTest.java:26)
at java.base/java.util.ArrayList.forEach(ArrayList.java:1511)
Caused by: io.github.bonigarcia.wdm.config.WebDriverManagerException: java.net.UnknownHostException: chromedriver.storage.googleapis.com
at io.github.bonigarcia.wdm.WebDriverManager.getDriversFromXml(WebDriverManager.java:1577)
at io.github.bonigarcia.wdm.managers.ChromeDriverManager.getDriverUrls(ChromeDriverManager.java:106)
at io.github.bonigarcia.wdm.WebDriverManager.createUrlHandler(WebDriverManager.java:1444)
at io.github.bonigarcia.wdm.WebDriverManager.download(WebDriverManager.java:1279)
at io.github.bonigarcia.wdm.WebDriverManager.manage(WebDriverManager.java:1198)
... 40 more
Caused by: java.net.UnknownHostException: chromedriver.storage.googleapis.com
at java.base/java.net.InetAddress$CachedAddresses.get(InetAddress.java:801)
at java.base/java.net.InetAddress.getAllByName0(InetAddress.java:1524)
at java.base/java.net.InetAddress.getAllByName(InetAddress.java:1381)
at java.base/java.net.InetAddress.getAllByName(InetAddress.java:1305)
at org.apache.hc.client5.http.SystemDefaultDnsResolver.resolve(SystemDefaultDnsResolver.java:43)
at org.apache.hc.client5.http.impl.io.DefaultHttpClientConnectionOperator.connect(DefaultHttpClientConnectionOperator.java:141)
at org.apache.hc.client5.http.impl.io.PoolingHttpClientConnectionManager.connect(PoolingHttpClientConnectionManager.java:447)
at org.apache.hc.client5.http.impl.classic.InternalExecRuntime.connectEndpoint(InternalExecRuntime.java:162)
at org.apache.hc.client5.http.impl.classic.InternalExecRuntime.connectEndpoint(InternalExecRuntime.java:172)
at org.apache.hc.client5.http.impl.classic.ConnectExec.execute(ConnectExec.java:142)
at org.apache.hc.client5.http.impl.classic.ExecChainElement.execute(ExecChainElement.java:51)
at org.apache.hc.client5.http.impl.classic.ProtocolExec.execute(ProtocolExec.java:192)
at org.apache.hc.client5.http.impl.classic.ExecChainElement.execute(ExecChainElement.java:51)
at org.apache.hc.client5.http.impl.classic.HttpRequestRetryExec.execute(HttpRequestRetryExec.java:96)
at org.apache.hc.client5.http.impl.classic.ExecChainElement.execute(ExecChainElement.java:51)
at org.apache.hc.client5.http.impl.classic.ContentCompressionExec.execute(ContentCompressionExec.java:152)
at org.apache.hc.client5.http.impl.classic.ExecChainElement.execute(ExecChainElement.java:51)
at org.apache.hc.client5.http.impl.classic.RedirectExec.execute(RedirectExec.java:115)
at org.apache.hc.client5.http.impl.classic.ExecChainElement.execute(ExecChainElement.java:51)
at org.apache.hc.client5.http.impl.classic.InternalHttpClient.doExecute(InternalHttpClient.java:170)
at org.apache.hc.client5.http.impl.classic.CloseableHttpClient.execute(CloseableHttpClient.java:87)
at org.apache.hc.client5.http.impl.classic.CloseableHttpClient.execute(CloseableHttpClient.java:55)
at org.apache.hc.client5.http.classic.HttpClient.executeOpen(HttpClient.java:183)
at io.github.bonigarcia.wdm.online.HttpClient.execute(HttpClient.java:162)
at io.github.bonigarcia.wdm.WebDriverManager.getDriversFromXml(WebDriverManager.java:1562)
... 44 more
... Removed 31 stack frames]]>
    </failure>
  </testcase> <!-- @BeforeMethod companiesPgae_SetUp -->
  <testcase classname="com.TestCases.CompanyListPageTest" name="@AfterMethod companyListPage_TearDown" time="0.0">
    <skipped/>
  </testcase> <!-- @AfterMethod companyListPage_TearDown -->
  <testcase classname="com.TestCases.CompanyListPageTest" name="@BeforeMethod companiesPgae_SetUp" time="0.0">
    <skipped/>
  </testcase> <!-- @BeforeMethod companiesPgae_SetUp -->
  <testcase classname="com.TestCases.CompanyListPageTest" name="@AfterMethod companyListPage_TearDown" time="0.0">
    <skipped/>
  </testcase> <!-- @AfterMethod companyListPage_TearDown -->
  <testcase classname="com.TestCases.CompanyListPageTest" name="@BeforeMethod companiesPgae_SetUp" time="0.0">
    <skipped/>
  </testcase> <!-- @BeforeMethod companiesPgae_SetUp -->
  <testcase classname="com.TestCases.CompanyListPageTest" name="@AfterMethod companyListPage_TearDown" time="0.0">
    <skipped/>
  </testcase> <!-- @AfterMethod companyListPage_TearDown -->
  <testcase classname="com.TestCases.CompanyListPageTest" name="@BeforeMethod companiesPgae_SetUp" time="0.0">
    <skipped/>
  </testcase> <!-- @BeforeMethod companiesPgae_SetUp -->
  <testcase classname="com.TestCases.CompanyListPageTest" name="@AfterMethod companyListPage_TearDown" time="0.0">
    <skipped/>
  </testcase> <!-- @AfterMethod companyListPage_TearDown -->
  <testcase classname="com.TestCases.CompanyListPageTest" name="@BeforeMethod companiesPgae_SetUp" time="0.0">
    <skipped/>
  </testcase> <!-- @BeforeMethod companiesPgae_SetUp -->
  <testcase classname="com.TestCases.CompanyListPageTest" name="@AfterMethod companyListPage_TearDown" time="0.0">
    <skipped/>
  </testcase> <!-- @AfterMethod companyListPage_TearDown -->
  <testcase classname="com.TestCases.CompanyListPageTest" name="@BeforeMethod companiesPgae_SetUp" time="0.0">
    <skipped/>
  </testcase> <!-- @BeforeMethod companiesPgae_SetUp -->
  <testcase classname="com.TestCases.CompanyListPageTest" name="@AfterMethod companyListPage_TearDown" time="0.0">
    <skipped/>
  </testcase> <!-- @AfterMethod companyListPage_TearDown -->
  <testcase classname="com.TestCases.BusinessCategoriesPageTest" name="@BeforeMethod businessCategoriesPage_SetUp" time="0.381">
    <failure type="io.github.bonigarcia.wdm.config.WebDriverManagerException" message="io.github.bonigarcia.wdm.config.WebDriverManagerException: java.net.UnknownHostException: chromedriver.storage.googleapis.com">
      <![CDATA[io.github.bonigarcia.wdm.config.WebDriverManagerException: io.github.bonigarcia.wdm.config.WebDriverManagerException: java.net.UnknownHostException: chromedriver.storage.googleapis.com
at io.github.bonigarcia.wdm.WebDriverManager.handleException(WebDriverManager.java:1423)
at io.github.bonigarcia.wdm.WebDriverManager.manage(WebDriverManager.java:1204)
at io.github.bonigarcia.wdm.WebDriverManager.fallback(WebDriverManager.java:1439)
at io.github.bonigarcia.wdm.WebDriverManager.handleException(WebDriverManager.java:1420)
at io.github.bonigarcia.wdm.WebDriverManager.manage(WebDriverManager.java:1204)
at io.github.bonigarcia.wdm.WebDriverManager.handleException(WebDriverManager.java:1413)
at io.github.bonigarcia.wdm.WebDriverManager.manage(WebDriverManager.java:1204)
at io.github.bonigarcia.wdm.WebDriverManager.setup(WebDriverManager.java:419)
at com.Base.Base.setUp(Base.java:44)
at com.TestCases.BusinessCategoriesPageTest.businessCategoriesPage_SetUp(BusinessCategoriesPageTest.java:32)
at java.base/java.util.ArrayList.forEach(ArrayList.java:1511)
Caused by: io.github.bonigarcia.wdm.config.WebDriverManagerException: java.net.UnknownHostException: chromedriver.storage.googleapis.com
at io.github.bonigarcia.wdm.WebDriverManager.getDriversFromXml(WebDriverManager.java:1577)
at io.github.bonigarcia.wdm.managers.ChromeDriverManager.getDriverUrls(ChromeDriverManager.java:106)
at io.github.bonigarcia.wdm.WebDriverManager.createUrlHandler(WebDriverManager.java:1444)
at io.github.bonigarcia.wdm.WebDriverManager.download(WebDriverManager.java:1279)
at io.github.bonigarcia.wdm.WebDriverManager.manage(WebDriverManager.java:1198)
... 40 more
Caused by: java.net.UnknownHostException: chromedriver.storage.googleapis.com
at java.base/java.net.InetAddress$CachedAddresses.get(InetAddress.java:801)
at java.base/java.net.InetAddress.getAllByName0(InetAddress.java:1524)
at java.base/java.net.InetAddress.getAllByName(InetAddress.java:1381)
at java.base/java.net.InetAddress.getAllByName(InetAddress.java:1305)
at org.apache.hc.client5.http.SystemDefaultDnsResolver.resolve(SystemDefaultDnsResolver.java:43)
at org.apache.hc.client5.http.impl.io.DefaultHttpClientConnectionOperator.connect(DefaultHttpClientConnectionOperator.java:141)
at org.apache.hc.client5.http.impl.io.PoolingHttpClientConnectionManager.connect(PoolingHttpClientConnectionManager.java:447)
at org.apache.hc.client5.http.impl.classic.InternalExecRuntime.connectEndpoint(InternalExecRuntime.java:162)
at org.apache.hc.client5.http.impl.classic.InternalExecRuntime.connectEndpoint(InternalExecRuntime.java:172)
at org.apache.hc.client5.http.impl.classic.ConnectExec.execute(ConnectExec.java:142)
at org.apache.hc.client5.http.impl.classic.ExecChainElement.execute(ExecChainElement.java:51)
at org.apache.hc.client5.http.impl.classic.ProtocolExec.execute(ProtocolExec.java:192)
at org.apache.hc.client5.http.impl.classic.ExecChainElement.execute(ExecChainElement.java:51)
at org.apache.hc.client5.http.impl.classic.HttpRequestRetryExec.execute(HttpRequestRetryExec.java:96)
at org.apache.hc.client5.http.impl.classic.ExecChainElement.execute(ExecChainElement.java:51)
at org.apache.hc.client5.http.impl.classic.ContentCompressionExec.execute(ContentCompressionExec.java:152)
at org.apache.hc.client5.http.impl.classic.ExecChainElement.execute(ExecChainElement.java:51)
at org.apache.hc.client5.http.impl.classic.RedirectExec.execute(RedirectExec.java:115)
at org.apache.hc.client5.http.impl.classic.ExecChainElement.execute(ExecChainElement.java:51)
at org.apache.hc.client5.http.impl.classic.InternalHttpClient.doExecute(InternalHttpClient.java:170)
at org.apache.hc.client5.http.impl.classic.CloseableHttpClient.execute(CloseableHttpClient.java:87)
at org.apache.hc.client5.http.impl.classic.CloseableHttpClient.execute(CloseableHttpClient.java:55)
at org.apache.hc.client5.http.classic.HttpClient.executeOpen(HttpClient.java:183)
at io.github.bonigarcia.wdm.online.HttpClient.execute(HttpClient.java:162)
at io.github.bonigarcia.wdm.WebDriverManager.getDriversFromXml(WebDriverManager.java:1562)
... 44 more
... Removed 31 stack frames]]>
    </failure>
  </testcase> <!-- @BeforeMethod businessCategoriesPage_SetUp -->
  <testcase classname="com.TestCases.BusinessCategoriesPageTest" name="@AfterMethod businessCategoriesPage_TearDown" time="0.0">
    <skipped/>
  </testcase> <!-- @AfterMethod businessCategoriesPage_TearDown -->
  <testcase classname="com.TestCases.BusinessCategoriesPageTest" name="@BeforeMethod businessCategoriesPage_SetUp" time="0.0">
    <skipped/>
  </testcase> <!-- @BeforeMethod businessCategoriesPage_SetUp -->
  <testcase classname="com.TestCases.BusinessCategoriesPageTest" name="@AfterMethod businessCategoriesPage_TearDown" time="0.0">
    <skipped/>
  </testcase> <!-- @AfterMethod businessCategoriesPage_TearDown -->
  <testcase classname="com.TestCases.BusinessCategoriesPageTest" name="@BeforeMethod businessCategoriesPage_SetUp" time="0.0">
    <skipped/>
  </testcase> <!-- @BeforeMethod businessCategoriesPage_SetUp -->
  <testcase classname="com.TestCases.BusinessCategoriesPageTest" name="@AfterMethod businessCategoriesPage_TearDown" time="0.0">
    <skipped/>
  </testcase> <!-- @AfterMethod businessCategoriesPage_TearDown -->
  <testcase classname="com.TestCases.BusinessCategoriesPageTest" name="@BeforeMethod businessCategoriesPage_SetUp" time="0.0">
    <skipped/>
  </testcase> <!-- @BeforeMethod businessCategoriesPage_SetUp -->
  <testcase classname="com.TestCases.BusinessCategoriesPageTest" name="@AfterMethod businessCategoriesPage_TearDown" time="0.0">
    <skipped/>
  </testcase> <!-- @AfterMethod businessCategoriesPage_TearDown -->
  <testcase classname="com.TestCases.BusinessCategoriesPageTest" name="@BeforeMethod businessCategoriesPage_SetUp" time="0.0">
    <skipped/>
  </testcase> <!-- @BeforeMethod businessCategoriesPage_SetUp -->
  <testcase classname="com.TestCases.BusinessCategoriesPageTest" name="@AfterMethod businessCategoriesPage_TearDown" time="0.0">
    <skipped/>
  </testcase> <!-- @AfterMethod businessCategoriesPage_TearDown -->
  <testcase classname="com.TestCases.BusinessCategoriesPageTest" name="@BeforeMethod businessCategoriesPage_SetUp" time="0.0">
    <skipped/>
  </testcase> <!-- @BeforeMethod businessCategoriesPage_SetUp -->
  <testcase classname="com.TestCases.BusinessCategoriesPageTest" name="@AfterMethod businessCategoriesPage_TearDown" time="0.0">
    <skipped/>
  </testcase> <!-- @AfterMethod businessCategoriesPage_TearDown -->
  <testcase classname="com.TestCases.BusinessCategoriesPageTest" name="@BeforeMethod businessCategoriesPage_SetUp" time="0.0">
    <skipped/>
  </testcase> <!-- @BeforeMethod businessCategoriesPage_SetUp -->
  <testcase classname="com.TestCases.BusinessCategoriesPageTest" name="@AfterMethod businessCategoriesPage_TearDown" time="0.0">
    <skipped/>
  </testcase> <!-- @AfterMethod businessCategoriesPage_TearDown -->
  <testcase classname="com.TestCases.BusinessCategoriesPageTest" name="@BeforeMethod businessCategoriesPage_SetUp" time="0.0">
    <skipped/>
  </testcase> <!-- @BeforeMethod businessCategoriesPage_SetUp -->
  <testcase classname="com.TestCases.BusinessCategoriesPageTest" name="@AfterMethod businessCategoriesPage_TearDown" time="0.0">
    <skipped/>
  </testcase> <!-- @AfterMethod businessCategoriesPage_TearDown -->
  <testcase classname="com.TestCases.BusinessCategoriesPageTest" name="@BeforeMethod businessCategoriesPage_SetUp" time="0.0">
    <skipped/>
  </testcase> <!-- @BeforeMethod businessCategoriesPage_SetUp -->
  <testcase classname="com.TestCases.BusinessCategoriesPageTest" name="@AfterMethod businessCategoriesPage_TearDown" time="0.0">
    <skipped/>
  </testcase> <!-- @AfterMethod businessCategoriesPage_TearDown -->
  <testcase classname="com.TestCases.BusinessCategoriesPageTest" name="@BeforeMethod businessCategoriesPage_SetUp" time="0.0">
    <skipped/>
  </testcase> <!-- @BeforeMethod businessCategoriesPage_SetUp -->
  <testcase classname="com.TestCases.BusinessCategoriesPageTest" name="@AfterMethod businessCategoriesPage_TearDown" time="0.0">
    <skipped/>
  </testcase> <!-- @AfterMethod businessCategoriesPage_TearDown -->
  <testcase classname="com.TestCases.BusinessCategoriesPageTest" name="@BeforeMethod businessCategoriesPage_SetUp" time="0.0">
    <skipped/>
  </testcase> <!-- @BeforeMethod businessCategoriesPage_SetUp -->
  <testcase classname="com.TestCases.BusinessCategoriesPageTest" name="@AfterMethod businessCategoriesPage_TearDown" time="0.0">
    <skipped/>
  </testcase> <!-- @AfterMethod businessCategoriesPage_TearDown -->
  <testcase classname="com.TestCases.BusinessCategoriesPageTest" name="@BeforeMethod businessCategoriesPage_SetUp" time="0.0">
    <skipped/>
  </testcase> <!-- @BeforeMethod businessCategoriesPage_SetUp -->
  <testcase classname="com.TestCases.BusinessCategoriesPageTest" name="@AfterMethod businessCategoriesPage_TearDown" time="0.0">
    <skipped/>
  </testcase> <!-- @AfterMethod businessCategoriesPage_TearDown -->
  <testcase classname="com.TestCases.BusinessCategoriesPageTest" name="@BeforeMethod businessCategoriesPage_SetUp" time="0.0">
    <skipped/>
  </testcase> <!-- @BeforeMethod businessCategoriesPage_SetUp -->
  <testcase classname="com.TestCases.BusinessCategoriesPageTest" name="@AfterMethod businessCategoriesPage_TearDown" time="0.0">
    <skipped/>
  </testcase> <!-- @AfterMethod businessCategoriesPage_TearDown -->
  <testcase classname="com.TestCases.BusinessCategoriesPageTest" name="@BeforeMethod businessCategoriesPage_SetUp" time="0.0">
    <skipped/>
  </testcase> <!-- @BeforeMethod businessCategoriesPage_SetUp -->
  <testcase classname="com.TestCases.BusinessCategoriesPageTest" name="@AfterMethod businessCategoriesPage_TearDown" time="0.0">
    <skipped/>
  </testcase> <!-- @AfterMethod businessCategoriesPage_TearDown -->
  <testcase classname="com.TestCases.BusinessCategoriesPageTest" name="@BeforeMethod businessCategoriesPage_SetUp" time="0.0">
    <skipped/>
  </testcase> <!-- @BeforeMethod businessCategoriesPage_SetUp -->
  <testcase classname="com.TestCases.BusinessCategoriesPageTest" name="@AfterMethod businessCategoriesPage_TearDown" time="0.0">
    <skipped/>
  </testcase> <!-- @AfterMethod businessCategoriesPage_TearDown -->
  <testcase classname="com.TestCases.BusinessCategoriesPageTest" name="@BeforeMethod businessCategoriesPage_SetUp" time="0.0">
    <skipped/>
  </testcase> <!-- @BeforeMethod businessCategoriesPage_SetUp -->
  <testcase classname="com.TestCases.BusinessCategoriesPageTest" name="@AfterMethod businessCategoriesPage_TearDown" time="0.0">
    <skipped/>
  </testcase> <!-- @AfterMethod businessCategoriesPage_TearDown -->
  <testcase classname="com.TestCases.BusinessCategoriesPageTest" name="@BeforeMethod businessCategoriesPage_SetUp" time="0.0">
    <skipped/>
  </testcase> <!-- @BeforeMethod businessCategoriesPage_SetUp -->
  <testcase classname="com.TestCases.BusinessCategoriesPageTest" name="@AfterMethod businessCategoriesPage_TearDown" time="0.0">
    <skipped/>
  </testcase> <!-- @AfterMethod businessCategoriesPage_TearDown -->
  <testcase classname="com.TestCases.BusinessCategoriesPageTest" name="@BeforeMethod businessCategoriesPage_SetUp" time="0.0">
    <skipped/>
  </testcase> <!-- @BeforeMethod businessCategoriesPage_SetUp -->
  <testcase classname="com.TestCases.BusinessCategoriesPageTest" name="@AfterMethod businessCategoriesPage_TearDown" time="0.0">
    <skipped/>
  </testcase> <!-- @AfterMethod businessCategoriesPage_TearDown -->
  <testcase classname="com.TestCases.BusinessCategoriesPageTest" name="@BeforeMethod businessCategoriesPage_SetUp" time="0.0">
    <skipped/>
  </testcase> <!-- @BeforeMethod businessCategoriesPage_SetUp -->
  <testcase classname="com.TestCases.BusinessCategoriesPageTest" name="@AfterMethod businessCategoriesPage_TearDown" time="0.0">
    <skipped/>
  </testcase> <!-- @AfterMethod businessCategoriesPage_TearDown -->
  <testcase classname="com.TestCases.BusinessCategoriesPageTest" name="@BeforeMethod businessCategoriesPage_SetUp" time="0.0">
    <skipped/>
  </testcase> <!-- @BeforeMethod businessCategoriesPage_SetUp -->
  <testcase classname="com.TestCases.BusinessCategoriesPageTest" name="@AfterMethod businessCategoriesPage_TearDown" time="0.0">
    <skipped/>
  </testcase> <!-- @AfterMethod businessCategoriesPage_TearDown -->
  <testcase classname="com.TestCases.BusinessCategoriesPageTest" name="@BeforeMethod businessCategoriesPage_SetUp" time="0.0">
    <skipped/>
  </testcase> <!-- @BeforeMethod businessCategoriesPage_SetUp -->
  <testcase classname="com.TestCases.BusinessCategoriesPageTest" name="@AfterMethod businessCategoriesPage_TearDown" time="0.0">
    <skipped/>
  </testcase> <!-- @AfterMethod businessCategoriesPage_TearDown -->
  <testcase classname="com.TestCases.BusinessCategoriesPageTest" name="@BeforeMethod businessCategoriesPage_SetUp" time="0.0">
    <skipped/>
  </testcase> <!-- @BeforeMethod businessCategoriesPage_SetUp -->
  <testcase classname="com.TestCases.BusinessCategoriesPageTest" name="@AfterMethod businessCategoriesPage_TearDown" time="0.0">
    <skipped/>
  </testcase> <!-- @AfterMethod businessCategoriesPage_TearDown -->
  <testcase classname="com.TestCases.BusinessCategoriesPageTest" name="@BeforeMethod businessCategoriesPage_SetUp" time="0.0">
    <skipped/>
  </testcase> <!-- @BeforeMethod businessCategoriesPage_SetUp -->
  <testcase classname="com.TestCases.BusinessCategoriesPageTest" name="@AfterMethod businessCategoriesPage_TearDown" time="0.0">
    <skipped/>
  </testcase> <!-- @AfterMethod businessCategoriesPage_TearDown -->
  <testcase classname="com.TestCases.BusinessCategoriesPageTest" name="@BeforeMethod businessCategoriesPage_SetUp" time="0.0">
    <skipped/>
  </testcase> <!-- @BeforeMethod businessCategoriesPage_SetUp -->
  <testcase classname="com.TestCases.BusinessCategoriesPageTest" name="@AfterMethod businessCategoriesPage_TearDown" time="0.0">
    <skipped/>
  </testcase> <!-- @AfterMethod businessCategoriesPage_TearDown -->
  <testcase classname="com.TestCases.BusinessCategoriesPageTest" name="@BeforeMethod businessCategoriesPage_SetUp" time="0.0">
    <skipped/>
  </testcase> <!-- @BeforeMethod businessCategoriesPage_SetUp -->
  <testcase classname="com.TestCases.BusinessCategoriesPageTest" name="@AfterMethod businessCategoriesPage_TearDown" time="0.0">
    <skipped/>
  </testcase> <!-- @AfterMethod businessCategoriesPage_TearDown -->
  <testcase classname="com.TestCases.BusinessCategoriesPageTest" name="@BeforeMethod businessCategoriesPage_SetUp" time="0.0">
    <skipped/>
  </testcase> <!-- @BeforeMethod businessCategoriesPage_SetUp -->
  <testcase classname="com.TestCases.BusinessCategoriesPageTest" name="@AfterMethod businessCategoriesPage_TearDown" time="0.0">
    <skipped/>
  </testcase> <!-- @AfterMethod businessCategoriesPage_TearDown -->
  <testcase classname="com.TestCases.BusinessCategoriesPageTest" name="@BeforeMethod businessCategoriesPage_SetUp" time="0.0">
    <skipped/>
  </testcase> <!-- @BeforeMethod businessCategoriesPage_SetUp -->
  <testcase classname="com.TestCases.BusinessCategoriesPageTest" name="@AfterMethod businessCategoriesPage_TearDown" time="0.0">
    <skipped/>
  </testcase> <!-- @AfterMethod businessCategoriesPage_TearDown -->
  <testcase classname="com.TestCases.LoginPageTest" name="loginpage_CurrentUrl_Test" time="0.08"/>
  <testcase classname="com.TestCases.LoginPageTest" name="loginpage_Title_Test" time="0.019">
    <failure type="java.lang.AssertionError" message="EmployFX - Employee Management expected:&amp;lt;EmployFX - Employee Management&amp;gt; but was:&amp;lt;LoginPage Title Validation Successfull - PASS&amp;gt;">
      <![CDATA[java.lang.AssertionError: EmployFX - Employee Management expected:<EmployFX - Employee Management> but was:<LoginPage Title Validation Successfull - PASS>
at com.TestCases.LoginPageTest.loginpage_Title_Test(LoginPageTest.java:83)
at java.base/java.util.ArrayList.forEach(ArrayList.java:1511)
... Removed 28 stack frames]]>
    </failure>
  </testcase> <!-- loginpage_Title_Test -->
  <testcase classname="com.TestCases.LoginPageTest" name="loginpage_HeadingLabelText_Test" time="0.057"/>
  <testcase classname="com.TestCases.LoginPageTest" name="loginpage_EmployFXLabelText_Test" time="0.055"/>
  <testcase classname="com.TestCases.LoginPageTest" name="loginpage_EmployFXManagementLabelText_Test" time="0.054"/>
  <testcase classname="com.TestCases.LoginPageTest" name="loginpage_SuperAdminLogin_Test" time="2.002"/>
  <testcase classname="com.TestCases.LoginPageTest" name="loginpage_AdminLogin_Test" time="30.571">
    <failure type="org.openqa.selenium.TimeoutException" message="Expected condition failed: waiting for url to contain &amp;quot;em-new-staging.employfx.com/#/dashboard&amp;quot;. Current url: &amp;quot;http://em-new-staging.employfx.com/#/superAdmin&amp;quot; (tried for 30 second(s) with 500 milliseconds interval)
Build info: version: &amp;apos;3.141.59&amp;apos;, revision: &amp;apos;e82be7d358&amp;apos;, time: &amp;apos;2018-11-14T08:17:03&amp;apos;
System info: host: &amp;apos;VAILEXA-LAVANYA&amp;apos;, ip: &amp;apos;192.168.1.6&amp;apos;, os.name: &amp;apos;Windows 11&amp;apos;, os.arch: &amp;apos;amd64&amp;apos;, os.version: &amp;apos;10.0&amp;apos;, java.version: &amp;apos;17.0.6&amp;apos;
Driver info: org.openqa.selenium.chrome.ChromeDriver
Capabilities {acceptInsecureCerts: false, browserName: chrome, browserVersion: 115.0.5790.173, chrome: {chromedriverVersion: 114.0.5735.90 (386bc09e8f4f..., userDataDir: C:\Users\91900\AppData\Loca...}, goog:chromeOptions: {debuggerAddress: localhost:54387}, javascriptEnabled: true, networkConnectionEnabled: false, pageLoadStrategy: normal, platform: WINDOWS, platformName: WINDOWS, proxy: Proxy(), setWindowRect: true, strictFileInteractability: false, timeouts: {implicit: 0, pageLoad: 300000, script: 30000}, unhandledPromptBehavior: dismiss and notify, webauthn:extension:credBlob: true, webauthn:extension:largeBlob: true, webauthn:extension:minPinLength: true, webauthn:extension:prf: true, webauthn:virtualAuthenticators: true}
Session ID: dde083311145d72677fbb63f2c848154">
      <![CDATA[org.openqa.selenium.TimeoutException: Expected condition failed: waiting for url to contain "em-new-staging.employfx.com/#/dashboard". Current url: "http://em-new-staging.employfx.com/#/superAdmin" (tried for 30 second(s) with 500 milliseconds interval)
Build info: version: '3.141.59', revision: 'e82be7d358', time: '2018-11-14T08:17:03'
System info: host: 'VAILEXA-LAVANYA', ip: '192.168.1.6', os.name: 'Windows 11', os.arch: 'amd64', os.version: '10.0', java.version: '17.0.6'
Driver info: org.openqa.selenium.chrome.ChromeDriver
Capabilities {acceptInsecureCerts: false, browserName: chrome, browserVersion: 115.0.5790.173, chrome: {chromedriverVersion: 114.0.5735.90 (386bc09e8f4f..., userDataDir: C:\Users\91900\AppData\Loca...}, goog:chromeOptions: {debuggerAddress: localhost:54387}, javascriptEnabled: true, networkConnectionEnabled: false, pageLoadStrategy: normal, platform: WINDOWS, platformName: WINDOWS, proxy: Proxy(), setWindowRect: true, strictFileInteractability: false, timeouts: {implicit: 0, pageLoad: 300000, script: 30000}, unhandledPromptBehavior: dismiss and notify, webauthn:extension:credBlob: true, webauthn:extension:largeBlob: true, webauthn:extension:minPinLength: true, webauthn:extension:prf: true, webauthn:virtualAuthenticators: true}
Session ID: dde083311145d72677fbb63f2c848154
at org.openqa.selenium.support.ui.WebDriverWait.timeoutException(WebDriverWait.java:95)
at org.openqa.selenium.support.ui.FluentWait.until(FluentWait.java:272)
at com.WebPages.LoginPage.adminLogin(LoginPage.java:104)
at com.TestCases.LoginPageTest.loginpage_AdminLogin_Test(LoginPageTest.java:164)
at java.base/java.util.ArrayList.forEach(ArrayList.java:1511)
... Removed 27 stack frames]]>
    </failure>
  </testcase> <!-- loginpage_AdminLogin_Test -->
  <testcase classname="com.TestCases.LoginPageTest" name="loginpage_validatingForgotPasswordLink_Test" time="0.143"/>
  <testcase classname="com.TestCases.LoginPageTest" name="loginpage_ValidatingForgotPasswordLabelText_Test" time="0.059"/>
  <testcase classname="com.TestCases.LoginPageTest" name="loginPage_ValidatingEmailLabelText_Test" time="0.067"/>
  <testcase classname="com.TestCases.LoginPageTest" name="loginPage_ValidatingPasswordLabelText_Test" time="0.084"/>
  <testcase classname="com.TestCases.LoginPageTest" name="loginPage_ValidatingFieldsAvailaility_Test" time="0.204"/>
  <testcase classname="com.TestCases.LoginPageTest" name="loginPage_ValidatingBrowserBackButton_Test" time="3.145"/>
  <testcase classname="com.TestCases.LoginPageTest" name="loginPage_ValidatingLoggingOutBackButon_Test" time="5.062"/>
  <testcase classname="com.TestCases.AdminHomePageTest" name="adminHomePage_CurrentURL_Validation_Test" time="0.02"/>
  <testcase classname="com.TestCases.AdminHomePageTest" name="adminHomePage_Title_Validation_Test" time="0.03"/>
  <testcase classname="com.TestCases.AdminHomePageTest" name="adminHomePage_Heading_Validation_Test" time="0.037"/>
  <testcase classname="com.TestCases.AdminHomePageTest" name="adminHomePage_NotificationBellIcon_Validation_Test" time="0.18"/>
  <testcase classname="com.TestCases.AdminHomePageTest" name="adminHomePage_LoggedInUserName_Validation_Test" time="0.063"/>
  <testcase classname="com.TestCases.AdminHomePageTest" name="adminHomePage_PreferencesOption_Validation_Test" time="30.196">
    <failure type="org.openqa.selenium.NoSuchElementException" message="no such element: Unable to locate element: {&amp;quot;method&amp;quot;:&amp;quot;xpath&amp;quot;,&amp;quot;selector&amp;quot;:&amp;quot;/html/body/div[2]/div[2]/div/div/div/div/button[1]&amp;quot;}
  (Session info: chrome=115.0.5790.173)
For documentation on this error, please visit: https://www.seleniumhq.org/exceptions/no_such_element.html
Build info: version: &amp;apos;3.141.59&amp;apos;, revision: &amp;apos;e82be7d358&amp;apos;, time: &amp;apos;2018-11-14T08:17:03&amp;apos;
System info: host: &amp;apos;VAILEXA-LAVANYA&amp;apos;, ip: &amp;apos;192.168.1.6&amp;apos;, os.name: &amp;apos;Windows 11&amp;apos;, os.arch: &amp;apos;amd64&amp;apos;, os.version: &amp;apos;10.0&amp;apos;, java.version: &amp;apos;17.0.6&amp;apos;
Driver info: org.openqa.selenium.chrome.ChromeDriver
Capabilities {acceptInsecureCerts: false, browserName: chrome, browserVersion: 115.0.5790.173, chrome: {chromedriverVersion: 114.0.5735.90 (386bc09e8f4f..., userDataDir: C:\Users\91900\AppData\Loca...}, goog:chromeOptions: {debuggerAddress: localhost:55106}, javascriptEnabled: true, networkConnectionEnabled: false, pageLoadStrategy: normal, platform: WINDOWS, platformName: WINDOWS, proxy: Proxy(), setWindowRect: true, strictFileInteractability: false, timeouts: {implicit: 0, pageLoad: 300000, script: 30000}, unhandledPromptBehavior: dismiss and notify, webauthn:extension:credBlob: true, webauthn:extension:largeBlob: true, webauthn:extension:minPinLength: true, webauthn:extension:prf: true, webauthn:virtualAuthenticators: true}
Session ID: 63bf5b552b8e5f7ecf04364664770735
*** Element info: {Using=xpath, value=/html/body/div[2]/div[2]/div/div/div/div/button[1]}">
      <![CDATA[org.openqa.selenium.NoSuchElementException: no such element: Unable to locate element: {"method":"xpath","selector":"/html/body/div[2]/div[2]/div/div/div/div/button[1]"}
  (Session info: chrome=115.0.5790.173)
For documentation on this error, please visit: https://www.seleniumhq.org/exceptions/no_such_element.html
Build info: version: '3.141.59', revision: 'e82be7d358', time: '2018-11-14T08:17:03'
System info: host: 'VAILEXA-LAVANYA', ip: '192.168.1.6', os.name: 'Windows 11', os.arch: 'amd64', os.version: '10.0', java.version: '17.0.6'
Driver info: org.openqa.selenium.chrome.ChromeDriver
Capabilities {acceptInsecureCerts: false, browserName: chrome, browserVersion: 115.0.5790.173, chrome: {chromedriverVersion: 114.0.5735.90 (386bc09e8f4f..., userDataDir: C:\Users\91900\AppData\Loca...}, goog:chromeOptions: {debuggerAddress: localhost:55106}, javascriptEnabled: true, networkConnectionEnabled: false, pageLoadStrategy: normal, platform: WINDOWS, platformName: WINDOWS, proxy: Proxy(), setWindowRect: true, strictFileInteractability: false, timeouts: {implicit: 0, pageLoad: 300000, script: 30000}, unhandledPromptBehavior: dismiss and notify, webauthn:extension:credBlob: true, webauthn:extension:largeBlob: true, webauthn:extension:minPinLength: true, webauthn:extension:prf: true, webauthn:virtualAuthenticators: true}
Session ID: 63bf5b552b8e5f7ecf04364664770735
*** Element info: {Using=xpath, value=/html/body/div[2]/div[2]/div/div/div/div/button[1]}
at org.openqa.selenium.remote.http.W3CHttpResponseCodec.createException(W3CHttpResponseCodec.java:187)
at org.openqa.selenium.remote.http.W3CHttpResponseCodec.decode(W3CHttpResponseCodec.java:122)
at org.openqa.selenium.remote.http.W3CHttpResponseCodec.decode(W3CHttpResponseCodec.java:49)
at org.openqa.selenium.remote.HttpCommandExecutor.execute(HttpCommandExecutor.java:158)
at org.openqa.selenium.remote.service.DriverCommandExecutor.execute(DriverCommandExecutor.java:83)
at org.openqa.selenium.remote.RemoteWebDriver.execute(RemoteWebDriver.java:552)
at org.openqa.selenium.remote.RemoteWebDriver.findElement(RemoteWebDriver.java:323)
at org.openqa.selenium.remote.RemoteWebDriver.findElementByXPath(RemoteWebDriver.java:428)
at org.openqa.selenium.By$ByXPath.findElement(By.java:353)
at org.openqa.selenium.remote.RemoteWebDriver.findElement(RemoteWebDriver.java:315)
at org.openqa.selenium.support.pagefactory.DefaultElementLocator.findElement(DefaultElementLocator.java:69)
at org.openqa.selenium.support.pagefactory.internal.LocatingElementHandler.invoke(LocatingElementHandler.java:38)
at jdk.proxy2/jdk.proxy2.$Proxy14.click(Unknown Source)
at com.WebPages.AdminHomePage.adminHomePage_PreferencesOption_Validation(AdminHomePage.java:142)
at com.TestCases.AdminHomePageTest.adminHomePage_PreferencesOption_Validation_Test(AdminHomePageTest.java:169)
at java.base/java.util.ArrayList.forEach(ArrayList.java:1511)
... Removed 32 stack frames]]>
    </failure>
  </testcase> <!-- adminHomePage_PreferencesOption_Validation_Test -->
  <testcase classname="com.TestCases.AdminHomePageTest" name="adminHomePage_HelpAndSupportOption_Validation_Test" time="2.166"/>
  <testcase classname="com.TestCases.AdminHomePageTest" name="adminHomePage_LogoutOption_Validation_Test" time="2.504"/>
  <testcase classname="com.TestCases.AdminHomePageTest" name="adminHomePage_LoggedInUserImage_Validation_Test" time="0.052"/>
  <testcase classname="com.TestCases.AdminHomePageTest" name="adminHomePage_DashboardOption_Validation_Test" time="0.108"/>
  <testcase classname="com.TestCases.AdminHomePageTest" name="adminHomePage_ChatOption_Validation_Test" time="0.262"/>
  <testcase classname="com.TestCases.AdminHomePageTest" name="adminHomePage_MyDetailsOption_Validation_Test" time="0.123"/>
  <testcase classname="com.TestCases.AdminHomePageTest" name="adminHomePage_CompanyDetailsOption_Validation_Test" time="0.096"/>
  <testcase classname="com.TestCases.AdminHomePageTest" name="adminHomePage_EmployeeListOption_Validation_Test" time="0.228"/>
  <testcase classname="com.TestCases.AdminHomePageTest" name="adminHomePage_RolesAndPermissionsOption_Validation_Test" time="0.153"/>
  <testcase classname="com.TestCases.AdminHomePageTest" name="adminHomePage_PendingApprovalsOption_Validation_Test" time="0.154"/>
  <testcase classname="com.TestCases.AdminHomePageTest" name="adminHomePage_HolidayManagementOption_Validation" time="0.128"/>
  <testcase classname="com.TestCases.AdminHomePageTest" name="adminHomePage_EmployeeStaticFieldsOption_Validation_Test" time="0.162"/>
  <testcase classname="com.TestCases.AdminHomePageTest" name="adminHomePage_ValidatingBrowserBackButton_Test" time="0.915">
    <failure type="org.openqa.selenium.StaleElementReferenceException" message="stale element reference: stale element not found
  (Session info: chrome=115.0.5790.173)
For documentation on this error, please visit: https://www.seleniumhq.org/exceptions/stale_element_reference.html
Build info: version: &amp;apos;3.141.59&amp;apos;, revision: &amp;apos;e82be7d358&amp;apos;, time: &amp;apos;2018-11-14T08:17:03&amp;apos;
System info: host: &amp;apos;VAILEXA-LAVANYA&amp;apos;, ip: &amp;apos;192.168.1.6&amp;apos;, os.name: &amp;apos;Windows 11&amp;apos;, os.arch: &amp;apos;amd64&amp;apos;, os.version: &amp;apos;10.0&amp;apos;, java.version: &amp;apos;17.0.6&amp;apos;
Driver info: org.openqa.selenium.chrome.ChromeDriver
Capabilities {acceptInsecureCerts: false, browserName: chrome, browserVersion: 115.0.5790.173, chrome: {chromedriverVersion: 114.0.5735.90 (386bc09e8f4f..., userDataDir: C:\Users\91900\AppData\Loca...}, goog:chromeOptions: {debuggerAddress: localhost:56112}, javascriptEnabled: true, networkConnectionEnabled: false, pageLoadStrategy: normal, platform: WINDOWS, platformName: WINDOWS, proxy: Proxy(), setWindowRect: true, strictFileInteractability: false, timeouts: {implicit: 0, pageLoad: 300000, script: 30000}, unhandledPromptBehavior: dismiss and notify, webauthn:extension:credBlob: true, webauthn:extension:largeBlob: true, webauthn:extension:minPinLength: true, webauthn:extension:prf: true, webauthn:virtualAuthenticators: true}
Session ID: 50ce5cadf3dd302d2d498923f6b8e39c">
      <![CDATA[org.openqa.selenium.StaleElementReferenceException: stale element reference: stale element not found
  (Session info: chrome=115.0.5790.173)
For documentation on this error, please visit: https://www.seleniumhq.org/exceptions/stale_element_reference.html
Build info: version: '3.141.59', revision: 'e82be7d358', time: '2018-11-14T08:17:03'
System info: host: 'VAILEXA-LAVANYA', ip: '192.168.1.6', os.name: 'Windows 11', os.arch: 'amd64', os.version: '10.0', java.version: '17.0.6'
Driver info: org.openqa.selenium.chrome.ChromeDriver
Capabilities {acceptInsecureCerts: false, browserName: chrome, browserVersion: 115.0.5790.173, chrome: {chromedriverVersion: 114.0.5735.90 (386bc09e8f4f..., userDataDir: C:\Users\91900\AppData\Loca...}, goog:chromeOptions: {debuggerAddress: localhost:56112}, javascriptEnabled: true, networkConnectionEnabled: false, pageLoadStrategy: normal, platform: WINDOWS, platformName: WINDOWS, proxy: Proxy(), setWindowRect: true, strictFileInteractability: false, timeouts: {implicit: 0, pageLoad: 300000, script: 30000}, unhandledPromptBehavior: dismiss and notify, webauthn:extension:credBlob: true, webauthn:extension:largeBlob: true, webauthn:extension:minPinLength: true, webauthn:extension:prf: true, webauthn:virtualAuthenticators: true}
Session ID: 50ce5cadf3dd302d2d498923f6b8e39c
at org.openqa.selenium.remote.http.W3CHttpResponseCodec.createException(W3CHttpResponseCodec.java:187)
at org.openqa.selenium.remote.http.W3CHttpResponseCodec.decode(W3CHttpResponseCodec.java:122)
at org.openqa.selenium.remote.http.W3CHttpResponseCodec.decode(W3CHttpResponseCodec.java:49)
at org.openqa.selenium.remote.HttpCommandExecutor.execute(HttpCommandExecutor.java:158)
at org.openqa.selenium.remote.service.DriverCommandExecutor.execute(DriverCommandExecutor.java:83)
at org.openqa.selenium.remote.RemoteWebDriver.execute(RemoteWebDriver.java:552)
at org.openqa.selenium.remote.RemoteWebElement.execute(RemoteWebElement.java:285)
at org.openqa.selenium.remote.RemoteWebElement.getText(RemoteWebElement.java:166)
at com.CommonActions.CommonActions.PageNotFoundError(CommonActions.java:112)
at com.TestCases.AdminHomePageTest.adminHomePage_ValidatingBrowserBackButton_Test(AdminHomePageTest.java:294)
at java.base/java.util.ArrayList.forEach(ArrayList.java:1511)
... Removed 32 stack frames]]>
    </failure>
  </testcase> <!-- adminHomePage_ValidatingBrowserBackButton_Test -->
  <testcase classname="com.TestCases.AdminHomePageTest" name="dashboardPage_ValidatingLoggingOutBackButon_Test" time="0.0">
    <skipped/>
  </testcase> <!-- dashboardPage_ValidatingLoggingOutBackButon_Test -->
  <testcase classname="com.TestCases.DashboardPageTest" name="validating_DashboardPage_URL_Test" time="0.0">
    <skipped/>
  </testcase> <!-- validating_DashboardPage_URL_Test -->
  <testcase classname="com.TestCases.DashboardPageTest" name="validating_DashboardPage_Title_Test" time="0.0">
    <skipped/>
  </testcase> <!-- validating_DashboardPage_Title_Test -->
  <testcase classname="com.TestCases.DashboardPageTest" name="validating_DashboardPage_HeadingLabelText_Test" time="0.0">
    <skipped/>
  </testcase> <!-- validating_DashboardPage_HeadingLabelText_Test -->
  <testcase classname="com.TestCases.DashboardPageTest" name="validating_Preferences_Test" time="0.002">
    <skipped/>
  </testcase> <!-- validating_Preferences_Test -->
  <testcase classname="com.TestCases.DashboardPageTest" name="validating_HelpAndSupport_Test" time="0.0">
    <skipped/>
  </testcase> <!-- validating_HelpAndSupport_Test -->
  <testcase classname="com.TestCases.DashboardPageTest" name="validating_LogOut_Test" time="0.0">
    <skipped/>
  </testcase> <!-- validating_LogOut_Test -->
  <testcase classname="com.TestCases.DashboardPageTest" name="validating_UserProfile_Test" time="0.0">
    <skipped/>
  </testcase> <!-- validating_UserProfile_Test -->
  <testcase classname="com.TestCases.DashboardPageTest" name="validating_BusinessCategories_Test" time="0.0">
    <skipped/>
  </testcase> <!-- validating_BusinessCategories_Test -->
  <testcase classname="com.TestCases.DashboardPageTest" name="validating_Companies_Test" time="0.0">
    <skipped/>
  </testcase> <!-- validating_Companies_Test -->
  <testcase classname="com.TestCases.DashboardPageTest" name="dashboardPage_ValidatingBrowserBackButton_Test" time="0.0">
    <skipped/>
  </testcase> <!-- dashboardPage_ValidatingBrowserBackButton_Test -->
  <testcase classname="com.TestCases.DashboardPageTest" name="dashboardPage_ValidatingLoggingOutBackButon_Test" time="0.0">
    <skipped/>
  </testcase> <!-- dashboardPage_ValidatingLoggingOutBackButon_Test -->
  <testcase classname="com.TestCases.ForgotPasswordPageTest" name="validating_ForgotPasswordPage_CurrentUrl_Test" time="0.0">
    <skipped/>
  </testcase> <!-- validating_ForgotPasswordPage_CurrentUrl_Test -->
  <testcase classname="com.TestCases.ForgotPasswordPageTest" name="validating_ForgotPasswordPage_Title_Test" time="0.0">
    <skipped/>
  </testcase> <!-- validating_ForgotPasswordPage_Title_Test -->
  <testcase classname="com.TestCases.ForgotPasswordPageTest" name="validating_ForgotPasswordPage_Heading_Test" time="0.0">
    <skipped/>
  </testcase> <!-- validating_ForgotPasswordPage_Heading_Test -->
  <testcase classname="com.TestCases.ForgotPasswordPageTest" name="validating_ForgotPasswordPage_EmailLabelText_Test" time="0.0">
    <skipped/>
  </testcase> <!-- validating_ForgotPasswordPage_EmailLabelText_Test -->
  <testcase classname="com.TestCases.ForgotPasswordPageTest" name="validating_ForgotPasswordPage_EmployFXLabelText_Test" time="0.0">
    <skipped/>
  </testcase> <!-- validating_ForgotPasswordPage_EmployFXLabelText_Test -->
  <testcase classname="com.TestCases.ForgotPasswordPageTest" name="validating_ForgotPasswordPage_EmployeemanagementLabelText_Text" time="0.0">
    <skipped/>
  </testcase> <!-- validating_ForgotPasswordPage_EmployeemanagementLabelText_Text -->
  <testcase classname="com.TestCases.ForgotPasswordPageTest" name="validating_ForgotPasswordPage_ExistingUserEmailWithSubmit_Test" time="0.0">
    <skipped/>
  </testcase> <!-- validating_ForgotPasswordPage_ExistingUserEmailWithSubmit_Test -->
  <testcase classname="com.TestCases.ForgotPasswordPageTest" name="validating_ForgotPasswordPage_ExistingEmailCancelButton_Test" time="0.0">
    <skipped/>
  </testcase> <!-- validating_ForgotPasswordPage_ExistingEmailCancelButton_Test -->
  <testcase classname="com.TestCases.ForgotPasswordPageTest" name="validating_ForgotPasswordPage_LoginLink_Test" time="0.0">
    <skipped/>
  </testcase> <!-- validating_ForgotPasswordPage_LoginLink_Test -->
  <testcase classname="com.TestCases.ForgotPasswordPageTest" name="validating_ForgotPassPageFieldAvailability_Test" time="0.0">
    <skipped/>
  </testcase> <!-- validating_ForgotPassPageFieldAvailability_Test -->
  <testcase classname="com.TestCases.AdminMyDetailsPageTest" name="adminMyDetailsPage_CurrentURL_Validation_Test" time="0.007">
    <failure type="java.lang.NullPointerException" message="Cannot invoke &amp;quot;com.WebPages.AdminMyDetailsPage.myDetailsPage_CurrentUrl_Validation()&amp;quot; because &amp;quot;this.adminMyDetailsPage&amp;quot; is null">
      <![CDATA[java.lang.NullPointerException: Cannot invoke "com.WebPages.AdminMyDetailsPage.myDetailsPage_CurrentUrl_Validation()" because "this.adminMyDetailsPage" is null
at com.TestCases.AdminMyDetailsPageTest.adminMyDetailsPage_CurrentURL_Validation_Test(AdminMyDetailsPageTest.java:66)
at java.base/java.util.ArrayList.forEach(ArrayList.java:1511)
... Removed 27 stack frames]]>
    </failure>
  </testcase> <!-- adminMyDetailsPage_CurrentURL_Validation_Test -->
  <testcase classname="com.TestCases.AdminMyDetailsPageTest" name="adminMyDetailsPage_Title_Validation_Test" time="0.006">
    <failure type="java.lang.NullPointerException" message="Cannot invoke &amp;quot;com.WebPages.AdminMyDetailsPage.myDetailsPage_Title_Validation()&amp;quot; because &amp;quot;this.adminMyDetailsPage&amp;quot; is null">
      <![CDATA[java.lang.NullPointerException: Cannot invoke "com.WebPages.AdminMyDetailsPage.myDetailsPage_Title_Validation()" because "this.adminMyDetailsPage" is null
at com.TestCases.AdminMyDetailsPageTest.adminMyDetailsPage_Title_Validation_Test(AdminMyDetailsPageTest.java:83)
at java.base/java.util.ArrayList.forEach(ArrayList.java:1511)
... Removed 27 stack frames]]>
    </failure>
  </testcase> <!-- adminMyDetailsPage_Title_Validation_Test -->
  <testcase classname="com.TestCases.AdminMyDetailsPageTest" name="adminMyDetailsPage_BackArrowButton_Validation_Test" time="0.007">
    <failure type="java.lang.NullPointerException" message="Cannot invoke &amp;quot;com.WebPages.AdminMyDetailsPage.myDetails_BackArrowButton_Validation()&amp;quot; because &amp;quot;this.adminMyDetailsPage&amp;quot; is null">
      <![CDATA[java.lang.NullPointerException: Cannot invoke "com.WebPages.AdminMyDetailsPage.myDetails_BackArrowButton_Validation()" because "this.adminMyDetailsPage" is null
at com.TestCases.AdminMyDetailsPageTest.adminMyDetailsPage_BackArrowButton_Validation_Test(AdminMyDetailsPageTest.java:100)
at java.base/java.util.ArrayList.forEach(ArrayList.java:1511)
... Removed 27 stack frames]]>
    </failure>
  </testcase> <!-- adminMyDetailsPage_BackArrowButton_Validation_Test -->
  <testcase classname="com.TestCases.AdminMyDetailsPageTest" name="adminMyDetailsPage_UserImage_Validation_Test" time="0.007">
    <failure type="java.lang.NullPointerException" message="Cannot invoke &amp;quot;com.WebPages.AdminMyDetailsPage.myDetails_UserImage_Validation()&amp;quot; because &amp;quot;this.adminMyDetailsPage&amp;quot; is null">
      <![CDATA[java.lang.NullPointerException: Cannot invoke "com.WebPages.AdminMyDetailsPage.myDetails_UserImage_Validation()" because "this.adminMyDetailsPage" is null
at com.TestCases.AdminMyDetailsPageTest.adminMyDetailsPage_UserImage_Validation_Test(AdminMyDetailsPageTest.java:109)
at java.base/java.util.ArrayList.forEach(ArrayList.java:1511)
... Removed 27 stack frames]]>
    </failure>
  </testcase> <!-- adminMyDetailsPage_UserImage_Validation_Test -->
  <testcase classname="com.TestCases.AdminMyDetailsPageTest" name="adminMyDetailsPage_UserName_Validation_Test" time="0.007"/>
  <testcase classname="com.TestCases.AdminMyDetailsPageTest" name="adminMyDetailsPage_UserDesignation_Validation_Test" time="0.014"/>
  <testcase classname="com.TestCases.AdminMyDetailsPageTest" name="adminMyDetailsPage_UserEmail_Validation_Test" time="0.008"/>
  <testcase classname="com.TestCases.AdminMyDetailsPageTest" name="adminMyDetailsPage_GeneralOption_Validation_Test" time="0.008">
    <failure type="java.lang.NullPointerException" message="Cannot invoke &amp;quot;com.WebPages.AdminMyDetailsPage.myDetails_GeneralOption_Validation()&amp;quot; because &amp;quot;this.adminMyDetailsPage&amp;quot; is null">
      <![CDATA[java.lang.NullPointerException: Cannot invoke "com.WebPages.AdminMyDetailsPage.myDetails_GeneralOption_Validation()" because "this.adminMyDetailsPage" is null
at com.TestCases.AdminMyDetailsPageTest.adminMyDetailsPage_GeneralOption_Validation_Test(AdminMyDetailsPageTest.java:141)
at java.base/java.util.ArrayList.forEach(ArrayList.java:1511)
... Removed 27 stack frames]]>
    </failure>
  </testcase> <!-- adminMyDetailsPage_GeneralOption_Validation_Test -->
  <testcase classname="com.TestCases.AdminMyDetailsPageTest" name="adminMyDetailsPage_ContactOption_Validation_Test" time="0.006">
    <failure type="java.lang.NullPointerException" message="Cannot invoke &amp;quot;com.WebPages.AdminMyDetailsPage.myDetails_ContactOption_Validation()&amp;quot; because &amp;quot;this.adminMyDetailsPage&amp;quot; is null">
      <![CDATA[java.lang.NullPointerException: Cannot invoke "com.WebPages.AdminMyDetailsPage.myDetails_ContactOption_Validation()" because "this.adminMyDetailsPage" is null
at com.TestCases.AdminMyDetailsPageTest.adminMyDetailsPage_ContactOption_Validation_Test(AdminMyDetailsPageTest.java:154)
at java.base/java.util.ArrayList.forEach(ArrayList.java:1511)
... Removed 27 stack frames]]>
    </failure>
  </testcase> <!-- adminMyDetailsPage_ContactOption_Validation_Test -->
  <testcase classname="com.TestCases.AdminMyDetailsPageTest" name="adminMyDetailsPage_EducationDetailsOption_Validation_Test" time="0.007">
    <failure type="java.lang.NullPointerException" message="Cannot invoke &amp;quot;com.WebPages.AdminMyDetailsPage.myDetails_EducationDetailsOption_Validation()&amp;quot; because &amp;quot;this.adminMyDetailsPage&amp;quot; is null">
      <![CDATA[java.lang.NullPointerException: Cannot invoke "com.WebPages.AdminMyDetailsPage.myDetails_EducationDetailsOption_Validation()" because "this.adminMyDetailsPage" is null
at com.TestCases.AdminMyDetailsPageTest.adminMyDetailsPage_EducationDetailsOption_Validation_Test(AdminMyDetailsPageTest.java:168)
at java.base/java.util.ArrayList.forEach(ArrayList.java:1511)
... Removed 27 stack frames]]>
    </failure>
  </testcase> <!-- adminMyDetailsPage_EducationDetailsOption_Validation_Test -->
  <testcase classname="com.TestCases.AdminMyDetailsPageTest" name="adminMyDetailsPage_WorkAuthorizationOption_Validation_Test" time="0.008">
    <failure type="java.lang.NullPointerException" message="Cannot invoke &amp;quot;com.WebPages.AdminMyDetailsPage.myDetails_WorkAuthorizationOption_Validation()&amp;quot; because &amp;quot;this.adminMyDetailsPage&amp;quot; is null">
      <![CDATA[java.lang.NullPointerException: Cannot invoke "com.WebPages.AdminMyDetailsPage.myDetails_WorkAuthorizationOption_Validation()" because "this.adminMyDetailsPage" is null
at com.TestCases.AdminMyDetailsPageTest.adminMyDetailsPage_WorkAuthorizationOption_Validation_Test(AdminMyDetailsPageTest.java:182)
at java.base/java.util.ArrayList.forEach(ArrayList.java:1511)
... Removed 27 stack frames]]>
    </failure>
  </testcase> <!-- adminMyDetailsPage_WorkAuthorizationOption_Validation_Test -->
  <testcase classname="com.TestCases.AdminMyDetailsPageTest" name="adminMyDetailsPage_EmploymentHistoryOption_Validating_Test" time="0.007">
    <failure type="java.lang.NullPointerException" message="Cannot invoke &amp;quot;com.WebPages.AdminMyDetailsPage.myDetails_EmploymentHistoryOption_Validation()&amp;quot; because &amp;quot;this.adminMyDetailsPage&amp;quot; is null">
      <![CDATA[java.lang.NullPointerException: Cannot invoke "com.WebPages.AdminMyDetailsPage.myDetails_EmploymentHistoryOption_Validation()" because "this.adminMyDetailsPage" is null
at com.TestCases.AdminMyDetailsPageTest.adminMyDetailsPage_EmploymentHistoryOption_Validating_Test(AdminMyDetailsPageTest.java:196)
at java.base/java.util.ArrayList.forEach(ArrayList.java:1511)
... Removed 27 stack frames]]>
    </failure>
  </testcase> <!-- adminMyDetailsPage_EmploymentHistoryOption_Validating_Test -->
  <testcase classname="com.TestCases.AdminMyDetailsPageTest" name="adminMyDetails_SkillsOption_Validation_Test" time="0.007">
    <failure type="java.lang.NullPointerException" message="Cannot invoke &amp;quot;com.WebPages.AdminMyDetailsPage.myDetails_SkillsOption_Validation()&amp;quot; because &amp;quot;this.adminMyDetailsPage&amp;quot; is null">
      <![CDATA[java.lang.NullPointerException: Cannot invoke "com.WebPages.AdminMyDetailsPage.myDetails_SkillsOption_Validation()" because "this.adminMyDetailsPage" is null
at com.TestCases.AdminMyDetailsPageTest.adminMyDetails_SkillsOption_Validation_Test(AdminMyDetailsPageTest.java:208)
at java.base/java.util.ArrayList.forEach(ArrayList.java:1511)
... Removed 27 stack frames]]>
    </failure>
  </testcase> <!-- adminMyDetails_SkillsOption_Validation_Test -->
  <testcase classname="com.TestCases.AdminMyDetailsPageTest" name="adminMyDetails_DependentsOption_Validation_Test" time="0.006">
    <failure type="java.lang.NullPointerException" message="Cannot invoke &amp;quot;com.WebPages.AdminMyDetailsPage.myDetails_DependentsOption_Validation()&amp;quot; because &amp;quot;this.adminMyDetailsPage&amp;quot; is null">
      <![CDATA[java.lang.NullPointerException: Cannot invoke "com.WebPages.AdminMyDetailsPage.myDetails_DependentsOption_Validation()" because "this.adminMyDetailsPage" is null
at com.TestCases.AdminMyDetailsPageTest.adminMyDetails_DependentsOption_Validation_Test(AdminMyDetailsPageTest.java:221)
at java.base/java.util.ArrayList.forEach(ArrayList.java:1511)
... Removed 27 stack frames]]>
    </failure>
  </testcase> <!-- adminMyDetails_DependentsOption_Validation_Test -->
  <testcase classname="com.TestCases.AdminMyDetailsPageTest" name="adminMyDetails_AssetsOption_Validation_Test" time="0.008">
    <failure type="java.lang.NullPointerException" message="Cannot invoke &amp;quot;com.WebPages.AdminMyDetailsPage.myDetails_AssetsOption_Validation()&amp;quot; because &amp;quot;this.adminMyDetailsPage&amp;quot; is null">
      <![CDATA[java.lang.NullPointerException: Cannot invoke "com.WebPages.AdminMyDetailsPage.myDetails_AssetsOption_Validation()" because "this.adminMyDetailsPage" is null
at com.TestCases.AdminMyDetailsPageTest.adminMyDetails_AssetsOption_Validation_Test(AdminMyDetailsPageTest.java:233)
at java.base/java.util.ArrayList.forEach(ArrayList.java:1511)
... Removed 27 stack frames]]>
    </failure>
  </testcase> <!-- adminMyDetails_AssetsOption_Validation_Test -->
  <testcase classname="com.TestCases.AdminMyDetailsPageTest" name="adminMyDetails_TimesheetOption_Validation_Test" time="0.007">
    <failure type="java.lang.NullPointerException" message="Cannot invoke &amp;quot;com.WebPages.AdminMyDetailsPage.myDetails_TimesheetOption_Validation()&amp;quot; because &amp;quot;this.adminMyDetailsPage&amp;quot; is null">
      <![CDATA[java.lang.NullPointerException: Cannot invoke "com.WebPages.AdminMyDetailsPage.myDetails_TimesheetOption_Validation()" because "this.adminMyDetailsPage" is null
at com.TestCases.AdminMyDetailsPageTest.adminMyDetails_TimesheetOption_Validation_Test(AdminMyDetailsPageTest.java:246)
at java.base/java.util.ArrayList.forEach(ArrayList.java:1511)
... Removed 27 stack frames]]>
    </failure>
  </testcase> <!-- adminMyDetails_TimesheetOption_Validation_Test -->
  <testcase classname="com.TestCases.AdminMyDetailsPageTest" name="adminMyDetails_ApplyForLeaveOption_Validation_Test" time="0.007">
    <failure type="java.lang.NullPointerException" message="Cannot invoke &amp;quot;com.WebPages.AdminMyDetailsPage.myDetails_ApplyForLeaveOption_Validation()&amp;quot; because &amp;quot;this.adminMyDetailsPage&amp;quot; is null">
      <![CDATA[java.lang.NullPointerException: Cannot invoke "com.WebPages.AdminMyDetailsPage.myDetails_ApplyForLeaveOption_Validation()" because "this.adminMyDetailsPage" is null
at com.TestCases.AdminMyDetailsPageTest.adminMyDetails_ApplyForLeaveOption_Validation_Test(AdminMyDetailsPageTest.java:258)
at java.base/java.util.ArrayList.forEach(ArrayList.java:1511)
... Removed 27 stack frames]]>
    </failure>
  </testcase> <!-- adminMyDetails_ApplyForLeaveOption_Validation_Test -->
  <testcase classname="com.TestCases.AdminMyDetailsPageTest" name="adminMyDetails_HolidayCalender_Validation_Test" time="0.009">
    <failure type="java.lang.NullPointerException" message="Cannot invoke &amp;quot;com.WebPages.AdminMyDetailsPage.myDetails_HolidayCalenderOption_Validation()&amp;quot; because &amp;quot;this.adminMyDetailsPage&amp;quot; is null">
      <![CDATA[java.lang.NullPointerException: Cannot invoke "com.WebPages.AdminMyDetailsPage.myDetails_HolidayCalenderOption_Validation()" because "this.adminMyDetailsPage" is null
at com.TestCases.AdminMyDetailsPageTest.adminMyDetails_HolidayCalender_Validation_Test(AdminMyDetailsPageTest.java:271)
at java.base/java.util.ArrayList.forEach(ArrayList.java:1511)
... Removed 27 stack frames]]>
    </failure>
  </testcase> <!-- adminMyDetails_HolidayCalender_Validation_Test -->
  <testcase classname="com.TestCases.AddCompanyPageTest" name="addCompanyPage_CurrentURL_Validation_Test" time="0.0">
    <skipped/>
  </testcase> <!-- addCompanyPage_CurrentURL_Validation_Test -->
  <testcase classname="com.TestCases.AddCompanyPageTest" name="addCompanyPage_Title_Validation_Test" time="0.0">
    <skipped/>
  </testcase> <!-- addCompanyPage_Title_Validation_Test -->
  <testcase classname="com.TestCases.AddCompanyPageTest" name="addCompanyPage_HeadingLabelText_Validation_Test" time="0.0">
    <skipped/>
  </testcase> <!-- addCompanyPage_HeadingLabelText_Validation_Test -->
  <testcase classname="com.TestCases.AddCompanyPageTest" name="addCompanyPage_SubHeadingLabelText_Validation_Test" time="0.0">
    <skipped/>
  </testcase> <!-- addCompanyPage_SubHeadingLabelText_Validation_Test -->
  <testcase classname="com.TestCases.AddCompanyPageTest" name="addCompanyPage_AllFields_Validation_Test" time="0.0">
    <skipped/>
  </testcase> <!-- addCompanyPage_AllFields_Validation_Test -->
  <testcase classname="com.TestCases.AddCompanyPageTest" name="addCompanyPage_AllFieldsCancel_Validation_Test" time="0.0">
    <skipped/>
  </testcase> <!-- addCompanyPage_AllFieldsCancel_Validation_Test -->
  <testcase classname="com.TestCases.AddCompanyPageTest" name="addCompanyPage_AllFieldsReset_Validation_Test" time="0.0">
    <skipped/>
  </testcase> <!-- addCompanyPage_AllFieldsReset_Validation_Test -->
  <testcase classname="com.TestCases.AddCompanyPageTest" name="addCompanyPage_WithoutSecondary_Validation_Test" time="0.0">
    <skipped/>
  </testcase> <!-- addCompanyPage_WithoutSecondary_Validation_Test -->
  <testcase classname="com.TestCases.AddCompanyPageTest" name="addCompanyPage_MandatoryFields_Validation_Test" time="0.0">
    <skipped/>
  </testcase> <!-- addCompanyPage_MandatoryFields_Validation_Test -->
  <testcase classname="com.TestCases.CompanyDetailsPageTest" name="test" time="0.0">
    <skipped/>
  </testcase> <!-- test -->
  <testcase classname="com.TestCases.CompanyDetailsPageTest" name="companyDetailsPage_CurrentUrlTest" time="0.0">
    <skipped/>
  </testcase> <!-- companyDetailsPage_CurrentUrlTest -->
  <testcase classname="com.TestCases.CompanyDetailsPageTest" name="companyDetailsPage_TitleValidation_Test" time="0.0">
    <skipped/>
  </testcase> <!-- companyDetailsPage_TitleValidation_Test -->
  <testcase classname="com.TestCases.CompanyDetailsPageTest" name="companyDetailsPage_HeadingLabelTextValidation_Test" time="0.0">
    <skipped/>
  </testcase> <!-- companyDetailsPage_HeadingLabelTextValidation_Test -->
  <testcase classname="com.TestCases.CompanyDetailsPageTest" name="companyDetailsPage_CompanyDataValidation_Test" time="0.0">
    <skipped/>
  </testcase> <!-- companyDetailsPage_CompanyDataValidation_Test -->
  <testcase classname="com.TestCases.CompanyDetailsPageTest" name="validating_BackButton_Test" time="0.0">
    <skipped/>
  </testcase> <!-- validating_BackButton_Test -->
  <testcase classname="com.TestCases.PreferencesPageTest" name="currentURL_Validation_Test" time="0.0">
    <skipped/>
  </testcase> <!-- currentURL_Validation_Test -->
  <testcase classname="com.TestCases.PreferencesPageTest" name="title_Validation_Test" time="0.0">
    <skipped/>
  </testcase> <!-- title_Validation_Test -->
  <testcase classname="com.TestCases.PreferencesPageTest" name="preferencesPage_PreferenceHeadingLabelText_Validation_Test" time="0.0">
    <skipped/>
  </testcase> <!-- preferencesPage_PreferenceHeadingLabelText_Validation_Test -->
  <testcase classname="com.TestCases.PreferencesPageTest" name="preferencesPage_ChangePasswordHeadingLabelText_Validation_Test" time="0.0">
    <skipped/>
  </testcase> <!-- preferencesPage_ChangePasswordHeadingLabelText_Validation_Test -->
  <testcase classname="com.TestCases.PreferencesPageTest" name="preferencesPage_ResetButtonValidation_Test" time="0.0">
    <skipped/>
  </testcase> <!-- preferencesPage_ResetButtonValidation_Test -->
  <testcase classname="com.TestCases.PreferencesPageTest" name="preferencesPage_SubmitButtonalidation_Test" time="0.0">
    <skipped/>
  </testcase> <!-- preferencesPage_SubmitButtonalidation_Test -->
  <testcase classname="com.TestCases.AdminMyDetailsEducationDetailsTest" name="myDetails_EducationDetails_CurrentUrl_Validation_Test" time="0.0">
    <skipped/>
  </testcase> <!-- myDetails_EducationDetails_CurrentUrl_Validation_Test -->
  <testcase classname="com.TestCases.AdminMyDetailsEducationDetailsTest" name="myDetails_EducationDetails_Title_Validation_Test" time="0.0">
    <skipped/>
  </testcase> <!-- myDetails_EducationDetails_Title_Validation_Test -->
  <testcase classname="com.TestCases.AdminMyDetailsEducationDetailsTest" name="myDetails_EducationDetails_TableHeader_Validation_Test" time="0.0">
    <skipped/>
  </testcase> <!-- myDetails_EducationDetails_TableHeader_Validation_Test -->
  <testcase classname="com.TestCases.AdminMyDetailsEducationDetailsTest" name="myDetails_EducationDetails_AddButton_Validation_Test" time="0.0">
    <skipped/>
  </testcase> <!-- myDetails_EducationDetails_AddButton_Validation_Test -->
  <testcase classname="com.TestCases.AdminMyDetailsEducationDetailsTest" name="myDetails_EducationDetails_AddEducationDetailsPopUpHeader_Validation_Test" time="0.0">
    <skipped/>
  </testcase> <!-- myDetails_EducationDetails_AddEducationDetailsPopUpHeader_Validation_Test -->
  <testcase classname="com.TestCases.AdminMyDetailsEducationDetailsTest" name="myDetails_EducationDetails_AddEducationDetailsPopUp_AllFieldDataWithSavButton_Validation_Test" time="0.0">
    <skipped/>
  </testcase> <!-- myDetails_EducationDetails_AddEducationDetailsPopUp_AllFieldDataWithSavButton_Validation_Test -->
  <testcase classname="com.TestCases.AdminMyDetailsEducationDetailsTest" name="myDetails_EducationDetails_AddEducationDetailsPopUp_MandatoryFieldDataWithSavButton_Validation_Test" time="0.0">
    <skipped/>
  </testcase> <!-- myDetails_EducationDetails_AddEducationDetailsPopUp_MandatoryFieldDataWithSavButton_Validation_Test -->
  <testcase classname="com.TestCases.AdminMyDetailsEducationDetailsTest" name="myDetails_EducationDetails_AddEducationDetailsPopUp_AllFieldDataWithCancelButton_Validation_Test" time="0.0">
    <skipped/>
  </testcase> <!-- myDetails_EducationDetails_AddEducationDetailsPopUp_AllFieldDataWithCancelButton_Validation_Test -->
  <testcase classname="com.TestCases.AdminMyDetailsEducationDetailsTest" name="myDetails_EducationDetails_AddEducationDetailsPopUp_AllFieldDataWithCloseButton_Validation_Test" time="0.0">
    <skipped/>
  </testcase> <!-- myDetails_EducationDetails_AddEducationDetailsPopUp_AllFieldDataWithCloseButton_Validation_Test -->
  <testcase classname="com.TestCases.AdminMyDetailsEducationDetailsTest" name="myDetails_ContactPage_LogOutBrowsingBack_Validation_Test" time="0.0">
    <skipped/>
  </testcase> <!-- myDetails_ContactPage_LogOutBrowsingBack_Validation_Test -->
  <testcase classname="com.TestCases.AdminMyDetailsEducationDetailsTest" name="presencesOfElements_Validation_Test" time="0.0">
    <skipped/>
  </testcase> <!-- presencesOfElements_Validation_Test -->
  <testcase classname="com.TestCases.AdminMyDetailsWorkAuthorizationPageTest" name="myDetails_WorkAuthorization_CurrentURL_Validation_Test" time="0.0">
    <skipped/>
  </testcase> <!-- myDetails_WorkAuthorization_CurrentURL_Validation_Test -->
  <testcase classname="com.TestCases.AdminMyDetailsWorkAuthorizationPageTest" name="myDetails_WorkAuthorization_Title_Validation_Test" time="0.0">
    <skipped/>
  </testcase> <!-- myDetails_WorkAuthorization_Title_Validation_Test -->
  <testcase classname="com.TestCases.AdminMyDetailsWorkAuthorizationPageTest" name="myDetails_WorkAuthorization_WorkAuthorizationTableHeading_Validation_Test" time="0.0">
    <skipped/>
  </testcase> <!-- myDetails_WorkAuthorization_WorkAuthorizationTableHeading_Validation_Test -->
  <testcase classname="com.TestCases.AdminMyDetailsWorkAuthorizationPageTest" name="myDetails_WorkAuthorization_PassportTableHeading_Validation_Test" time="0.0">
    <skipped/>
  </testcase> <!-- myDetails_WorkAuthorization_PassportTableHeading_Validation_Test -->
  <testcase classname="com.TestCases.AdminMyDetailsWorkAuthorizationPageTest" name="myDetails_WorkAuthorization_I94TableHeading_Validation_Test" time="0.0">
    <skipped/>
  </testcase> <!-- myDetails_WorkAuthorization_I94TableHeading_Validation_Test -->
  <testcase classname="com.TestCases.AdminMyDetailsWorkAuthorizationPageTest" name="MyDetails_WorkAuthorization_WorkAuthorizationPresencesOfElements_Validation_Test" time="0.0">
    <skipped/>
  </testcase> <!-- MyDetails_WorkAuthorization_WorkAuthorizationPresencesOfElements_Validation_Test -->
  <testcase classname="com.TestCases.AdminMyDetailsWorkAuthorizationPageTest" name="myDetails_WorkAuthorization_LogOutBrowsingBack_Validation_Test" time="0.0">
    <skipped/>
  </testcase> <!-- myDetails_WorkAuthorization_LogOutBrowsingBack_Validation_Test -->
  <testcase classname="com.TestCases.AdminMyDetailsWorkAuthorizationPageTest" name="myDetails_WorkAuthorization_WorkAuthorizationOption_AddButton_Validation_Test" time="0.0">
    <skipped/>
  </testcase> <!-- myDetails_WorkAuthorization_WorkAuthorizationOption_AddButton_Validation_Test -->
  <testcase classname="com.TestCases.AdminMyDetailsWorkAuthorizationPageTest" name="myDetails_WorkAuthorization_WorkAuthorizationOption_AllFieldsDataWithSaveButton_Validation" time="0.0">
    <skipped/>
  </testcase> <!-- myDetails_WorkAuthorization_WorkAuthorizationOption_AllFieldsDataWithSaveButton_Validation -->
  <testcase classname="com.TestCases.AdminMyDetailsWorkAuthorizationPageTest" name="myDetails_WorkAuthorization_WorkAuthorizationOption_MandatoryFieldsDataWithSaveButton_Validation" time="0.0">
    <skipped/>
  </testcase> <!-- myDetails_WorkAuthorization_WorkAuthorizationOption_MandatoryFieldsDataWithSaveButton_Validation -->
  <testcase classname="com.TestCases.AdminMyDetailsWorkAuthorizationPageTest" name="myDetails_WorkAuthorization_WorkAuthorizationOption_AllFieldsDataWithCancelButton_Validation" time="0.0">
    <skipped/>
  </testcase> <!-- myDetails_WorkAuthorization_WorkAuthorizationOption_AllFieldsDataWithCancelButton_Validation -->
  <testcase classname="com.TestCases.AdminMyDetailsWorkAuthorizationPageTest" name="myDetails_WorkAuthorization_WorkAuthorizationOption_AllFieldsDataWithCloseButton_Validation" time="0.0">
    <skipped/>
  </testcase> <!-- myDetails_WorkAuthorization_WorkAuthorizationOption_AllFieldsDataWithCloseButton_Validation -->
  <testcase classname="com.TestCases.AdminMyDetailsWorkAuthorizationPageTest" name="myDetails_WorkAuthorization_PassportOption_LogOutBrowsingBack_Validation_Test" time="0.0">
    <skipped/>
  </testcase> <!-- myDetails_WorkAuthorization_PassportOption_LogOutBrowsingBack_Validation_Test -->
  <testcase classname="com.TestCases.AdminMyDetailsWorkAuthorizationPageTest" name="MyDetails_WorkAuthorization_PassportPresencesOfElements_Validation_Test" time="0.0">
    <skipped/>
  </testcase> <!-- MyDetails_WorkAuthorization_PassportPresencesOfElements_Validation_Test -->
  <testcase classname="com.TestCases.AdminMyDetailsWorkAuthorizationPageTest" name="myDetails_WorkAuthorization_PassportOption_AddButton_Validation_Test" time="0.0">
    <skipped/>
  </testcase> <!-- myDetails_WorkAuthorization_PassportOption_AddButton_Validation_Test -->
  <testcase classname="com.TestCases.AdminMyDetailsWorkAuthorizationPageTest" name="myDetails_WorkAuthorization_PassportOption_AddPassportDetailsPopUpHeading_Validation_Test" time="0.0">
    <skipped/>
  </testcase> <!-- myDetails_WorkAuthorization_PassportOption_AddPassportDetailsPopUpHeading_Validation_Test -->
  <testcase classname="com.TestCases.AdminMyDetailsWorkAuthorizationPageTest" name="myDetails_WorkAuthorization_PassportOption_AddPassportDetailsPopUp_AllFieldsDataSaveButton_Validation_Test" time="0.0">
    <skipped/>
  </testcase> <!-- myDetails_WorkAuthorization_PassportOption_AddPassportDetailsPopUp_AllFieldsDataSaveButton_Validation_Test -->
  <testcase classname="com.TestCases.AdminMyDetailsWorkAuthorizationPageTest" name="myDetails_WorkAuthorization_PassportOption_AddPassportDetailsPopUp_MandatoryFieldsDataSaveButton_Validation_Test" time="0.0">
    <skipped/>
  </testcase> <!-- myDetails_WorkAuthorization_PassportOption_AddPassportDetailsPopUp_MandatoryFieldsDataSaveButton_Validation_Test -->
  <testcase classname="com.TestCases.AdminMyDetailsWorkAuthorizationPageTest" name="myDetails_WorkAuthorization_PassportOption_AddPassportDetailsPopUp_AllFieldsDataCancelButton_Validation_Test" time="0.0">
    <skipped/>
  </testcase> <!-- myDetails_WorkAuthorization_PassportOption_AddPassportDetailsPopUp_AllFieldsDataCancelButton_Validation_Test -->
  <testcase classname="com.TestCases.AdminMyDetailsWorkAuthorizationPageTest" name="myDetails_WorkAuthorization_PassportOption_AddPassportDetailsPopUp_AllFieldsDataCloseButton_Validation_Test" time="0.0">
    <skipped/>
  </testcase> <!-- myDetails_WorkAuthorization_PassportOption_AddPassportDetailsPopUp_AllFieldsDataCloseButton_Validation_Test -->
  <testcase classname="com.TestCases.AdminMyDetailsWorkAuthorizationPageTest" name="myDetails_WorkAuthorization_I94Option_LogOutBrowsingBack_Validation_Test" time="0.0">
    <skipped/>
  </testcase> <!-- myDetails_WorkAuthorization_I94Option_LogOutBrowsingBack_Validation_Test -->
  <testcase classname="com.TestCases.AdminMyDetailsWorkAuthorizationPageTest" name="MyDetails_WorkAuthorization_I94PresencesOfElements_Validation_Test" time="0.0">
    <skipped/>
  </testcase> <!-- MyDetails_WorkAuthorization_I94PresencesOfElements_Validation_Test -->
  <testcase classname="com.TestCases.AdminMyDetailsWorkAuthorizationPageTest" name="myDetails_WorkAuthorization_I94AddButton_Validation_Test" time="0.0">
    <skipped/>
  </testcase> <!-- myDetails_WorkAuthorization_I94AddButton_Validation_Test -->
  <testcase classname="com.TestCases.AdminMyDetailsWorkAuthorizationPageTest" name="myDetails_WorkAuthorization_AddI94DetailsHeading_Validation_Test" time="0.0">
    <skipped/>
  </testcase> <!-- myDetails_WorkAuthorization_AddI94DetailsHeading_Validation_Test -->
  <testcase classname="com.TestCases.AdminMyDetailsWorkAuthorizationPageTest" name="myDetails_WorkAuthorization_AddI94DetailsElementsToBePresent_Validation_Test" time="0.0">
    <skipped/>
  </testcase> <!-- myDetails_WorkAuthorization_AddI94DetailsElementsToBePresent_Validation_Test -->
  <testcase classname="com.TestCases.AdminMyDetailsWorkAuthorizationPageTest" name="myDetails_WorkAuthorization_I94Option_AllFieldsDataWithSaveButton_Validation" time="0.0">
    <skipped/>
  </testcase> <!-- myDetails_WorkAuthorization_I94Option_AllFieldsDataWithSaveButton_Validation -->
  <testcase classname="com.TestCases.AdminMyDetailsWorkAuthorizationPageTest" name="myDetails_WorkAuthorization_I94Option_MandatoryFieldsDataWithSaveButton_Validation" time="0.0">
    <skipped/>
  </testcase> <!-- myDetails_WorkAuthorization_I94Option_MandatoryFieldsDataWithSaveButton_Validation -->
  <testcase classname="com.TestCases.AdminMyDetailsWorkAuthorizationPageTest" name="myDetails_WorkAuthorization_I94Option_AllFieldsDataWithCancelButton_Validation" time="0.0">
    <skipped/>
  </testcase> <!-- myDetails_WorkAuthorization_I94Option_AllFieldsDataWithCancelButton_Validation -->
  <testcase classname="com.TestCases.AdminMyDetailsWorkAuthorizationPageTest" name="myDetails_WorkAuthorization_I94Option_AllFieldsDataWithCloseButton_Validation" time="0.0">
    <skipped/>
  </testcase> <!-- myDetails_WorkAuthorization_I94Option_AllFieldsDataWithCloseButton_Validation -->
  <testcase classname="com.TestCases.EditCompanyPageTest" name="editCompanyPage_CurrentURL_Validation_Test" time="0.0">
    <skipped/>
  </testcase> <!-- editCompanyPage_CurrentURL_Validation_Test -->
  <testcase classname="com.TestCases.EditCompanyPageTest" name="editCompanyPage_Title_Validation_Test" time="0.0">
    <skipped/>
  </testcase> <!-- editCompanyPage_Title_Validation_Test -->
  <testcase classname="com.TestCases.EditCompanyPageTest" name="editCompanyPage_HeadingLabelText_Validation_Test" time="0.0">
    <skipped/>
  </testcase> <!-- editCompanyPage_HeadingLabelText_Validation_Test -->
  <testcase classname="com.TestCases.EditCompanyPageTest" name="editCompanyPage_SubHeadingLabelText_Validation_Test" time="0.0">
    <skipped/>
  </testcase> <!-- editCompanyPage_SubHeadingLabelText_Validation_Test -->
  <testcase classname="com.TestCases.EditCompanyPageTest" name="editCompanyPage_AllMandatoryFields_Validation_Test" time="0.0">
    <skipped/>
  </testcase> <!-- editCompanyPage_AllMandatoryFields_Validation_Test -->
  <testcase classname="com.TestCases.EditCompanyPageTest" name="editCompanyPage_AllFieldsCancel_Validation_Test" time="0.0">
    <skipped/>
  </testcase> <!-- editCompanyPage_AllFieldsCancel_Validation_Test -->
  <testcase classname="com.TestCases.EditCompanyPageTest" name="editCompanyPage_AllFields_Validation_Test" time="0.0">
    <skipped/>
  </testcase> <!-- editCompanyPage_AllFields_Validation_Test -->
  <testcase classname="com.TestCases.AdminMyDetailsContactPageTest" name="myDetails_ContactPage_CurrentUrl_Validation_Test" time="0.0">
    <skipped/>
  </testcase> <!-- myDetails_ContactPage_CurrentUrl_Validation_Test -->
  <testcase classname="com.TestCases.AdminMyDetailsContactPageTest" name="myDetails_ContactPage_Title_Validation_Test" time="0.0">
    <skipped/>
  </testcase> <!-- myDetails_ContactPage_Title_Validation_Test -->
  <testcase classname="com.TestCases.AdminMyDetailsContactPageTest" name="myDetails_ContactPage_AddressTableHeader_Validation_Test" time="0.0">
    <skipped/>
  </testcase> <!-- myDetails_ContactPage_AddressTableHeader_Validation_Test -->
  <testcase classname="com.TestCases.AdminMyDetailsContactPageTest" name="myDetails_ContactPage_AddressTableAddButton_Validation_Test" time="0.0">
    <skipped/>
  </testcase> <!-- myDetails_ContactPage_AddressTableAddButton_Validation_Test -->
  <testcase classname="com.TestCases.AdminMyDetailsContactPageTest" name="myDetails_ContactPage_AddPresentAddressPopUpHeading_Validation_Test" time="0.0">
    <skipped/>
  </testcase> <!-- myDetails_ContactPage_AddPresentAddressPopUpHeading_Validation_Test -->
  <testcase classname="com.TestCases.AdminMyDetailsContactPageTest" name="myDetails_ContactPage_LogOutBrowsingBack_Validation_Test" time="0.0">
    <skipped/>
  </testcase> <!-- myDetails_ContactPage_LogOutBrowsingBack_Validation_Test -->
  <testcase classname="com.TestCases.AdminMyDetailsContactPageTest" name="myDetails_ContactPage_AddPresentAddressWithAllFieldsData_Validation_Test" time="0.0">
    <skipped/>
  </testcase> <!-- myDetails_ContactPage_AddPresentAddressWithAllFieldsData_Validation_Test -->
  <testcase classname="com.TestCases.AdminMyDetailsContactPageTest" name="myDetails_ContactPage_AddPresentAddressWithMandatoryFieldsData_Validation_Test" time="0.0">
    <skipped/>
  </testcase> <!-- myDetails_ContactPage_AddPresentAddressWithMandatoryFieldsData_Validation_Test -->
  <testcase classname="com.TestCases.AdminMyDetailsContactPageTest" name="myDetails_ContactPage_AddPresentAddressWithCancelButton_Validation_Test" time="0.0">
    <skipped/>
  </testcase> <!-- myDetails_ContactPage_AddPresentAddressWithCancelButton_Validation_Test -->
  <testcase classname="com.TestCases.AdminMyDetailsContactPageTest" name="myDetails_ContactPage_AddPresentAddressWithCloseButton_Validation_Test" time="0.0">
    <skipped/>
  </testcase> <!-- myDetails_ContactPage_AddPresentAddressWithCloseButton_Validation_Test -->
  <testcase classname="com.TestCases.AdminMyDetailsContactPageTest" name="myDetails_ContactPage_EmergencyContactTableHeader_Validation_Test" time="0.0">
    <skipped/>
  </testcase> <!-- myDetails_ContactPage_EmergencyContactTableHeader_Validation_Test -->
  <testcase classname="com.TestCases.AdminMyDetailsContactPageTest" name="myDetails_ContactPage_EmergencyContactTableAddButton_Validation_Test" time="0.0">
    <skipped/>
  </testcase> <!-- myDetails_ContactPage_EmergencyContactTableAddButton_Validation_Test -->
  <testcase classname="com.TestCases.AdminMyDetailsContactPageTest" name="myDetails_ContactPage_AddEmergencyContactPopUpHeading_Validation_Test" time="0.0">
    <skipped/>
  </testcase> <!-- myDetails_ContactPage_AddEmergencyContactPopUpHeading_Validation_Test -->
  <testcase classname="com.TestCases.AdminMyDetailsContactPageTest" name="myDetails_ContactPage_AddEmergencyContactWithAllFieldsData_Validation_Test" time="0.0">
    <skipped/>
  </testcase> <!-- myDetails_ContactPage_AddEmergencyContactWithAllFieldsData_Validation_Test -->
  <testcase classname="com.TestCases.AdminMyDetailsContactPageTest" name="myDetails_ContactPage_AddEmergencyContactWithMandatoryFieldsData_Validation_Test" time="0.0">
    <skipped/>
  </testcase> <!-- myDetails_ContactPage_AddEmergencyContactWithMandatoryFieldsData_Validation_Test -->
  <testcase classname="com.TestCases.AdminMyDetailsContactPageTest" name="myDetails_ContactPage_AddEmergencyContactWithCancelButton_Validation_Test" time="0.0">
    <skipped/>
  </testcase> <!-- myDetails_ContactPage_AddEmergencyContactWithCancelButton_Validation_Test -->
  <testcase classname="com.TestCases.AdminMyDetailsContactPageTest" name="myDetails_ContactPage_AddEmergencyContactWithCloseButton_Validation_Test" time="0.0">
    <skipped/>
  </testcase> <!-- myDetails_ContactPage_AddEmergencyContactWithCloseButton_Validation_Test -->
  <testcase classname="com.TestCases.CompanyListPageTest" name="validating_companyListPage_CurrentUrl_Test" time="0.0">
    <skipped/>
  </testcase> <!-- validating_companyListPage_CurrentUrl_Test -->
  <testcase classname="com.TestCases.CompanyListPageTest" name="validating_companyListPage_Title_Test" time="0.0">
    <skipped/>
  </testcase> <!-- validating_companyListPage_Title_Test -->
  <testcase classname="com.TestCases.CompanyListPageTest" name="validating_companyListPage_HeadingLabelText_Test" time="0.0">
    <skipped/>
  </testcase> <!-- validating_companyListPage_HeadingLabelText_Test -->
  <testcase classname="com.TestCases.CompanyListPageTest" name="validating_companyListPage_SearchOption_Test" time="0.0">
    <skipped/>
  </testcase> <!-- validating_companyListPage_SearchOption_Test -->
  <testcase classname="com.TestCases.CompanyListPageTest" name="validating_companyListPage_AddCompanyButton_Test" time="0.0">
    <skipped/>
  </testcase> <!-- validating_companyListPage_AddCompanyButton_Test -->
  <testcase classname="com.TestCases.CompanyListPageTest" name="companyListPage_ValidatingLoggingOutBackButon_Test" time="0.0">
    <skipped/>
  </testcase> <!-- companyListPage_ValidatingLoggingOutBackButon_Test -->
  <testcase classname="com.TestCases.BusinessCategoriesPageTest" name="validating_CurrentUrl_Test" time="0.0">
    <skipped/>
  </testcase> <!-- validating_CurrentUrl_Test -->
  <testcase classname="com.TestCases.BusinessCategoriesPageTest" name="validating_Title_Test" time="0.0">
    <skipped/>
  </testcase> <!-- validating_Title_Test -->
  <testcase classname="com.TestCases.BusinessCategoriesPageTest" name="validating_HeadingLabelText_Test" time="0.0">
    <skipped/>
  </testcase> <!-- validating_HeadingLabelText_Test -->
  <testcase classname="com.TestCases.BusinessCategoriesPageTest" name="validating_SearchOption_Test" time="0.0">
    <skipped/>
  </testcase> <!-- validating_SearchOption_Test -->
  <testcase classname="com.TestCases.BusinessCategoriesPageTest" name="validating_AddCategoryButton_Test" time="0.0">
    <skipped/>
  </testcase> <!-- validating_AddCategoryButton_Test -->
  <testcase classname="com.TestCases.BusinessCategoriesPageTest" name="validating_AddCategoryHeadingLabelText_Test" time="0.0">
    <skipped/>
  </testcase> <!-- validating_AddCategoryHeadingLabelText_Test -->
  <testcase classname="com.TestCases.BusinessCategoriesPageTest" name="validating_SaveButtonWithDetails_Test" time="0.0">
    <skipped/>
  </testcase> <!-- validating_SaveButtonWithDetails_Test -->
  <testcase classname="com.TestCases.BusinessCategoriesPageTest" name="validating_CancelButtonWithDetails_Test" time="0.0">
    <skipped/>
  </testcase> <!-- validating_CancelButtonWithDetails_Test -->
  <testcase classname="com.TestCases.BusinessCategoriesPageTest" name="validating_CancelButtonWithOutDetails_Test" time="0.0">
    <skipped/>
  </testcase> <!-- validating_CancelButtonWithOutDetails_Test -->
  <testcase classname="com.TestCases.BusinessCategoriesPageTest" name="validating_CloseButtonWithDetails_Test" time="0.0">
    <skipped/>
  </testcase> <!-- validating_CloseButtonWithDetails_Test -->
  <testcase classname="com.TestCases.BusinessCategoriesPageTest" name="validating_CloseButtonWithOutDetails_Test" time="0.0">
    <skipped/>
  </testcase> <!-- validating_CloseButtonWithOutDetails_Test -->
  <testcase classname="com.TestCases.BusinessCategoriesPageTest" name="validating_ExistingCategoryName_Test" time="0.0">
    <skipped/>
  </testcase> <!-- validating_ExistingCategoryName_Test -->
  <testcase classname="com.TestCases.BusinessCategoriesPageTest" name="validating_DeletedCategoryName_Test" time="0.0">
    <skipped/>
  </testcase> <!-- validating_DeletedCategoryName_Test -->
  <testcase classname="com.TestCases.BusinessCategoriesPageTest" name="validating_EditCategoryPopUp_Test" time="0.0">
    <skipped/>
  </testcase> <!-- validating_EditCategoryPopUp_Test -->
  <testcase classname="com.TestCases.BusinessCategoriesPageTest" name="validating_EditCategoryHeadingLabelText_Test" time="0.0">
    <skipped/>
  </testcase> <!-- validating_EditCategoryHeadingLabelText_Test -->
  <testcase classname="com.TestCases.BusinessCategoriesPageTest" name="validating_EditCategoryPopUpSaveButtonWithDetails_Test" time="0.0">
    <skipped/>
  </testcase> <!-- validating_EditCategoryPopUpSaveButtonWithDetails_Test -->
  <testcase classname="com.TestCases.BusinessCategoriesPageTest" name="validating_EditCategoryPopUpCancelButtonWithDetails_Test" time="0.0">
    <skipped/>
  </testcase> <!-- validating_EditCategoryPopUpCancelButtonWithDetails_Test -->
  <testcase classname="com.TestCases.BusinessCategoriesPageTest" name="validating_EditCategoryPopUpCancelButtonWithOutDetails_Test" time="0.0">
    <skipped/>
  </testcase> <!-- validating_EditCategoryPopUpCancelButtonWithOutDetails_Test -->
  <testcase classname="com.TestCases.BusinessCategoriesPageTest" name="validating_EditCategoryPopUpCloseButtonWithDetails_Test" time="0.0">
    <skipped/>
  </testcase> <!-- validating_EditCategoryPopUpCloseButtonWithDetails_Test -->
  <testcase classname="com.TestCases.BusinessCategoriesPageTest" name="validating_EditCategoryPopUpCloseButtonWithOutDetails_Test" time="0.0">
    <skipped/>
  </testcase> <!-- validating_EditCategoryPopUpCloseButtonWithOutDetails_Test -->
  <testcase classname="com.TestCases.BusinessCategoriesPageTest" name="validating_EditCategoryPopUpExistingCategoryName_Test" time="0.0">
    <skipped/>
  </testcase> <!-- validating_EditCategoryPopUpExistingCategoryName_Test -->
  <testcase classname="com.TestCases.BusinessCategoriesPageTest" name="validating_EditCategoryPopUpDeletedCategoryName_Test" time="0.0">
    <skipped/>
  </testcase> <!-- validating_EditCategoryPopUpDeletedCategoryName_Test -->
  <testcase classname="com.TestCases.BusinessCategoriesPageTest" name="validating_DeletePopUp_Validation_Test" time="0.0">
    <skipped/>
  </testcase> <!-- validating_DeletePopUp_Validation_Test -->
  <testcase classname="com.TestCases.BusinessCategoriesPageTest" name="validating_DeletePopUp_CancelButton_Validation_Test" time="0.0">
    <skipped/>
  </testcase> <!-- validating_DeletePopUp_CancelButton_Validation_Test -->
  <testcase classname="com.TestCases.BusinessCategoriesPageTest" name="validating_DeletePopUp_SaveButton_Validation_Test" time="0.0">
    <skipped/>
  </testcase> <!-- validating_DeletePopUp_SaveButton_Validation_Test -->
  <testcase classname="com.TestCases.BusinessCategoriesPageTest" name="businessCategoryPage_ValidatingBrowserBackButton_Test" time="0.0">
    <skipped/>
  </testcase> <!-- businessCategoryPage_ValidatingBrowserBackButton_Test -->
  <testcase classname="com.TestCases.BusinessCategoriesPageTest" name="businessCategoryPage_ValidatingLoggingOutBackButon_Test" time="0.0">
    <skipped/>
  </testcase> <!-- businessCategoryPage_ValidatingLoggingOutBackButon_Test -->
  <testcase classname="com.Base.Base" name="@BeforeSuite extentReportsInititation" time="0.0">
    <ignored/>
  </testcase> <!-- @BeforeSuite extentReportsInititation -->
  <testcase classname="com.Base.Base" name="@BeforeSuite extentReportsInititation" time="0.0">
    <ignored/>
  </testcase> <!-- @BeforeSuite extentReportsInititation -->
  <testcase classname="com.Base.Base" name="@BeforeSuite extentReportsInititation" time="0.0">
    <ignored/>
  </testcase> <!-- @BeforeSuite extentReportsInititation -->
  <testcase classname="com.Base.Base" name="@BeforeSuite extentReportsInititation" time="0.0">
    <ignored/>
  </testcase> <!-- @BeforeSuite extentReportsInititation -->
  <testcase classname="com.Base.Base" name="@BeforeSuite extentReportsInititation" time="0.0">
    <ignored/>
  </testcase> <!-- @BeforeSuite extentReportsInititation -->
  <testcase classname="com.TestCases.AdminMyDetailsContactPageTest" name="test" time="0.0">
    <ignored/>
  </testcase> <!-- test -->
  <testcase classname="com.Base.Base" name="@BeforeSuite extentReportsInititation" time="0.0">
    <ignored/>
  </testcase> <!-- @BeforeSuite extentReportsInititation -->
  <testcase classname="com.Base.Base" name="@BeforeSuite extentReportsInititation" time="0.0">
    <ignored/>
  </testcase> <!-- @BeforeSuite extentReportsInititation -->
  <testcase classname="com.Base.Base" name="@BeforeSuite extentReportsInititation" time="0.0">
    <ignored/>
  </testcase> <!-- @BeforeSuite extentReportsInititation -->
  <testcase classname="com.Base.Base" name="@BeforeSuite extentReportsInititation" time="0.0">
    <ignored/>
  </testcase> <!-- @BeforeSuite extentReportsInititation -->
  <testcase classname="com.Base.Base" name="@BeforeSuite extentReportsInititation" time="0.0">
    <ignored/>
  </testcase> <!-- @BeforeSuite extentReportsInititation -->
  <testcase classname="com.Base.Base" name="@BeforeSuite extentReportsInititation" time="0.0">
    <ignored/>
  </testcase> <!-- @BeforeSuite extentReportsInititation -->
  <testcase classname="com.Base.Base" name="@BeforeSuite extentReportsInititation" time="0.0">
    <ignored/>
  </testcase> <!-- @BeforeSuite extentReportsInititation -->
  <testcase classname="com.Base.Base" name="@BeforeSuite extentReportsInititation" time="0.0">
    <ignored/>
  </testcase> <!-- @BeforeSuite extentReportsInititation -->
</testsuite> <!-- Test -->
